{
"contracts/controllers/GenericController.sol":{"l":{"22":15,"24":15,"39":0,"40":0,"44":0,"53":1,"57":1,"62":15,"63":15,"64":15,"66":15,"67":15},"path":"/home/peter/Documents/Bodhi/asset_management_solidity_v1/contracts/controllers/GenericController.sol","s":{"1":15,"2":15,"3":0,"4":0,"5":0,"6":1,"7":1,"8":15,"9":15,"10":15,"11":15},"b":{"1":[15,0]},"f":{"1":15,"2":0,"3":1,"4":15},"fnMap":{"1":{"name":"initiateRebalance","line":21,"loc":{"start":{"line":16,"column":4},"end":{"line":30,"column":4}}},"2":{"name":"executeWithCallback","line":36,"loc":{"start":{"line":33,"column":4},"end":{"line":45,"column":4}}},"3":{"name":"execute","line":50,"loc":{"start":{"line":47,"column":4},"end":{"line":58,"column":4}}},"4":{"name":"rebalance","line":61,"loc":{"start":{"line":61,"column":0},"end":{"line":68,"column":4}}}},"statementMap":{"1":{"start":{"line":22,"column":8},"end":{"line":22,"column":25}},"2":{"start":{"line":24,"column":8},"end":{"line":24,"column":856}},"3":{"start":{"line":39,"column":8},"end":{"line":39,"column":23}},"4":{"start":{"line":40,"column":8},"end":{"line":40,"column":1292}},"5":{"start":{"line":44,"column":8},"end":{"line":44,"column":21}},"6":{"start":{"line":53,"column":8},"end":{"line":53,"column":1576}},"7":{"start":{"line":57,"column":8},"end":{"line":57,"column":21}},"8":{"start":{"line":62,"column":8},"end":{"line":62,"column":59}},"9":{"start":{"line":63,"column":8},"end":{"line":63,"column":65}},"10":{"start":{"line":64,"column":8},"end":{"line":64,"column":58}},"11":{"start":{"line":67,"column":8},"end":{"line":67,"column":21}}},"branchMap":{"1":{"line":62,"type":"if","locations":[{"start":{"line":62,"column":8},"end":{"line":62,"column":8}},{"start":{"line":62,"column":8},"end":{"line":62,"column":8}}]}}},
"contracts/controllers/LoopController.sol":{"l":{"19":9,"20":9,"26":1,"28":1,"29":1,"31":1,"32":14,"33":14,"34":14,"42":1,"43":1,"44":14,"45":14,"46":14,"54":1,"55":0,"56":0,"57":0,"67":14,"69":14,"70":14,"71":1,"79":1,"92":14,"104":1,"118":13,"120":13,"122":13,"123":12,"125":12},"path":"/home/peter/Documents/Bodhi/asset_management_solidity_v1/contracts/controllers/LoopController.sol","s":{"1":9,"2":9,"3":1,"4":1,"5":1,"6":1,"7":14,"8":14,"9":14,"10":1,"11":1,"12":14,"13":14,"14":14,"15":1,"16":0,"17":0,"18":0,"19":14,"20":14,"21":14,"22":1,"23":1,"24":14,"25":1,"26":13,"27":13,"28":13,"29":12,"30":12},"b":{"1":[14,0],"2":[14,0],"3":[0,1],"4":[0,0],"5":[1,13],"6":[1,0],"7":[1,13],"8":[1,0],"9":[12,1],"10":[12,0]},"f":{"1":9,"2":1,"3":14,"4":14},"fnMap":{"1":{"name":"constructor","line":18,"loc":{"start":{"line":18,"column":4},"end":{"line":21,"column":4}}},"2":{"name":"rebalance","line":23,"loc":{"start":{"line":23,"column":4},"end":{"line":60,"column":4}}},"3":{"name":"_sellToken","line":62,"loc":{"start":{"line":62,"column":4},"end":{"line":84,"column":4}}},"4":{"name":"_buyToken","line":86,"loc":{"start":{"line":86,"column":4},"end":{"line":140,"column":4}}}},"statementMap":{"1":{"start":{"line":19,"column":8},"end":{"line":19,"column":25}},"2":{"start":{"line":20,"column":8},"end":{"line":20,"column":41}},"3":{"start":{"line":26,"column":8},"end":{"line":26,"column":820}},"4":{"start":{"line":28,"column":8},"end":{"line":28,"column":77}},"5":{"start":{"line":29,"column":8},"end":{"line":29,"column":83}},"6":{"start":{"line":31,"column":8},"end":{"line":31,"column":1092}},"7":{"start":{"line":32,"column":12},"end":{"line":32,"column":44}},"8":{"start":{"line":33,"column":12},"end":{"line":33,"column":1200}},"9":{"start":{"line":34,"column":16},"end":{"line":34,"column":1248}},"10":{"start":{"line":42,"column":8},"end":{"line":42,"column":57}},"11":{"start":{"line":43,"column":8},"end":{"line":43,"column":1477}},"12":{"start":{"line":44,"column":12},"end":{"line":44,"column":44}},"13":{"start":{"line":45,"column":12},"end":{"line":45,"column":1585}},"14":{"start":{"line":46,"column":16},"end":{"line":46,"column":1633}},"15":{"start":{"line":54,"column":8},"end":{"line":54,"column":1889}},"16":{"start":{"line":55,"column":12},"end":{"line":55,"column":67}},"17":{"start":{"line":56,"column":12},"end":{"line":56,"column":1997}},"18":{"start":{"line":57,"column":16},"end":{"line":57,"column":57}},"19":{"start":{"line":67,"column":8},"end":{"line":67,"column":2312}},"20":{"start":{"line":69,"column":8},"end":{"line":69,"column":118}},"21":{"start":{"line":70,"column":8},"end":{"line":70,"column":2474}},"22":{"start":{"line":71,"column":12},"end":{"line":71,"column":2571}},"23":{"start":{"line":79,"column":12},"end":{"line":79,"column":2981}},"24":{"start":{"line":92,"column":8},"end":{"line":92,"column":3350}},"25":{"start":{"line":104,"column":12},"end":{"line":104,"column":3667}},"26":{"start":{"line":118,"column":12},"end":{"line":118,"column":4180}},"27":{"start":{"line":120,"column":12},"end":{"line":120,"column":4319}},"28":{"start":{"line":122,"column":12},"end":{"line":122,"column":4370}},"29":{"start":{"line":123,"column":16},"end":{"line":123,"column":86}},"30":{"start":{"line":125,"column":16},"end":{"line":125,"column":4637}}},"branchMap":{"1":{"line":33,"type":"if","locations":[{"start":{"line":33,"column":12},"end":{"line":33,"column":12}},{"start":{"line":33,"column":12},"end":{"line":33,"column":12}}]},"2":{"line":45,"type":"if","locations":[{"start":{"line":45,"column":12},"end":{"line":45,"column":12}},{"start":{"line":45,"column":12},"end":{"line":45,"column":12}}]},"3":{"line":54,"type":"if","locations":[{"start":{"line":54,"column":8},"end":{"line":54,"column":8}},{"start":{"line":54,"column":8},"end":{"line":54,"column":8}}]},"4":{"line":56,"type":"if","locations":[{"start":{"line":56,"column":12},"end":{"line":56,"column":12}},{"start":{"line":56,"column":12},"end":{"line":56,"column":12}}]},"5":{"line":70,"type":"if","locations":[{"start":{"line":70,"column":8},"end":{"line":70,"column":8}},{"start":{"line":70,"column":8},"end":{"line":70,"column":8}}]},"6":{"line":79,"type":"if","locations":[{"start":{"line":79,"column":12},"end":{"line":79,"column":12}},{"start":{"line":79,"column":12},"end":{"line":79,"column":12}}]},"7":{"line":92,"type":"if","locations":[{"start":{"line":92,"column":8},"end":{"line":92,"column":8}},{"start":{"line":92,"column":8},"end":{"line":92,"column":8}}]},"8":{"line":104,"type":"if","locations":[{"start":{"line":104,"column":12},"end":{"line":104,"column":12}},{"start":{"line":104,"column":12},"end":{"line":104,"column":12}}]},"9":{"line":122,"type":"if","locations":[{"start":{"line":122,"column":12},"end":{"line":122,"column":12}},{"start":{"line":122,"column":12},"end":{"line":122,"column":12}}]},"10":{"line":125,"type":"if","locations":[{"start":{"line":125,"column":16},"end":{"line":125,"column":16}},{"start":{"line":125,"column":16},"end":{"line":125,"column":16}}]}}},
"contracts/controllers/PortfolioController.sol":{"l":{"19":15,"61":1,"63":14,"64":14,"65":14,"66":0,"67":0,"68":0,"70":14,"103":3,"107":3,"108":3,"109":3,"110":31,"111":31,"112":31,"114":0,"116":0,"134":31,"147":3,"148":3,"161":28,"162":28,"173":28,"174":28,"180":14},"path":"/home/peter/Documents/Bodhi/asset_management_solidity_v1/contracts/controllers/PortfolioController.sol","s":{"1":15,"2":1,"3":14,"4":14,"5":14,"6":0,"7":0,"8":0,"9":14,"10":3,"11":3,"12":3,"13":3,"14":31,"15":31,"16":31,"17":0,"18":0,"19":31,"20":3,"21":3,"22":28,"23":28,"24":28},"b":{"1":[0,14],"2":[14,0],"3":[3,0],"4":[3,0],"5":[0,31],"6":[3,0]},"f":{"1":15,"2":1,"3":3,"4":28},"fnMap":{"1":{"name":"constructor","line":18,"loc":{"start":{"line":18,"column":4},"end":{"line":20,"column":4}}},"2":{"name":"sellTokens","line":60,"loc":{"start":{"line":60,"column":4},"end":{"line":100,"column":4}}},"3":{"name":"buyTokens","line":102,"loc":{"start":{"line":102,"column":4},"end":{"line":149,"column":4}}},"4":{"name":"_delegateSwap","line":151,"loc":{"start":{"line":151,"column":4},"end":{"line":177,"column":4}}}},"statementMap":{"1":{"start":{"line":19,"column":8},"end":{"line":19,"column":19}},"2":{"start":{"line":61,"column":8},"end":{"line":61,"column":2466}},"3":{"start":{"line":63,"column":12},"end":{"line":63,"column":44}},"4":{"start":{"line":64,"column":12},"end":{"line":64,"column":71}},"5":{"start":{"line":65,"column":12},"end":{"line":65,"column":2687}},"6":{"start":{"line":66,"column":16},"end":{"line":66,"column":83}},"7":{"start":{"line":67,"column":16},"end":{"line":67,"column":43}},"8":{"start":{"line":68,"column":16},"end":{"line":68,"column":42}},"9":{"start":{"line":70,"column":16},"end":{"line":70,"column":2933}},"10":{"start":{"line":103,"column":8},"end":{"line":103,"column":3988}},"11":{"start":{"line":107,"column":8},"end":{"line":107,"column":103}},"12":{"start":{"line":108,"column":8},"end":{"line":108,"column":61}},"13":{"start":{"line":109,"column":8},"end":{"line":109,"column":4279}},"14":{"start":{"line":110,"column":12},"end":{"line":110,"column":44}},"15":{"start":{"line":111,"column":12},"end":{"line":111,"column":153}},"16":{"start":{"line":112,"column":12},"end":{"line":112,"column":4566}},"17":{"start":{"line":114,"column":16},"end":{"line":114,"column":51}},"18":{"start":{"line":116,"column":16},"end":{"line":116,"column":56}},"19":{"start":{"line":134,"column":16},"end":{"line":134,"column":5359}},"20":{"start":{"line":147,"column":8},"end":{"line":147,"column":60}},"21":{"start":{"line":148,"column":8},"end":{"line":148,"column":98}},"22":{"start":{"line":161,"column":8},"end":{"line":161,"column":68}},"23":{"start":{"line":162,"column":8},"end":{"line":162,"column":6228}},"24":{"start":{"line":173,"column":8},"end":{"line":173,"column":33}}},"branchMap":{"1":{"line":65,"type":"if","locations":[{"start":{"line":65,"column":12},"end":{"line":65,"column":12}},{"start":{"line":65,"column":12},"end":{"line":65,"column":12}}]},"2":{"line":70,"type":"if","locations":[{"start":{"line":70,"column":16},"end":{"line":70,"column":16}},{"start":{"line":70,"column":16},"end":{"line":70,"column":16}}]},"3":{"line":103,"type":"if","locations":[{"start":{"line":103,"column":8},"end":{"line":103,"column":8}},{"start":{"line":103,"column":8},"end":{"line":103,"column":8}}]},"4":{"line":107,"type":"if","locations":[{"start":{"line":107,"column":8},"end":{"line":107,"column":8}},{"start":{"line":107,"column":8},"end":{"line":107,"column":8}}]},"5":{"line":112,"type":"if","locations":[{"start":{"line":112,"column":12},"end":{"line":112,"column":12}},{"start":{"line":112,"column":12},"end":{"line":112,"column":12}}]},"6":{"line":148,"type":"if","locations":[{"start":{"line":148,"column":8},"end":{"line":148,"column":8}},{"start":{"line":148,"column":8},"end":{"line":148,"column":8}}]}}},
"contracts/controllers/UniswapFlashController.sol":{"l":{"22":6,"23":6,"29":0,"33":0,"34":0,"36":0,"37":0,"38":0,"39":0,"41":0,"42":0,"43":0,"44":0,"45":0,"49":0,"51":0,"52":0,"62":0,"63":0,"65":0,"66":0,"67":0,"68":0,"69":0,"70":0,"71":0,"72":0,"73":0,"74":0,"76":0,"79":0,"80":0,"81":0,"83":0,"86":0,"87":0,"90":0,"91":0,"93":0,"94":0,"95":0,"96":0,"97":0,"104":0,"113":0,"114":0,"122":0,"123":0,"124":0,"125":0,"126":0,"132":0,"133":0,"134":0,"145":0,"146":0,"147":0,"155":0,"160":0,"161":0,"162":0,"164":0,"165":0,"166":0,"178":0,"179":0,"181":0,"182":0,"183":0,"184":0,"185":0,"186":0,"188":0,"190":0,"191":0,"192":0,"195":0,"197":0,"198":0,"199":0,"200":0,"201":0,"202":0,"208":0,"210":0,"211":0,"212":0,"213":0,"214":0,"217":0,"220":0,"221":0,"222":0,"224":0,"225":0,"229":0,"231":0,"240":0,"241":0,"242":0,"244":0},"path":"/home/peter/Documents/Bodhi/asset_management_solidity_v1/contracts/controllers/UniswapFlashController.sol","s":{"1":6,"2":6,"3":0,"4":0,"5":0,"6":0,"7":0,"8":0,"9":0,"10":0,"11":0,"12":0,"13":0,"14":0,"15":0,"16":0,"17":0,"18":0,"19":0,"20":0,"21":0,"22":0,"23":0,"24":0,"25":0,"26":0,"27":0,"28":0,"29":0,"30":0,"31":0,"32":0,"33":0,"34":0,"35":0,"36":0,"37":0,"38":0,"39":0,"40":0,"41":0,"42":0,"43":0,"44":0,"45":0,"46":0,"47":0,"48":0,"49":0,"50":0,"51":0,"52":0,"53":0,"54":0,"55":0,"56":0,"57":0,"58":0,"59":0,"60":0,"61":0,"62":0,"63":0,"64":0,"65":0,"66":0,"67":0,"68":0,"69":0,"70":0,"71":0,"72":0,"73":0,"74":0,"75":0,"76":0,"77":0,"78":0,"79":0,"80":0,"81":0,"82":0,"83":0,"84":0,"85":0,"86":0,"87":0,"88":0,"89":0,"90":0,"91":0,"92":0,"93":0,"94":0,"95":0,"96":0},"b":{"1":[0,0],"2":[0,0],"3":[0,0],"4":[0,0],"5":[0,0],"6":[0,0],"7":[0,0],"8":[0,0],"9":[0,0],"10":[0,0],"11":[0,0],"12":[0,0],"13":[0,0],"14":[0,0],"15":[0,0],"16":[0,0]},"f":{"1":6,"2":0,"3":0,"4":0,"5":0,"6":0,"7":0},"fnMap":{"1":{"name":"constructor","line":21,"loc":{"start":{"line":21,"column":4},"end":{"line":24,"column":4}}},"2":{"name":"rebalance","line":26,"loc":{"start":{"line":26,"column":4},"end":{"line":54,"column":4}}},"3":{"name":"uniswapV2Call","line":56,"loc":{"start":{"line":56,"column":4},"end":{"line":129,"column":4}}},"4":{"name":"_pairSwap","line":131,"loc":{"start":{"line":131,"column":4},"end":{"line":137,"column":4}}},"5":{"name":"_rebalanceToken","line":139,"loc":{"start":{"line":139,"column":4},"end":{"line":168,"column":4}}},"6":{"name":"_settleFlashPair","line":170,"loc":{"start":{"line":170,"column":4},"end":{"line":232,"column":4}}},"7":{"name":"_getDiffValue","line":234,"loc":{"start":{"line":234,"column":4},"end":{"line":246,"column":4}}}},"statementMap":{"1":{"start":{"line":22,"column":8},"end":{"line":22,"column":25}},"2":{"start":{"line":23,"column":8},"end":{"line":23,"column":41}},"3":{"start":{"line":29,"column":8},"end":{"line":29,"column":1012}},"4":{"start":{"line":33,"column":8},"end":{"line":33,"column":56}},"5":{"start":{"line":34,"column":8},"end":{"line":34,"column":30}},"6":{"start":{"line":36,"column":8},"end":{"line":36,"column":74}},"7":{"start":{"line":37,"column":8},"end":{"line":37,"column":66}},"8":{"start":{"line":39,"column":12},"end":{"line":39,"column":1605}},"9":{"start":{"line":41,"column":12},"end":{"line":41,"column":126}},"10":{"start":{"line":42,"column":12},"end":{"line":42,"column":1787}},"11":{"start":{"line":43,"column":16},"end":{"line":43,"column":92}},"12":{"start":{"line":44,"column":16},"end":{"line":44,"column":67}},"13":{"start":{"line":45,"column":16},"end":{"line":45,"column":48}},"14":{"start":{"line":49,"column":8},"end":{"line":49,"column":107}},"15":{"start":{"line":51,"column":8},"end":{"line":51,"column":2299}},"16":{"start":{"line":52,"column":12},"end":{"line":52,"column":130}},"17":{"start":{"line":62,"column":8},"end":{"line":62,"column":38}},"18":{"start":{"line":63,"column":8},"end":{"line":63,"column":2824}},"19":{"start":{"line":65,"column":8},"end":{"line":65,"column":21}},"20":{"start":{"line":66,"column":8},"end":{"line":66,"column":21}},"21":{"start":{"line":67,"column":8},"end":{"line":67,"column":60}},"22":{"start":{"line":68,"column":8},"end":{"line":68,"column":60}},"23":{"start":{"line":70,"column":12},"end":{"line":70,"column":82}},"24":{"start":{"line":71,"column":12},"end":{"line":71,"column":3186}},"25":{"start":{"line":72,"column":16},"end":{"line":72,"column":3237}},"26":{"start":{"line":73,"column":20},"end":{"line":73,"column":103}},"27":{"start":{"line":74,"column":20},"end":{"line":74,"column":62}},"28":{"start":{"line":76,"column":20},"end":{"line":76,"column":34}},"29":{"start":{"line":79,"column":16},"end":{"line":79,"column":3544}},"30":{"start":{"line":80,"column":20},"end":{"line":80,"column":103}},"31":{"start":{"line":81,"column":20},"end":{"line":81,"column":62}},"32":{"start":{"line":83,"column":20},"end":{"line":83,"column":34}},"33":{"start":{"line":86,"column":12},"end":{"line":86,"column":24}},"34":{"start":{"line":87,"column":12},"end":{"line":87,"column":46}},"35":{"start":{"line":91,"column":12},"end":{"line":91,"column":3998}},"36":{"start":{"line":93,"column":12},"end":{"line":93,"column":80}},"37":{"start":{"line":94,"column":12},"end":{"line":94,"column":61}},"38":{"start":{"line":95,"column":12},"end":{"line":95,"column":4228}},"39":{"start":{"line":96,"column":16},"end":{"line":96,"column":4294}},"40":{"start":{"line":97,"column":20},"end":{"line":97,"column":4368}},"41":{"start":{"line":104,"column":20},"end":{"line":104,"column":4592}},"42":{"start":{"line":114,"column":12},"end":{"line":114,"column":4866}},"43":{"start":{"line":122,"column":12},"end":{"line":122,"column":43}},"44":{"start":{"line":123,"column":12},"end":{"line":123,"column":56}},"45":{"start":{"line":124,"column":12},"end":{"line":124,"column":72}},"46":{"start":{"line":125,"column":12},"end":{"line":125,"column":5255}},"47":{"start":{"line":126,"column":16},"end":{"line":126,"column":58}},"48":{"start":{"line":132,"column":8},"end":{"line":132,"column":71}},"49":{"start":{"line":133,"column":8},"end":{"line":133,"column":111}},"50":{"start":{"line":134,"column":8},"end":{"line":134,"column":5707}},"51":{"start":{"line":145,"column":8},"end":{"line":145,"column":109}},"52":{"start":{"line":146,"column":8},"end":{"line":146,"column":136}},"53":{"start":{"line":147,"column":8},"end":{"line":147,"column":6264}},"54":{"start":{"line":155,"column":12},"end":{"line":155,"column":6575}},"55":{"start":{"line":160,"column":12},"end":{"line":160,"column":83}},"56":{"start":{"line":161,"column":12},"end":{"line":161,"column":62}},"57":{"start":{"line":162,"column":12},"end":{"line":162,"column":109}},"58":{"start":{"line":164,"column":8},"end":{"line":164,"column":7001}},"59":{"start":{"line":165,"column":12},"end":{"line":165,"column":60}},"60":{"start":{"line":166,"column":12},"end":{"line":166,"column":134}},"61":{"start":{"line":178,"column":8},"end":{"line":178,"column":66}},"62":{"start":{"line":179,"column":8},"end":{"line":179,"column":7576}},"63":{"start":{"line":181,"column":12},"end":{"line":181,"column":72}},"64":{"start":{"line":182,"column":12},"end":{"line":182,"column":109}},"65":{"start":{"line":183,"column":12},"end":{"line":183,"column":7868}},"66":{"start":{"line":184,"column":16},"end":{"line":184,"column":70}},"67":{"start":{"line":185,"column":16},"end":{"line":185,"column":86}},"68":{"start":{"line":186,"column":16},"end":{"line":186,"column":55}},"69":{"start":{"line":188,"column":16},"end":{"line":188,"column":69}},"70":{"start":{"line":190,"column":16},"end":{"line":190,"column":47}},"71":{"start":{"line":191,"column":16},"end":{"line":191,"column":85}},"72":{"start":{"line":192,"column":16},"end":{"line":192,"column":54}},"73":{"start":{"line":195,"column":8},"end":{"line":195,"column":67}},"74":{"start":{"line":197,"column":8},"end":{"line":197,"column":114}},"75":{"start":{"line":198,"column":8},"end":{"line":198,"column":115}},"76":{"start":{"line":199,"column":8},"end":{"line":199,"column":8864}},"77":{"start":{"line":200,"column":12},"end":{"line":200,"column":24}},"78":{"start":{"line":202,"column":16},"end":{"line":202,"column":8966}},"79":{"start":{"line":208,"column":12},"end":{"line":208,"column":9174}},"80":{"start":{"line":210,"column":16},"end":{"line":210,"column":49}},"81":{"start":{"line":211,"column":16},"end":{"line":211,"column":102}},"82":{"start":{"line":212,"column":16},"end":{"line":212,"column":9481}},"83":{"start":{"line":213,"column":20},"end":{"line":213,"column":57}},"84":{"start":{"line":214,"column":20},"end":{"line":214,"column":81}},"85":{"start":{"line":217,"column":16},"end":{"line":217,"column":64}},"86":{"start":{"line":220,"column":16},"end":{"line":220,"column":57}},"87":{"start":{"line":221,"column":16},"end":{"line":221,"column":10025}},"88":{"start":{"line":222,"column":18},"end":{"line":222,"column":87}},"89":{"start":{"line":224,"column":16},"end":{"line":224,"column":77}},"90":{"start":{"line":225,"column":16},"end":{"line":225,"column":32}},"91":{"start":{"line":229,"column":12},"end":{"line":229,"column":38}},"92":{"start":{"line":231,"column":8},"end":{"line":231,"column":16}},"93":{"start":{"line":240,"column":8},"end":{"line":240,"column":109}},"94":{"start":{"line":241,"column":8},"end":{"line":241,"column":10749}},"95":{"start":{"line":242,"column":12},"end":{"line":242,"column":52}},"96":{"start":{"line":244,"column":12},"end":{"line":244,"column":20}}},"branchMap":{"1":{"line":42,"type":"if","locations":[{"start":{"line":42,"column":12},"end":{"line":42,"column":12}},{"start":{"line":42,"column":12},"end":{"line":42,"column":12}}]},"2":{"line":51,"type":"if","locations":[{"start":{"line":51,"column":8},"end":{"line":51,"column":8}},{"start":{"line":51,"column":8},"end":{"line":51,"column":8}}]},"3":{"line":71,"type":"if","locations":[{"start":{"line":71,"column":12},"end":{"line":71,"column":12}},{"start":{"line":71,"column":12},"end":{"line":71,"column":12}}]},"4":{"line":72,"type":"if","locations":[{"start":{"line":72,"column":16},"end":{"line":72,"column":16}},{"start":{"line":72,"column":16},"end":{"line":72,"column":16}}]},"5":{"line":79,"type":"if","locations":[{"start":{"line":79,"column":16},"end":{"line":79,"column":16}},{"start":{"line":79,"column":16},"end":{"line":79,"column":16}}]},"6":{"line":96,"type":"if","locations":[{"start":{"line":96,"column":16},"end":{"line":96,"column":16}},{"start":{"line":96,"column":16},"end":{"line":96,"column":16}}]},"7":{"line":125,"type":"if","locations":[{"start":{"line":125,"column":12},"end":{"line":125,"column":12}},{"start":{"line":125,"column":12},"end":{"line":125,"column":12}}]},"8":{"line":147,"type":"if","locations":[{"start":{"line":147,"column":8},"end":{"line":147,"column":8}},{"start":{"line":147,"column":8},"end":{"line":147,"column":8}}]},"9":{"line":164,"type":"if","locations":[{"start":{"line":164,"column":8},"end":{"line":164,"column":8}},{"start":{"line":164,"column":8},"end":{"line":164,"column":8}}]},"10":{"line":179,"type":"if","locations":[{"start":{"line":179,"column":8},"end":{"line":179,"column":8}},{"start":{"line":179,"column":8},"end":{"line":179,"column":8}}]},"11":{"line":183,"type":"if","locations":[{"start":{"line":183,"column":12},"end":{"line":183,"column":12}},{"start":{"line":183,"column":12},"end":{"line":183,"column":12}}]},"12":{"line":199,"type":"if","locations":[{"start":{"line":199,"column":8},"end":{"line":199,"column":8}},{"start":{"line":199,"column":8},"end":{"line":199,"column":8}}]},"13":{"line":208,"type":"if","locations":[{"start":{"line":208,"column":12},"end":{"line":208,"column":12}},{"start":{"line":208,"column":12},"end":{"line":208,"column":12}}]},"14":{"line":212,"type":"if","locations":[{"start":{"line":212,"column":16},"end":{"line":212,"column":16}},{"start":{"line":212,"column":16},"end":{"line":212,"column":16}}]},"15":{"line":221,"type":"if","locations":[{"start":{"line":221,"column":16},"end":{"line":221,"column":16}},{"start":{"line":221,"column":16},"end":{"line":221,"column":16}}]},"16":{"line":241,"type":"if","locations":[{"start":{"line":241,"column":8},"end":{"line":241,"column":8}},{"start":{"line":241,"column":8},"end":{"line":241,"column":8}}]}}},
"contracts/FlashPortfolio.sol":{"l":{"32":3,"33":3,"34":3,"48":15,"49":0,"59":15,"62":15,"63":15,"69":15,"72":15,"74":15,"75":15,"77":15,"92":15,"93":0,"94":0,"95":0,"96":0,"99":15,"100":15,"101":15,"102":14,"104":1,"105":1,"106":1,"116":4,"120":2,"124":2,"132":0,"136":0,"137":0,"138":0,"143":0,"147":2,"151":2,"152":2,"153":28,"155":2,"159":0,"163":0,"167":2,"171":2,"175":4,"183":3,"184":3,"185":42,"192":15,"194":2,"195":0},"path":"/home/peter/Documents/Bodhi/asset_management_solidity_v1/contracts/FlashPortfolio.sol","s":{"1":3,"2":3,"3":3,"4":15,"5":0,"6":15,"7":15,"8":15,"9":15,"10":15,"11":15,"12":15,"13":15,"14":15,"15":0,"16":0,"17":0,"18":0,"19":15,"20":15,"21":15,"22":14,"23":1,"24":1,"25":1,"26":4,"27":2,"28":2,"29":0,"30":0,"31":0,"32":0,"33":0,"34":2,"35":2,"36":2,"37":28,"38":2,"39":0,"40":0,"41":2,"42":2,"43":4,"44":3,"45":3,"46":42,"47":2,"48":0},"b":{"1":[0,0],"2":[15,0],"3":[2,13],"4":[0,15],"5":[15,0],"6":[14,1],"7":[0,0]},"f":{"1":3,"2":15,"3":15,"4":4,"5":2,"6":0,"7":2,"8":0,"9":2,"10":4,"11":3,"12":15},"fnMap":{"1":{"name":"constructor","line":29,"loc":{"start":{"line":25,"column":4},"end":{"line":35,"column":4}}},"2":{"name":"rebalance","line":46,"loc":{"start":{"line":41,"column":4},"end":{"line":82,"column":4}}},"3":{"name":"settlePortfolioTokens","line":86,"loc":{"start":{"line":86,"column":4},"end":{"line":108,"column":4}}},"4":{"name":"getTokenPercentages","line":111,"loc":{"start":{"line":111,"column":4},"end":{"line":117,"column":4}}},"5":{"name":"getTotalImbalance","line":119,"loc":{"start":{"line":119,"column":4},"end":{"line":125,"column":4}}},"6":{"name":"getTokenImbalances","line":127,"loc":{"start":{"line":127,"column":4},"end":{"line":144,"column":4}}},"7":{"name":"tokenValues","line":146,"loc":{"start":{"line":146,"column":4},"end":{"line":156,"column":4}}},"8":{"name":"tokenValue","line":158,"loc":{"start":{"line":158,"column":4},"end":{"line":164,"column":4}}},"9":{"name":"totalValue","line":166,"loc":{"start":{"line":166,"column":4},"end":{"line":172,"column":4}}},"10":{"name":"portfolioTokens","line":174,"loc":{"start":{"line":174,"column":4},"end":{"line":176,"column":4}}},"11":{"name":"getTokenBalances","line":178,"loc":{"start":{"line":178,"column":4},"end":{"line":187,"column":4}}},"12":{"name":"noApprovals","line":191,"loc":{"start":{"line":191,"column":4},"end":{"line":200,"column":4}}}},"statementMap":{"1":{"start":{"line":32,"column":8},"end":{"line":32,"column":31}},"2":{"start":{"line":33,"column":8},"end":{"line":33,"column":51}},"3":{"start":{"line":34,"column":8},"end":{"line":34,"column":27}},"4":{"start":{"line":48,"column":8},"end":{"line":48,"column":1943}},"5":{"start":{"line":49,"column":12},"end":{"line":49,"column":2014}},"6":{"start":{"line":59,"column":8},"end":{"line":59,"column":82}},"7":{"start":{"line":62,"column":8},"end":{"line":62,"column":50}},"8":{"start":{"line":63,"column":8},"end":{"line":63,"column":2492}},"9":{"start":{"line":69,"column":8},"end":{"line":69,"column":83}},"10":{"start":{"line":72,"column":8},"end":{"line":72,"column":59}},"11":{"start":{"line":74,"column":8},"end":{"line":74,"column":75}},"12":{"start":{"line":75,"column":8},"end":{"line":75,"column":77}},"13":{"start":{"line":77,"column":8},"end":{"line":77,"column":3051}},"14":{"start":{"line":92,"column":8},"end":{"line":92,"column":3531}},"15":{"start":{"line":93,"column":12},"end":{"line":93,"column":74}},"16":{"start":{"line":94,"column":12},"end":{"line":94,"column":71}},"17":{"start":{"line":95,"column":12},"end":{"line":95,"column":75}},"18":{"start":{"line":96,"column":12},"end":{"line":96,"column":47}},"19":{"start":{"line":99,"column":8},"end":{"line":99,"column":3893}},"20":{"start":{"line":100,"column":12},"end":{"line":100,"column":74}},"21":{"start":{"line":101,"column":12},"end":{"line":101,"column":4035}},"22":{"start":{"line":102,"column":16},"end":{"line":102,"column":57}},"23":{"start":{"line":104,"column":12},"end":{"line":104,"column":71}},"24":{"start":{"line":105,"column":12},"end":{"line":105,"column":75}},"25":{"start":{"line":106,"column":12},"end":{"line":106,"column":47}},"26":{"start":{"line":116,"column":8},"end":{"line":116,"column":37}},"27":{"start":{"line":120,"column":8},"end":{"line":120,"column":4639}},"28":{"start":{"line":124,"column":8},"end":{"line":124,"column":69}},"29":{"start":{"line":132,"column":8},"end":{"line":132,"column":4952}},"30":{"start":{"line":136,"column":8},"end":{"line":136,"column":66}},"31":{"start":{"line":137,"column":8},"end":{"line":137,"column":5143}},"32":{"start":{"line":138,"column":12},"end":{"line":138,"column":5205}},"33":{"start":{"line":143,"column":8},"end":{"line":143,"column":26}},"34":{"start":{"line":147,"column":8},"end":{"line":147,"column":5451}},"35":{"start":{"line":151,"column":8},"end":{"line":151,"column":63}},"36":{"start":{"line":152,"column":8},"end":{"line":152,"column":5639}},"37":{"start":{"line":153,"column":12},"end":{"line":153,"column":52}},"38":{"start":{"line":155,"column":8},"end":{"line":155,"column":23}},"39":{"start":{"line":159,"column":8},"end":{"line":159,"column":5869}},"40":{"start":{"line":163,"column":8},"end":{"line":163,"column":47}},"41":{"start":{"line":167,"column":8},"end":{"line":167,"column":6114}},"42":{"start":{"line":171,"column":8},"end":{"line":171,"column":40}},"43":{"start":{"line":175,"column":8},"end":{"line":175,"column":20}},"44":{"start":{"line":183,"column":8},"end":{"line":183,"column":46}},"45":{"start":{"line":184,"column":8},"end":{"line":184,"column":6568}},"46":{"start":{"line":185,"column":12},"end":{"line":185,"column":60}},"47":{"start":{"line":194,"column":8},"end":{"line":194,"column":6955}},"48":{"start":{"line":195,"column":12},"end":{"line":195,"column":7015}}},"branchMap":{"1":{"line":49,"type":"if","locations":[{"start":{"line":49,"column":12},"end":{"line":49,"column":12}},{"start":{"line":49,"column":12},"end":{"line":49,"column":12}}]},"2":{"line":63,"type":"if","locations":[{"start":{"line":63,"column":8},"end":{"line":63,"column":8}},{"start":{"line":63,"column":8},"end":{"line":63,"column":8}}]},"3":{"line":77,"type":"if","locations":[{"start":{"line":77,"column":8},"end":{"line":77,"column":8}},{"start":{"line":77,"column":8},"end":{"line":77,"column":8}}]},"4":{"line":92,"type":"if","locations":[{"start":{"line":92,"column":8},"end":{"line":92,"column":8}},{"start":{"line":92,"column":8},"end":{"line":92,"column":8}}]},"5":{"line":99,"type":"if","locations":[{"start":{"line":99,"column":8},"end":{"line":99,"column":8}},{"start":{"line":99,"column":8},"end":{"line":99,"column":8}}]},"6":{"line":101,"type":"if","locations":[{"start":{"line":101,"column":12},"end":{"line":101,"column":12}},{"start":{"line":101,"column":12},"end":{"line":101,"column":12}}]},"7":{"line":195,"type":"if","locations":[{"start":{"line":195,"column":12},"end":{"line":195,"column":12}},{"start":{"line":195,"column":12},"end":{"line":195,"column":12}}]}}},
"contracts/helpers/Multicall.sol":{"l":{"23":16,"24":16,"28":133,"29":133,"34":133,"36":133,"37":0,"39":133,"44":0},"path":"/home/peter/Documents/Bodhi/asset_management_solidity_v1/contracts/helpers/Multicall.sol","s":{"1":16,"2":16,"3":133,"4":133,"5":133,"6":133,"7":0,"8":133,"9":0},"b":{"1":[133,0],"2":[0,133]},"f":{"1":16,"2":0},"fnMap":{"1":{"name":"aggregate","line":19,"loc":{"start":{"line":19,"column":4},"end":{"line":41,"column":4}}},"2":{"name":"getEthBalance","line":43,"loc":{"start":{"line":43,"column":4},"end":{"line":45,"column":4}}}},"statementMap":{"1":{"start":{"line":23,"column":8},"end":{"line":23,"column":45}},"2":{"start":{"line":24,"column":8},"end":{"line":24,"column":535}},"3":{"start":{"line":28,"column":12},"end":{"line":28,"column":45}},"4":{"start":{"line":29,"column":12},"end":{"line":29,"column":825}},"5":{"start":{"line":34,"column":12},"end":{"line":34,"column":1088}},"6":{"start":{"line":36,"column":12},"end":{"line":36,"column":1149}},"7":{"start":{"line":37,"column":16},"end":{"line":37,"column":49}},"8":{"start":{"line":39,"column":12},"end":{"line":39,"column":30}},"9":{"start":{"line":44,"column":8},"end":{"line":44,"column":29}}},"branchMap":{"1":{"line":29,"type":"if","locations":[{"start":{"line":29,"column":12},"end":{"line":29,"column":12}},{"start":{"line":29,"column":12},"end":{"line":29,"column":12}}]},"2":{"line":36,"type":"if","locations":[{"start":{"line":36,"column":12},"end":{"line":36,"column":12}},{"start":{"line":36,"column":12},"end":{"line":36,"column":12}}]}}},
"contracts/helpers/ReentrancyGuard.sol":{"l":{"8":15,"9":15,"10":15,"11":2},"path":"/home/peter/Documents/Bodhi/asset_management_solidity_v1/contracts/helpers/ReentrancyGuard.sol","s":{"1":15,"2":15,"3":2},"b":{"1":[15,0]},"f":{"1":15},"fnMap":{"1":{"name":"lock","line":7,"loc":{"start":{"line":7,"column":4},"end":{"line":12,"column":4}}}},"statementMap":{"1":{"start":{"line":8,"column":8},"end":{"line":8,"column":40}},"2":{"start":{"line":9,"column":8},"end":{"line":9,"column":20}},"3":{"start":{"line":11,"column":8},"end":{"line":11,"column":21}}},"branchMap":{"1":{"line":8,"type":"if","locations":[{"start":{"line":8,"column":8},"end":{"line":8,"column":8}},{"start":{"line":8,"column":8},"end":{"line":8,"column":8}}]}}},
"contracts/helpers/RevertDebug.sol":{"l":{"18":0,"19":0,"30":0,"31":0},"path":"/home/peter/Documents/Bodhi/asset_management_solidity_v1/contracts/helpers/RevertDebug.sol","s":{"1":0,"2":0,"3":0,"4":0,"5":0},"b":{"1":[0,0]},"f":{"1":0,"2":0},"fnMap":{"1":{"name":"_getRevertMsgFromRes","line":12,"loc":{"start":{"line":12,"column":4},"end":{"line":20,"column":4}}},"2":{"name":"_getPrefixedRevertMsg","line":25,"loc":{"start":{"line":25,"column":4},"end":{"line":32,"column":4}}}},"statementMap":{"1":{"start":{"line":18,"column":8},"end":{"line":18,"column":52}},"2":{"start":{"line":18,"column":30},"end":{"line":18,"column":52}},"3":{"start":{"line":19,"column":8},"end":{"line":19,"column":41}},"4":{"start":{"line":30,"column":8},"end":{"line":30,"column":61}},"5":{"start":{"line":31,"column":8},"end":{"line":31,"column":71}}},"branchMap":{"1":{"line":18,"type":"if","locations":[{"start":{"line":18,"column":8},"end":{"line":18,"column":8}},{"start":{"line":18,"column":8},"end":{"line":18,"column":8}}]}}},
"contracts/interfaces/IOracle.sol":{"l":{},"path":"/home/peter/Documents/Bodhi/asset_management_solidity_v1/contracts/interfaces/IOracle.sol","s":{},"b":{},"f":{},"fnMap":{},"statementMap":{},"branchMap":{}},
"contracts/interfaces/IPortfolio.sol":{"l":{},"path":"/home/peter/Documents/Bodhi/asset_management_solidity_v1/contracts/interfaces/IPortfolio.sol","s":{},"b":{},"f":{},"fnMap":{},"statementMap":{},"branchMap":{}},
"contracts/interfaces/IPortfolioController.sol":{"l":{},"path":"/home/peter/Documents/Bodhi/asset_management_solidity_v1/contracts/interfaces/IPortfolioController.sol","s":{},"b":{},"f":{},"fnMap":{},"statementMap":{},"branchMap":{}},
"contracts/interfaces/IPortfolioRouter.sol":{"l":{},"path":"/home/peter/Documents/Bodhi/asset_management_solidity_v1/contracts/interfaces/IPortfolioRouter.sol","s":{},"b":{},"f":{},"fnMap":{},"statementMap":{},"branchMap":{}},
"contracts/interfaces/IWhitelist.sol":{"l":{},"path":"/home/peter/Documents/Bodhi/asset_management_solidity_v1/contracts/interfaces/IWhitelist.sol","s":{},"b":{},"f":{},"fnMap":{},"statementMap":{},"branchMap":{}},
"contracts/libraries/Balances.sol":{"l":{"28":36,"29":36,"30":36,"31":36,"32":504,"33":504,"35":504,"46":0,"47":0,"48":0,"49":0,"50":0,"52":0,"61":32,"62":18,"63":252,"76":30,"77":16,"86":252,"87":252,"89":252,"90":252,"91":252,"102":252,"111":280,"119":0,"120":0},"path":"/home/peter/Documents/Bodhi/asset_management_solidity_v1/contracts/libraries/Balances.sol","s":{"1":36,"2":36,"3":36,"4":36,"5":504,"6":504,"7":504,"8":0,"9":0,"10":0,"11":0,"12":0,"13":0,"14":32,"15":14,"16":18,"17":252,"18":30,"19":14,"20":16,"21":252,"22":0,"23":252,"24":252,"25":252,"26":0,"27":252,"28":252,"29":280,"30":0,"31":0},"b":{"1":[14,18],"2":[14,16],"3":[0,252],"4":[0,252]},"f":{"1":36,"2":0,"3":32,"4":30,"5":252,"6":252,"7":280,"8":0},"fnMap":{"1":{"name":"snapshot","line":23,"loc":{"start":{"line":23,"column":4},"end":{"line":37,"column":4}}},"2":{"name":"snapshotWithPrices","line":40,"loc":{"start":{"line":40,"column":4},"end":{"line":54,"column":4}}},"3":{"name":"getTotalImbalance","line":57,"loc":{"start":{"line":57,"column":4},"end":{"line":65,"column":4}}},"4":{"name":"relativeImbalance","line":71,"loc":{"start":{"line":71,"column":4},"end":{"line":78,"column":4}}},"5":{"name":"getTokenImbalance","line":81,"loc":{"start":{"line":81,"column":4},"end":{"line":94,"column":4}}},"6":{"name":"expectedTokenValue","line":97,"loc":{"start":{"line":97,"column":4},"end":{"line":103,"column":4}}},"7":{"name":"tokenValue","line":106,"loc":{"start":{"line":106,"column":4},"end":{"line":112,"column":4}}},"8":{"name":"totalBalance","line":114,"loc":{"start":{"line":114,"column":4},"end":{"line":122,"column":4}}}},"statementMap":{"1":{"start":{"line":28,"column":8},"end":{"line":28,"column":51}},"2":{"start":{"line":29,"column":8},"end":{"line":29,"column":51}},"3":{"start":{"line":30,"column":8},"end":{"line":30,"column":53}},"4":{"start":{"line":31,"column":8},"end":{"line":31,"column":886}},"5":{"start":{"line":32,"column":12},"end":{"line":32,"column":73}},"6":{"start":{"line":33,"column":12},"end":{"line":33,"column":75}},"7":{"start":{"line":35,"column":12},"end":{"line":35,"column":72}},"8":{"start":{"line":46,"column":8},"end":{"line":46,"column":51}},"9":{"start":{"line":47,"column":8},"end":{"line":47,"column":53}},"10":{"start":{"line":48,"column":8},"end":{"line":48,"column":1639}},"11":{"start":{"line":49,"column":12},"end":{"line":49,"column":73}},"12":{"start":{"line":50,"column":12},"end":{"line":50,"column":39}},"13":{"start":{"line":52,"column":12},"end":{"line":52,"column":72}},"14":{"start":{"line":61,"column":8},"end":{"line":61,"column":42}},"15":{"start":{"line":61,"column":34},"end":{"line":61,"column":42}},"16":{"start":{"line":62,"column":8},"end":{"line":62,"column":2220}},"17":{"start":{"line":63,"column":12},"end":{"line":63,"column":76}},"18":{"start":{"line":76,"column":8},"end":{"line":76,"column":42}},"19":{"start":{"line":76,"column":34},"end":{"line":76,"column":42}},"20":{"start":{"line":77,"column":8},"end":{"line":77,"column":62}},"21":{"start":{"line":86,"column":8},"end":{"line":86,"column":42}},"22":{"start":{"line":86,"column":34},"end":{"line":86,"column":42}},"23":{"start":{"line":87,"column":8},"end":{"line":87,"column":3356}},"24":{"start":{"line":89,"column":8},"end":{"line":89,"column":58}},"25":{"start":{"line":90,"column":8},"end":{"line":90,"column":59}},"26":{"start":{"line":90,"column":51},"end":{"line":90,"column":59}},"27":{"start":{"line":91,"column":8},"end":{"line":91,"column":3567}},"28":{"start":{"line":102,"column":8},"end":{"line":102,"column":64}},"29":{"start":{"line":111,"column":8},"end":{"line":111,"column":59}},"30":{"start":{"line":119,"column":8},"end":{"line":119,"column":4341}},"31":{"start":{"line":120,"column":12},"end":{"line":120,"column":38}}},"branchMap":{"1":{"line":61,"type":"if","locations":[{"start":{"line":61,"column":8},"end":{"line":61,"column":8}},{"start":{"line":61,"column":8},"end":{"line":61,"column":8}}]},"2":{"line":76,"type":"if","locations":[{"start":{"line":76,"column":8},"end":{"line":76,"column":8}},{"start":{"line":76,"column":8},"end":{"line":76,"column":8}}]},"3":{"line":86,"type":"if","locations":[{"start":{"line":86,"column":8},"end":{"line":86,"column":8}},{"start":{"line":86,"column":8},"end":{"line":86,"column":8}}]},"4":{"line":90,"type":"if","locations":[{"start":{"line":90,"column":8},"end":{"line":90,"column":8}},{"start":{"line":90,"column":8},"end":{"line":90,"column":8}}]}}},
"contracts/libraries/PortfolioLibrary.sol":{"l":{"24":5,"28":4,"29":4,"30":22,"34":22,"39":21,"41":3,"63":6,"64":6,"65":6,"66":6,"67":58,"68":58,"69":58,"70":58,"71":0,"72":0,"74":58,"75":2,"76":2,"79":6,"86":0,"87":0,"88":0,"89":0,"90":0,"91":0,"92":0,"93":0,"94":0,"96":0,"97":0,"100":0,"108":146,"109":146,"110":7,"112":7,"114":132,"126":113,"132":85},"path":"/home/peter/Documents/Bodhi/asset_management_solidity_v1/contracts/libraries/PortfolioLibrary.sol","s":{"1":5,"2":4,"3":4,"4":22,"5":22,"6":21,"7":3,"8":6,"9":6,"10":6,"11":6,"12":58,"13":58,"14":58,"15":58,"16":0,"17":58,"18":2,"19":6,"20":0,"21":0,"22":0,"23":0,"24":0,"25":0,"26":0,"27":0,"28":0,"29":0,"30":0,"31":0,"32":146,"33":146,"34":7,"35":139,"36":7,"37":132,"38":113,"39":85},"b":{"1":[4,1],"2":[22,0],"3":[21,1],"4":[2,1],"5":[0,58],"6":[2,56],"7":[0,0],"8":[0,0],"9":[7,139],"10":[7,132]},"f":{"1":5,"2":6,"3":0,"4":146,"5":113,"6":85},"fnMap":{"1":{"name":"verifyStructure","line":20,"loc":{"start":{"line":20,"column":4},"end":{"line":56,"column":4}}},"2":{"name":"checkBalance","line":58,"loc":{"start":{"line":58,"column":4},"end":{"line":80,"column":4}}},"3":{"name":"imbalanceMagnitude","line":82,"loc":{"start":{"line":82,"column":4},"end":{"line":101,"column":4}}},"4":{"name":"getTokenValue","line":103,"loc":{"start":{"line":103,"column":4},"end":{"line":119,"column":4}}},"5":{"name":"getExpectedTokenValue","line":121,"loc":{"start":{"line":121,"column":4},"end":{"line":129,"column":4}}},"6":{"name":"getRange","line":131,"loc":{"start":{"line":131,"column":4},"end":{"line":133,"column":4}}}},"statementMap":{"1":{"start":{"line":24,"column":8},"end":{"line":24,"column":778}},"2":{"start":{"line":28,"column":8},"end":{"line":28,"column":25}},"3":{"start":{"line":29,"column":8},"end":{"line":29,"column":954}},"4":{"start":{"line":30,"column":12},"end":{"line":30,"column":1016}},"5":{"start":{"line":34,"column":12},"end":{"line":34,"column":1186}},"6":{"start":{"line":39,"column":12},"end":{"line":39,"column":44}},"7":{"start":{"line":41,"column":8},"end":{"line":41,"column":1440}},"8":{"start":{"line":63,"column":8},"end":{"line":63,"column":55}},"9":{"start":{"line":64,"column":8},"end":{"line":64,"column":102}},"10":{"start":{"line":65,"column":8},"end":{"line":65,"column":28}},"11":{"start":{"line":66,"column":8},"end":{"line":66,"column":2337}},"12":{"start":{"line":67,"column":12},"end":{"line":67,"column":44}},"13":{"start":{"line":68,"column":12},"end":{"line":68,"column":89}},"14":{"start":{"line":69,"column":12},"end":{"line":69,"column":71}},"15":{"start":{"line":70,"column":12},"end":{"line":70,"column":2609}},"16":{"start":{"line":71,"column":16},"end":{"line":71,"column":31}},"17":{"start":{"line":74,"column":12},"end":{"line":74,"column":2748}},"18":{"start":{"line":75,"column":16},"end":{"line":75,"column":31}},"19":{"start":{"line":79,"column":8},"end":{"line":79,"column":23}},"20":{"start":{"line":86,"column":8},"end":{"line":86,"column":55}},"21":{"start":{"line":87,"column":8},"end":{"line":87,"column":102}},"22":{"start":{"line":88,"column":8},"end":{"line":88,"column":29}},"23":{"start":{"line":89,"column":8},"end":{"line":89,"column":3245}},"24":{"start":{"line":90,"column":12},"end":{"line":90,"column":44}},"25":{"start":{"line":91,"column":12},"end":{"line":91,"column":89}},"26":{"start":{"line":92,"column":12},"end":{"line":92,"column":49}},"27":{"start":{"line":93,"column":12},"end":{"line":93,"column":3495}},"28":{"start":{"line":94,"column":16},"end":{"line":94,"column":75}},"29":{"start":{"line":96,"column":12},"end":{"line":96,"column":3637}},"30":{"start":{"line":97,"column":16},"end":{"line":97,"column":75}},"31":{"start":{"line":100,"column":8},"end":{"line":100,"column":24}},"32":{"start":{"line":108,"column":8},"end":{"line":108,"column":64}},"33":{"start":{"line":109,"column":8},"end":{"line":109,"column":4003}},"34":{"start":{"line":110,"column":12},"end":{"line":110,"column":40}},"35":{"start":{"line":111,"column":15},"end":{"line":111,"column":4087}},"36":{"start":{"line":112,"column":12},"end":{"line":112,"column":53}},"37":{"start":{"line":114,"column":12},"end":{"line":114,"column":4206}},"38":{"start":{"line":126,"column":8},"end":{"line":126,"column":4503}},"39":{"start":{"line":132,"column":8},"end":{"line":132,"column":56}}},"branchMap":{"1":{"line":24,"type":"if","locations":[{"start":{"line":24,"column":8},"end":{"line":24,"column":8}},{"start":{"line":24,"column":8},"end":{"line":24,"column":8}}]},"2":{"line":30,"type":"if","locations":[{"start":{"line":30,"column":12},"end":{"line":30,"column":12}},{"start":{"line":30,"column":12},"end":{"line":30,"column":12}}]},"3":{"line":34,"type":"if","locations":[{"start":{"line":34,"column":12},"end":{"line":34,"column":12}},{"start":{"line":34,"column":12},"end":{"line":34,"column":12}}]},"4":{"line":41,"type":"if","locations":[{"start":{"line":41,"column":8},"end":{"line":41,"column":8}},{"start":{"line":41,"column":8},"end":{"line":41,"column":8}}]},"5":{"line":70,"type":"if","locations":[{"start":{"line":70,"column":12},"end":{"line":70,"column":12}},{"start":{"line":70,"column":12},"end":{"line":70,"column":12}}]},"6":{"line":74,"type":"if","locations":[{"start":{"line":74,"column":12},"end":{"line":74,"column":12}},{"start":{"line":74,"column":12},"end":{"line":74,"column":12}}]},"7":{"line":93,"type":"if","locations":[{"start":{"line":93,"column":12},"end":{"line":93,"column":12}},{"start":{"line":93,"column":12},"end":{"line":93,"column":12}}]},"8":{"line":96,"type":"if","locations":[{"start":{"line":96,"column":12},"end":{"line":96,"column":12}},{"start":{"line":96,"column":12},"end":{"line":96,"column":12}}]},"9":{"line":109,"type":"if","locations":[{"start":{"line":109,"column":8},"end":{"line":109,"column":8}},{"start":{"line":109,"column":8},"end":{"line":109,"column":8}}]},"10":{"line":111,"type":"if","locations":[{"start":{"line":111,"column":15},"end":{"line":111,"column":15}},{"start":{"line":111,"column":15},"end":{"line":111,"column":15}}]}}},
"contracts/Portfolio.sol":{"l":{"23":12,"24":11,"25":11,"53":2,"54":2,"56":2,"57":2,"58":2,"59":2,"60":2,"62":2,"63":2,"64":1,"65":1,"68":1,"81":3,"85":2,"86":2,"87":1,"88":1,"89":1,"90":1,"91":1,"105":5,"109":4,"113":3,"118":2,"119":2,"120":2,"122":2,"125":0,"128":2,"129":2,"131":2,"132":2,"133":2,"134":2,"135":2,"136":2,"150":3,"151":2,"153":2,"154":0,"155":0,"156":0,"157":0,"158":0,"161":2,"162":1,"163":1,"165":14,"166":14,"167":14,"169":14,"171":1,"186":3,"187":1,"188":1,"189":1,"208":3,"212":3,"216":3,"217":1,"218":1,"226":0,"236":0,"247":0,"258":0,"265":152,"273":0,"280":33,"287":0,"294":0,"301":16,"309":0,"317":114,"333":1,"335":1,"336":1,"337":1,"341":1,"342":1,"352":2,"356":2,"367":2,"371":2,"382":2,"391":5,"392":5,"393":5,"394":57,"395":57,"396":57,"397":0,"398":0,"400":57,"401":1,"402":1,"405":5,"414":2,"415":17,"417":2,"435":3,"436":2,"437":1,"439":1,"441":1,"442":14,"444":1,"446":1,"448":1,"458":8,"459":112,"468":14},"path":"/home/peter/Documents/Bodhi/asset_management_solidity_v1/contracts/Portfolio.sol","s":{"1":12,"2":11,"3":2,"4":2,"5":2,"6":2,"7":2,"8":2,"9":2,"10":2,"11":2,"12":1,"13":1,"14":1,"15":3,"16":2,"17":2,"18":1,"19":1,"20":1,"21":1,"22":1,"23":5,"24":4,"25":3,"26":2,"27":2,"28":2,"29":2,"30":0,"31":2,"32":2,"33":2,"34":2,"35":2,"36":2,"37":2,"38":2,"39":3,"40":2,"41":2,"42":0,"43":0,"44":0,"45":0,"46":0,"47":2,"48":1,"49":1,"50":14,"51":14,"52":14,"53":14,"54":1,"55":3,"56":1,"57":1,"58":1,"59":3,"60":3,"61":3,"62":0,"63":0,"64":0,"65":0,"66":152,"67":0,"68":33,"69":0,"70":0,"71":16,"72":0,"73":114,"74":1,"75":1,"76":1,"77":1,"78":1,"79":1,"80":2,"81":2,"82":2,"83":2,"84":2,"85":5,"86":5,"87":5,"88":57,"89":57,"90":57,"91":0,"92":57,"93":1,"94":5,"95":2,"96":17,"97":2,"98":3,"99":2,"100":1,"101":1,"102":1,"103":1,"104":1,"105":1,"106":8,"107":112},"b":{"1":[11,1],"2":[11,0],"3":[2,0],"4":[2,1],"5":[1,1],"6":[4,1],"7":[3,1],"8":[2,1],"9":[0,2],"10":[2,0],"11":[2,1],"12":[0,2],"13":[0,0],"14":[3,0],"15":[3,0],"16":[1,0],"17":[1,0],"18":[2,0],"19":[2,0],"20":[0,57],"21":[1,56],"22":[2,1],"23":[1,1]},"f":{"1":12,"2":2,"3":3,"4":5,"5":3,"6":3,"7":3,"8":0,"9":0,"10":0,"11":0,"12":152,"13":0,"14":33,"15":0,"16":0,"17":16,"18":0,"19":114,"20":1,"21":2,"22":2,"23":2,"24":5,"25":2,"26":3,"27":8},"fnMap":{"1":{"name":"onlyApproved","line":22,"loc":{"start":{"line":22,"column":4},"end":{"line":26,"column":4}}},"2":{"name":"initialize","line":52,"loc":{"start":{"line":41,"column":4},"end":{"line":69,"column":4}}},"3":{"name":"rebalance","line":80,"loc":{"start":{"line":77,"column":4},"end":{"line":92,"column":4}}},"4":{"name":"deposit","line":104,"loc":{"start":{"line":100,"column":4},"end":{"line":137,"column":4}}},"5":{"name":"withdraw","line":149,"loc":{"start":{"line":145,"column":4},"end":{"line":172,"column":4}}},"6":{"name":"restructure","line":184,"loc":{"start":{"line":181,"column":4},"end":{"line":190,"column":4}}},"7":{"name":"finalizeStructure","line":201,"loc":{"start":{"line":201,"column":4},"end":{"line":219,"column":4}}},"8":{"name":"openPortfolio","line":225,"loc":{"start":{"line":225,"column":4},"end":{"line":227,"column":4}}},"9":{"name":"updateRebalanceThreshold","line":235,"loc":{"start":{"line":235,"column":4},"end":{"line":237,"column":4}}},"10":{"name":"updateSlippage","line":246,"loc":{"start":{"line":246,"column":4},"end":{"line":248,"column":4}}},"11":{"name":"updateTimelock","line":257,"loc":{"start":{"line":257,"column":4},"end":{"line":259,"column":4}}},"12":{"name":"oracle","line":264,"loc":{"start":{"line":264,"column":4},"end":{"line":266,"column":4}}},"13":{"name":"social","line":272,"loc":{"start":{"line":272,"column":4},"end":{"line":274,"column":4}}},"14":{"name":"rebalanceThreshold","line":279,"loc":{"start":{"line":279,"column":4},"end":{"line":281,"column":4}}},"15":{"name":"slippage","line":286,"loc":{"start":{"line":286,"column":4},"end":{"line":288,"column":4}}},"16":{"name":"timelock","line":293,"loc":{"start":{"line":293,"column":4},"end":{"line":295,"column":4}}},"17":{"name":"getPortfolioTokens","line":300,"loc":{"start":{"line":300,"column":4},"end":{"line":302,"column":4}}},"18":{"name":"getToken","line":308,"loc":{"start":{"line":308,"column":4},"end":{"line":310,"column":4}}},"19":{"name":"getTokenPercentage","line":316,"loc":{"start":{"line":316,"column":4},"end":{"line":318,"column":4}}},"20":{"name":"_rebalance","line":328,"loc":{"start":{"line":328,"column":4},"end":{"line":343,"column":4}}},"21":{"name":"_updateRebalanceThreshold","line":351,"loc":{"start":{"line":351,"column":4},"end":{"line":357,"column":4}}},"22":{"name":"_updateSlippage","line":366,"loc":{"start":{"line":366,"column":4},"end":{"line":372,"column":4}}},"23":{"name":"_updateTimelock","line":381,"loc":{"start":{"line":381,"column":4},"end":{"line":383,"column":4}}},"24":{"name":"_verifyBalance","line":390,"loc":{"start":{"line":390,"column":4},"end":{"line":406,"column":4}}},"25":{"name":"_setStructure","line":413,"loc":{"start":{"line":413,"column":4},"end":{"line":418,"column":4}}},"26":{"name":"_finalizeStructure","line":428,"loc":{"start":{"line":428,"column":4},"end":{"line":449,"column":4}}},"27":{"name":"_approveTokens","line":457,"loc":{"start":{"line":457,"column":4},"end":{"line":461,"column":4}}}},"statementMap":{"1":{"start":{"line":23,"column":8},"end":{"line":23,"column":113}},"2":{"start":{"line":24,"column":8},"end":{"line":24,"column":67}},"3":{"start":{"line":53,"column":8},"end":{"line":53,"column":33}},"4":{"start":{"line":54,"column":8},"end":{"line":54,"column":25}},"5":{"start":{"line":56,"column":8},"end":{"line":56,"column":44}},"6":{"start":{"line":57,"column":8},"end":{"line":57,"column":33}},"7":{"start":{"line":58,"column":8},"end":{"line":58,"column":33}},"8":{"start":{"line":59,"column":8},"end":{"line":59,"column":24}},"9":{"start":{"line":60,"column":8},"end":{"line":60,"column":30}},"10":{"start":{"line":62,"column":8},"end":{"line":62,"column":2540}},"11":{"start":{"line":63,"column":12},"end":{"line":63,"column":66}},"12":{"start":{"line":64,"column":12},"end":{"line":64,"column":47}},"13":{"start":{"line":65,"column":12},"end":{"line":65,"column":52}},"14":{"start":{"line":68,"column":8},"end":{"line":68,"column":19}},"15":{"start":{"line":81,"column":8},"end":{"line":81,"column":3328}},"16":{"start":{"line":85,"column":8},"end":{"line":85,"column":69}},"17":{"start":{"line":86,"column":8},"end":{"line":86,"column":97}},"18":{"start":{"line":87,"column":8},"end":{"line":87,"column":21}},"19":{"start":{"line":88,"column":8},"end":{"line":88,"column":64}},"20":{"start":{"line":89,"column":8},"end":{"line":89,"column":48}},"21":{"start":{"line":90,"column":8},"end":{"line":90,"column":63}},"22":{"start":{"line":91,"column":8},"end":{"line":91,"column":22}},"23":{"start":{"line":105,"column":8},"end":{"line":105,"column":4526}},"24":{"start":{"line":109,"column":8},"end":{"line":109,"column":4679}},"25":{"start":{"line":113,"column":8},"end":{"line":113,"column":4798}},"26":{"start":{"line":118,"column":8},"end":{"line":118,"column":21}},"27":{"start":{"line":119,"column":8},"end":{"line":119,"column":69}},"28":{"start":{"line":120,"column":8},"end":{"line":120,"column":64}},"29":{"start":{"line":122,"column":8},"end":{"line":122,"column":5239}},"30":{"start":{"line":125,"column":12},"end":{"line":125,"column":75}},"31":{"start":{"line":128,"column":8},"end":{"line":128,"column":63}},"32":{"start":{"line":129,"column":8},"end":{"line":129,"column":63}},"33":{"start":{"line":131,"column":8},"end":{"line":131,"column":87}},"34":{"start":{"line":132,"column":8},"end":{"line":132,"column":84}},"35":{"start":{"line":133,"column":8},"end":{"line":133,"column":53}},"36":{"start":{"line":134,"column":8},"end":{"line":134,"column":109}},"37":{"start":{"line":135,"column":8},"end":{"line":135,"column":40}},"38":{"start":{"line":136,"column":8},"end":{"line":136,"column":22}},"39":{"start":{"line":150,"column":8},"end":{"line":150,"column":61}},"40":{"start":{"line":151,"column":8},"end":{"line":151,"column":21}},"41":{"start":{"line":153,"column":8},"end":{"line":153,"column":6995}},"42":{"start":{"line":154,"column":12},"end":{"line":154,"column":61}},"43":{"start":{"line":155,"column":12},"end":{"line":155,"column":7106}},"44":{"start":{"line":156,"column":16},"end":{"line":156,"column":72}},"45":{"start":{"line":157,"column":16},"end":{"line":157,"column":59}},"46":{"start":{"line":158,"column":16},"end":{"line":158,"column":71}},"47":{"start":{"line":161,"column":8},"end":{"line":161,"column":32}},"48":{"start":{"line":162,"column":8},"end":{"line":162,"column":65}},"49":{"start":{"line":163,"column":8},"end":{"line":163,"column":7464}},"50":{"start":{"line":165,"column":12},"end":{"line":165,"column":45}},"51":{"start":{"line":166,"column":12},"end":{"line":166,"column":67}},"52":{"start":{"line":167,"column":12},"end":{"line":167,"column":7784}},"53":{"start":{"line":169,"column":12},"end":{"line":169,"column":50}},"54":{"start":{"line":171,"column":8},"end":{"line":171,"column":22}},"55":{"start":{"line":186,"column":8},"end":{"line":186,"column":60}},"56":{"start":{"line":187,"column":8},"end":{"line":187,"column":75}},"57":{"start":{"line":188,"column":8},"end":{"line":188,"column":46}},"58":{"start":{"line":189,"column":8},"end":{"line":189,"column":46}},"59":{"start":{"line":208,"column":8},"end":{"line":208,"column":9706}},"60":{"start":{"line":212,"column":8},"end":{"line":212,"column":9907}},"61":{"start":{"line":216,"column":8},"end":{"line":216,"column":83}},"62":{"start":{"line":226,"column":8},"end":{"line":226,"column":21}},"63":{"start":{"line":236,"column":8},"end":{"line":236,"column":43}},"64":{"start":{"line":247,"column":8},"end":{"line":247,"column":32}},"65":{"start":{"line":258,"column":8},"end":{"line":258,"column":32}},"66":{"start":{"line":265,"column":8},"end":{"line":265,"column":22}},"67":{"start":{"line":273,"column":8},"end":{"line":273,"column":22}},"68":{"start":{"line":280,"column":8},"end":{"line":280,"column":34}},"69":{"start":{"line":287,"column":8},"end":{"line":287,"column":24}},"70":{"start":{"line":294,"column":8},"end":{"line":294,"column":24}},"71":{"start":{"line":301,"column":8},"end":{"line":301,"column":22}},"72":{"start":{"line":309,"column":8},"end":{"line":309,"column":29}},"73":{"start":{"line":317,"column":8},"end":{"line":317,"column":46}},"74":{"start":{"line":333,"column":8},"end":{"line":333,"column":33}},"75":{"start":{"line":335,"column":8},"end":{"line":335,"column":67}},"76":{"start":{"line":336,"column":8},"end":{"line":336,"column":90}},"77":{"start":{"line":337,"column":8},"end":{"line":337,"column":14357}},"78":{"start":{"line":341,"column":8},"end":{"line":341,"column":52}},"79":{"start":{"line":342,"column":8},"end":{"line":342,"column":25}},"80":{"start":{"line":352,"column":8},"end":{"line":352,"column":14991}},"81":{"start":{"line":356,"column":8},"end":{"line":356,"column":39}},"82":{"start":{"line":367,"column":8},"end":{"line":367,"column":15634}},"83":{"start":{"line":371,"column":8},"end":{"line":371,"column":28}},"84":{"start":{"line":382,"column":8},"end":{"line":382,"column":28}},"85":{"start":{"line":391,"column":8},"end":{"line":391,"column":108}},"86":{"start":{"line":392,"column":8},"end":{"line":392,"column":28}},"87":{"start":{"line":393,"column":8},"end":{"line":393,"column":16746}},"88":{"start":{"line":394,"column":12},"end":{"line":394,"column":89}},"89":{"start":{"line":395,"column":12},"end":{"line":395,"column":88}},"90":{"start":{"line":396,"column":12},"end":{"line":396,"column":16990}},"91":{"start":{"line":397,"column":16},"end":{"line":397,"column":31}},"92":{"start":{"line":400,"column":12},"end":{"line":400,"column":17129}},"93":{"start":{"line":401,"column":16},"end":{"line":401,"column":31}},"94":{"start":{"line":405,"column":8},"end":{"line":405,"column":32}},"95":{"start":{"line":414,"column":8},"end":{"line":414,"column":17654}},"96":{"start":{"line":415,"column":12},"end":{"line":415,"column":56}},"97":{"start":{"line":417,"column":8},"end":{"line":417,"column":23}},"98":{"start":{"line":435,"column":8},"end":{"line":435,"column":114}},"99":{"start":{"line":436,"column":8},"end":{"line":436,"column":111}},"100":{"start":{"line":437,"column":8},"end":{"line":437,"column":64}},"101":{"start":{"line":439,"column":8},"end":{"line":439,"column":50}},"102":{"start":{"line":441,"column":8},"end":{"line":441,"column":19089}},"103":{"start":{"line":444,"column":8},"end":{"line":444,"column":63}},"104":{"start":{"line":446,"column":8},"end":{"line":446,"column":41}},"105":{"start":{"line":448,"column":8},"end":{"line":448,"column":78}},"106":{"start":{"line":458,"column":8},"end":{"line":458,"column":19911}},"107":{"start":{"line":459,"column":12},"end":{"line":459,"column":53}}},"branchMap":{"1":{"line":23,"type":"if","locations":[{"start":{"line":23,"column":8},"end":{"line":23,"column":8}},{"start":{"line":23,"column":8},"end":{"line":23,"column":8}}]},"2":{"line":24,"type":"if","locations":[{"start":{"line":24,"column":8},"end":{"line":24,"column":8}},{"start":{"line":24,"column":8},"end":{"line":24,"column":8}}]},"3":{"line":62,"type":"if","locations":[{"start":{"line":62,"column":8},"end":{"line":62,"column":8}},{"start":{"line":62,"column":8},"end":{"line":62,"column":8}}]},"4":{"line":81,"type":"if","locations":[{"start":{"line":81,"column":8},"end":{"line":81,"column":8}},{"start":{"line":81,"column":8},"end":{"line":81,"column":8}}]},"5":{"line":86,"type":"if","locations":[{"start":{"line":86,"column":8},"end":{"line":86,"column":8}},{"start":{"line":86,"column":8},"end":{"line":86,"column":8}}]},"6":{"line":105,"type":"if","locations":[{"start":{"line":105,"column":8},"end":{"line":105,"column":8}},{"start":{"line":105,"column":8},"end":{"line":105,"column":8}}]},"7":{"line":109,"type":"if","locations":[{"start":{"line":109,"column":8},"end":{"line":109,"column":8}},{"start":{"line":109,"column":8},"end":{"line":109,"column":8}}]},"8":{"line":113,"type":"if","locations":[{"start":{"line":113,"column":8},"end":{"line":113,"column":8}},{"start":{"line":113,"column":8},"end":{"line":113,"column":8}}]},"9":{"line":122,"type":"if","locations":[{"start":{"line":122,"column":8},"end":{"line":122,"column":8}},{"start":{"line":122,"column":8},"end":{"line":122,"column":8}}]},"10":{"line":132,"type":"if","locations":[{"start":{"line":132,"column":8},"end":{"line":132,"column":8}},{"start":{"line":132,"column":8},"end":{"line":132,"column":8}}]},"11":{"line":150,"type":"if","locations":[{"start":{"line":150,"column":8},"end":{"line":150,"column":8}},{"start":{"line":150,"column":8},"end":{"line":150,"column":8}}]},"12":{"line":153,"type":"if","locations":[{"start":{"line":153,"column":8},"end":{"line":153,"column":8}},{"start":{"line":153,"column":8},"end":{"line":153,"column":8}}]},"13":{"line":155,"type":"if","locations":[{"start":{"line":155,"column":12},"end":{"line":155,"column":12}},{"start":{"line":155,"column":12},"end":{"line":155,"column":12}}]},"14":{"line":208,"type":"if","locations":[{"start":{"line":208,"column":8},"end":{"line":208,"column":8}},{"start":{"line":208,"column":8},"end":{"line":208,"column":8}}]},"15":{"line":212,"type":"if","locations":[{"start":{"line":212,"column":8},"end":{"line":212,"column":8}},{"start":{"line":212,"column":8},"end":{"line":212,"column":8}}]},"16":{"line":336,"type":"if","locations":[{"start":{"line":336,"column":8},"end":{"line":336,"column":8}},{"start":{"line":336,"column":8},"end":{"line":336,"column":8}}]},"17":{"line":337,"type":"if","locations":[{"start":{"line":337,"column":8},"end":{"line":337,"column":8}},{"start":{"line":337,"column":8},"end":{"line":337,"column":8}}]},"18":{"line":352,"type":"if","locations":[{"start":{"line":352,"column":8},"end":{"line":352,"column":8}},{"start":{"line":352,"column":8},"end":{"line":352,"column":8}}]},"19":{"line":367,"type":"if","locations":[{"start":{"line":367,"column":8},"end":{"line":367,"column":8}},{"start":{"line":367,"column":8},"end":{"line":367,"column":8}}]},"20":{"line":396,"type":"if","locations":[{"start":{"line":396,"column":12},"end":{"line":396,"column":12}},{"start":{"line":396,"column":12},"end":{"line":396,"column":12}}]},"21":{"line":400,"type":"if","locations":[{"start":{"line":400,"column":12},"end":{"line":400,"column":12}},{"start":{"line":400,"column":12},"end":{"line":400,"column":12}}]},"22":{"line":435,"type":"if","locations":[{"start":{"line":435,"column":8},"end":{"line":435,"column":8}},{"start":{"line":435,"column":8},"end":{"line":435,"column":8}}]},"23":{"line":436,"type":"if","locations":[{"start":{"line":436,"column":8},"end":{"line":436,"column":8}},{"start":{"line":436,"column":8},"end":{"line":436,"column":8}}]}}},
"contracts/PortfolioOwnable.sol":{"l":{"26":5,"33":4,"34":3,"45":0,"46":0,"54":0,"55":0,"56":0,"60":2,"61":2},"path":"/home/peter/Documents/Bodhi/asset_management_solidity_v1/contracts/PortfolioOwnable.sol","s":{"1":5,"2":4,"3":0,"4":0,"5":0,"6":0,"7":0,"8":2,"9":2},"b":{"1":[3,1],"2":[0,0]},"f":{"1":5,"2":4,"3":0,"4":0,"5":2},"fnMap":{"1":{"name":"owner","line":25,"loc":{"start":{"line":25,"column":4},"end":{"line":27,"column":4}}},"2":{"name":"onlyOwner","line":32,"loc":{"start":{"line":32,"column":4},"end":{"line":35,"column":4}}},"3":{"name":"renounceOwnership","line":44,"loc":{"start":{"line":44,"column":4},"end":{"line":47,"column":4}}},"4":{"name":"transferOwnership","line":53,"loc":{"start":{"line":53,"column":4},"end":{"line":57,"column":4}}},"5":{"name":"_initOwner","line":59,"loc":{"start":{"line":59,"column":4},"end":{"line":62,"column":4}}}},"statementMap":{"1":{"start":{"line":26,"column":8},"end":{"line":26,"column":21}},"2":{"start":{"line":33,"column":8},"end":{"line":33,"column":72}},"3":{"start":{"line":45,"column":8},"end":{"line":45,"column":53}},"4":{"start":{"line":46,"column":8},"end":{"line":46,"column":26}},"5":{"start":{"line":54,"column":8},"end":{"line":54,"column":80}},"6":{"start":{"line":55,"column":8},"end":{"line":55,"column":51}},"7":{"start":{"line":56,"column":8},"end":{"line":56,"column":24}},"8":{"start":{"line":60,"column":8},"end":{"line":60,"column":22}},"9":{"start":{"line":61,"column":8},"end":{"line":61,"column":57}}},"branchMap":{"1":{"line":33,"type":"if","locations":[{"start":{"line":33,"column":8},"end":{"line":33,"column":8}},{"start":{"line":33,"column":8},"end":{"line":33,"column":8}}]},"2":{"line":54,"type":"if","locations":[{"start":{"line":54,"column":8},"end":{"line":54,"column":8}},{"start":{"line":54,"column":8},"end":{"line":54,"column":8}}]}}},
"contracts/PortfolioProxyFactory.sol":{"l":{"27":6,"28":6,"29":6,"30":6,"31":6,"32":6,"33":6,"37":0,"38":0,"50":2,"67":1,"71":0,"72":0,"73":0,"77":0,"78":0,"82":0,"83":0,"91":0,"104":0,"105":0,"106":0,"119":0,"120":0,"121":0,"132":0,"143":0,"158":0},"path":"/home/peter/Documents/Bodhi/asset_management_solidity_v1/contracts/PortfolioProxyFactory.sol","s":{"1":6,"2":6,"3":6,"4":6,"5":6,"6":6,"7":6,"8":0,"9":2,"10":1,"11":0,"12":0,"13":0,"14":0,"15":0,"16":0,"17":0,"18":0,"19":0,"20":0,"21":0,"22":0,"23":0,"24":0,"25":0,"26":0},"b":{"1":[0,0],"2":[0,0],"3":[0,0]},"f":{"1":6,"2":0,"3":2,"4":0,"5":0,"6":0,"7":0,"8":0,"9":0,"10":0,"11":0,"12":0},"fnMap":{"1":{"name":"constructor","line":22,"loc":{"start":{"line":22,"column":4},"end":{"line":34,"column":4}}},"2":{"name":"onlyAdmin","line":36,"loc":{"start":{"line":36,"column":4},"end":{"line":39,"column":4}}},"3":{"name":"createPortfolio","line":41,"loc":{"start":{"line":41,"column":4},"end":{"line":68,"column":4}}},"4":{"name":"updateImplementation","line":70,"loc":{"start":{"line":70,"column":4},"end":{"line":74,"column":4}}},"5":{"name":"updateOracle","line":76,"loc":{"start":{"line":76,"column":4},"end":{"line":79,"column":4}}},"6":{"name":"updateWhitelist","line":81,"loc":{"start":{"line":81,"column":4},"end":{"line":84,"column":4}}},"7":{"name":"changeAdmin","line":90,"loc":{"start":{"line":90,"column":4},"end":{"line":92,"column":4}}},"8":{"name":"getProxyImplementation","line":101,"loc":{"start":{"line":101,"column":4},"end":{"line":107,"column":4}}},"9":{"name":"getProxyAdmin","line":116,"loc":{"start":{"line":116,"column":4},"end":{"line":122,"column":4}}},"10":{"name":"changeProxyAdmin","line":131,"loc":{"start":{"line":131,"column":4},"end":{"line":133,"column":4}}},"11":{"name":"upgrade","line":142,"loc":{"start":{"line":142,"column":4},"end":{"line":144,"column":4}}},"12":{"name":"upgradeAndCall","line":157,"loc":{"start":{"line":154,"column":4},"end":{"line":159,"column":4}}}},"statementMap":{"1":{"start":{"line":27,"column":8},"end":{"line":27,"column":39}},"2":{"start":{"line":28,"column":8},"end":{"line":28,"column":23}},"3":{"start":{"line":29,"column":8},"end":{"line":29,"column":29}},"4":{"start":{"line":30,"column":8},"end":{"line":30,"column":18}},"5":{"start":{"line":31,"column":8},"end":{"line":31,"column":44}},"6":{"start":{"line":32,"column":8},"end":{"line":32,"column":30}},"7":{"start":{"line":33,"column":8},"end":{"line":33,"column":36}},"8":{"start":{"line":37,"column":8},"end":{"line":37,"column":96}},"9":{"start":{"line":50,"column":8},"end":{"line":50,"column":1577}},"10":{"start":{"line":67,"column":8},"end":{"line":67,"column":67}},"11":{"start":{"line":71,"column":8},"end":{"line":71,"column":41}},"12":{"start":{"line":73,"column":8},"end":{"line":73,"column":47}},"13":{"start":{"line":77,"column":8},"end":{"line":77,"column":25}},"14":{"start":{"line":78,"column":8},"end":{"line":78,"column":33}},"15":{"start":{"line":82,"column":8},"end":{"line":82,"column":31}},"16":{"start":{"line":83,"column":8},"end":{"line":83,"column":39}},"17":{"start":{"line":91,"column":8},"end":{"line":91,"column":31}},"18":{"start":{"line":104,"column":8},"end":{"line":104,"column":90}},"19":{"start":{"line":105,"column":8},"end":{"line":105,"column":23}},"20":{"start":{"line":106,"column":8},"end":{"line":106,"column":48}},"21":{"start":{"line":119,"column":8},"end":{"line":119,"column":90}},"22":{"start":{"line":120,"column":8},"end":{"line":120,"column":23}},"23":{"start":{"line":121,"column":8},"end":{"line":121,"column":48}},"24":{"start":{"line":132,"column":8},"end":{"line":132,"column":34}},"25":{"start":{"line":143,"column":8},"end":{"line":143,"column":38}},"26":{"start":{"line":158,"column":8},"end":{"line":158,"column":69}}},"branchMap":{"1":{"line":37,"type":"if","locations":[{"start":{"line":37,"column":8},"end":{"line":37,"column":8}},{"start":{"line":37,"column":8},"end":{"line":37,"column":8}}]},"2":{"line":105,"type":"if","locations":[{"start":{"line":105,"column":8},"end":{"line":105,"column":8}},{"start":{"line":105,"column":8},"end":{"line":105,"column":8}}]},"3":{"line":120,"type":"if","locations":[{"start":{"line":120,"column":8},"end":{"line":120,"column":8}},{"start":{"line":120,"column":8},"end":{"line":120,"column":8}}]}}},
"contracts/PortfolioProxyInitializer.sol":{"l":{"24":0,"39":0,"40":0},"path":"/home/peter/Documents/Bodhi/asset_management_solidity_v1/contracts/PortfolioProxyInitializer.sol","s":{"1":0,"2":0,"3":0},"b":{"1":[0,0]},"f":{"1":0,"2":0},"fnMap":{"1":{"name":"constructor","line":23,"loc":{"start":{"line":23,"column":4},"end":{"line":25,"column":4}}},"2":{"name":"initialize","line":27,"loc":{"start":{"line":27,"column":4},"end":{"line":51,"column":4}}}},"statementMap":{"1":{"start":{"line":24,"column":8},"end":{"line":24,"column":35}},"2":{"start":{"line":39,"column":8},"end":{"line":39,"column":116}},"3":{"start":{"line":40,"column":8},"end":{"line":40,"column":1077}}},"branchMap":{"1":{"line":39,"type":"if","locations":[{"start":{"line":39,"column":8},"end":{"line":39,"column":8}},{"start":{"line":39,"column":8},"end":{"line":39,"column":8}}]}}},
"contracts/PortfolioStorage.sol":{"l":{},"path":"/home/peter/Documents/Bodhi/asset_management_solidity_v1/contracts/PortfolioStorage.sol","s":{},"b":{},"f":{},"fnMap":{},"statementMap":{},"branchMap":{}},
"contracts/PortfolioToken.sol":{"l":{"16":0,"24":0,"41":0,"48":0,"55":2,"67":0,"68":0,"75":0,"86":0,"87":0,"104":0,"105":0,"110":0,"115":2,"116":2,"134":0,"135":0,"137":0,"138":0,"139":0,"152":2,"154":2,"155":2,"156":2,"171":2,"173":2,"174":1,"175":1,"192":0,"193":0,"195":0,"196":0},"path":"/home/peter/Documents/Bodhi/asset_management_solidity_v1/contracts/PortfolioToken.sol","s":{"1":0,"2":0,"3":0,"4":0,"5":2,"6":0,"7":0,"8":0,"9":0,"10":0,"11":0,"12":0,"13":0,"14":2,"15":2,"16":0,"17":0,"18":0,"19":0,"20":0,"21":2,"22":2,"23":2,"24":2,"25":2,"26":2,"27":1,"28":1,"29":0,"30":0,"31":0,"32":0},"b":{"1":[0,0],"2":[0,0],"3":[2,0],"4":[2,0],"5":[0,0],"6":[0,0]},"f":{"1":0,"2":0,"3":0,"4":0,"5":2,"6":0,"7":0,"8":0,"9":0,"10":2,"11":0,"12":2,"13":2,"14":0},"fnMap":{"1":{"name":"name","line":15,"loc":{"start":{"line":15,"column":4},"end":{"line":17,"column":4}}},"2":{"name":"symbol","line":23,"loc":{"start":{"line":23,"column":4},"end":{"line":25,"column":4}}},"3":{"name":"decimals","line":40,"loc":{"start":{"line":40,"column":4},"end":{"line":42,"column":4}}},"4":{"name":"totalSupply","line":47,"loc":{"start":{"line":47,"column":4},"end":{"line":49,"column":4}}},"5":{"name":"balanceOf","line":54,"loc":{"start":{"line":54,"column":4},"end":{"line":56,"column":4}}},"6":{"name":"transfer","line":66,"loc":{"start":{"line":66,"column":4},"end":{"line":69,"column":4}}},"7":{"name":"allowance","line":74,"loc":{"start":{"line":74,"column":4},"end":{"line":76,"column":4}}},"8":{"name":"approve","line":85,"loc":{"start":{"line":85,"column":4},"end":{"line":88,"column":4}}},"9":{"name":"transferFrom","line":103,"loc":{"start":{"line":103,"column":4},"end":{"line":111,"column":4}}},"10":{"name":"_initToken","line":113,"loc":{"start":{"line":113,"column":4},"end":{"line":117,"column":4}}},"11":{"name":"_transfer","line":133,"loc":{"start":{"line":133,"column":4},"end":{"line":140,"column":4}}},"12":{"name":"_mint","line":151,"loc":{"start":{"line":151,"column":4},"end":{"line":157,"column":4}}},"13":{"name":"_burn","line":170,"loc":{"start":{"line":170,"column":4},"end":{"line":176,"column":4}}},"14":{"name":"_approve","line":191,"loc":{"start":{"line":191,"column":4},"end":{"line":197,"column":4}}}},"statementMap":{"1":{"start":{"line":16,"column":8},"end":{"line":16,"column":20}},"2":{"start":{"line":24,"column":8},"end":{"line":24,"column":22}},"3":{"start":{"line":41,"column":8},"end":{"line":41,"column":24}},"4":{"start":{"line":48,"column":8},"end":{"line":48,"column":27}},"5":{"start":{"line":55,"column":8},"end":{"line":55,"column":33}},"6":{"start":{"line":67,"column":8},"end":{"line":67,"column":47}},"7":{"start":{"line":68,"column":8},"end":{"line":68,"column":19}},"8":{"start":{"line":75,"column":8},"end":{"line":75,"column":42}},"9":{"start":{"line":86,"column":8},"end":{"line":86,"column":44}},"10":{"start":{"line":87,"column":8},"end":{"line":87,"column":19}},"11":{"start":{"line":104,"column":8},"end":{"line":104,"column":43}},"12":{"start":{"line":105,"column":8},"end":{"line":105,"column":3198}},"13":{"start":{"line":110,"column":8},"end":{"line":110,"column":19}},"14":{"start":{"line":115,"column":8},"end":{"line":115,"column":20}},"15":{"start":{"line":116,"column":8},"end":{"line":116,"column":24}},"16":{"start":{"line":134,"column":8},"end":{"line":134,"column":77}},"17":{"start":{"line":135,"column":8},"end":{"line":135,"column":78}},"18":{"start":{"line":137,"column":8},"end":{"line":137,"column":98}},"19":{"start":{"line":138,"column":8},"end":{"line":138,"column":62}},"20":{"start":{"line":139,"column":8},"end":{"line":139,"column":48}},"21":{"start":{"line":152,"column":8},"end":{"line":152,"column":72}},"22":{"start":{"line":154,"column":8},"end":{"line":154,"column":46}},"23":{"start":{"line":155,"column":8},"end":{"line":155,"column":58}},"24":{"start":{"line":156,"column":8},"end":{"line":156,"column":50}},"25":{"start":{"line":171,"column":8},"end":{"line":171,"column":74}},"26":{"start":{"line":173,"column":8},"end":{"line":173,"column":96}},"27":{"start":{"line":174,"column":8},"end":{"line":174,"column":46}},"28":{"start":{"line":175,"column":8},"end":{"line":175,"column":50}},"29":{"start":{"line":192,"column":8},"end":{"line":192,"column":75}},"30":{"start":{"line":193,"column":8},"end":{"line":193,"column":75}},"31":{"start":{"line":195,"column":8},"end":{"line":195,"column":43}},"32":{"start":{"line":196,"column":8},"end":{"line":196,"column":45}}},"branchMap":{"1":{"line":134,"type":"if","locations":[{"start":{"line":134,"column":8},"end":{"line":134,"column":8}},{"start":{"line":134,"column":8},"end":{"line":134,"column":8}}]},"2":{"line":135,"type":"if","locations":[{"start":{"line":135,"column":8},"end":{"line":135,"column":8}},{"start":{"line":135,"column":8},"end":{"line":135,"column":8}}]},"3":{"line":152,"type":"if","locations":[{"start":{"line":152,"column":8},"end":{"line":152,"column":8}},{"start":{"line":152,"column":8},"end":{"line":152,"column":8}}]},"4":{"line":171,"type":"if","locations":[{"start":{"line":171,"column":8},"end":{"line":171,"column":8}},{"start":{"line":171,"column":8},"end":{"line":171,"column":8}}]},"5":{"line":192,"type":"if","locations":[{"start":{"line":192,"column":8},"end":{"line":192,"column":8}},{"start":{"line":192,"column":8},"end":{"line":192,"column":8}}]},"6":{"line":193,"type":"if","locations":[{"start":{"line":193,"column":8},"end":{"line":193,"column":8}},{"start":{"line":193,"column":8},"end":{"line":193,"column":8}}]}}},
"contracts/routers/PortfolioRouter.sol":{"l":{"14":9,"15":9,"19":0,"20":0,"24":28},"path":"/home/peter/Documents/Bodhi/asset_management_solidity_v1/contracts/routers/PortfolioRouter.sol","s":{"1":9,"2":9,"3":0,"4":28},"b":{"1":[0,0]},"f":{"1":9,"2":0,"3":28},"fnMap":{"1":{"name":"constructor","line":13,"loc":{"start":{"line":13,"column":4},"end":{"line":16,"column":4}}},"2":{"name":"onlyApproved","line":18,"loc":{"start":{"line":18,"column":4},"end":{"line":21,"column":4}}},"3":{"name":"getPackage","line":23,"loc":{"start":{"line":23,"column":4},"end":{"line":25,"column":4}}}},"statementMap":{"1":{"start":{"line":14,"column":8},"end":{"line":14,"column":19}},"2":{"start":{"line":15,"column":8},"end":{"line":15,"column":29}},"3":{"start":{"line":19,"column":8},"end":{"line":19,"column":111}},"4":{"start":{"line":24,"column":8},"end":{"line":24,"column":23}}},"branchMap":{"1":{"line":19,"type":"if","locations":[{"start":{"line":19,"column":8},"end":{"line":19,"column":8}},{"start":{"line":19,"column":8},"end":{"line":19,"column":8}}]}}},
"contracts/routers/UniswapRouter.sol":{"l":{"20":9,"21":9,"25":1,"26":1,"30":0,"31":0,"32":0,"33":0,"46":195,"49":195,"50":195,"51":195,"53":167,"54":167,"55":167,"56":167,"58":28,"59":28,"60":28,"61":28,"66":195,"67":195,"68":195,"69":14,"70":14,"71":14,"73":181,"75":195,"79":195,"80":195,"81":195,"87":0},"path":"/home/peter/Documents/Bodhi/asset_management_solidity_v1/contracts/routers/UniswapRouter.sol","s":{"1":9,"2":9,"3":1,"4":1,"5":0,"6":0,"7":0,"8":0,"9":195,"10":195,"11":195,"12":195,"13":167,"14":167,"15":167,"16":167,"17":28,"18":28,"19":28,"20":28,"21":195,"22":195,"23":195,"24":14,"25":14,"26":14,"27":181,"28":195,"29":195,"30":195,"31":195},"b":{"1":[195,0],"2":[167,28],"3":[28,0],"4":[195,0],"5":[14,181]},"f":{"1":9,"2":1,"3":0,"4":195,"5":195},"fnMap":{"1":{"name":"constructor","line":19,"loc":{"start":{"line":19,"column":4},"end":{"line":22,"column":4}}},"2":{"name":"spotPrice","line":24,"loc":{"start":{"line":24,"column":4},"end":{"line":27,"column":4}}},"3":{"name":"swapPrice","line":29,"loc":{"start":{"line":29,"column":4},"end":{"line":34,"column":4}}},"4":{"name":"swap","line":36,"loc":{"start":{"line":36,"column":4},"end":{"line":76,"column":4}}},"5":{"name":"_pairSwap","line":78,"loc":{"start":{"line":78,"column":4},"end":{"line":84,"column":4}}}},"statementMap":{"1":{"start":{"line":20,"column":8},"end":{"line":20,"column":26}},"2":{"start":{"line":21,"column":8},"end":{"line":21,"column":38}},"3":{"start":{"line":25,"column":8},"end":{"line":25,"column":104}},"4":{"start":{"line":26,"column":8},"end":{"line":26,"column":65}},"5":{"start":{"line":30,"column":8},"end":{"line":30,"column":48}},"6":{"start":{"line":31,"column":8},"end":{"line":31,"column":24}},"7":{"start":{"line":32,"column":8},"end":{"line":32,"column":25}},"8":{"start":{"line":33,"column":8},"end":{"line":33,"column":72}},"9":{"start":{"line":46,"column":8},"end":{"line":46,"column":84}},"10":{"start":{"line":49,"column":8},"end":{"line":49,"column":92}},"11":{"start":{"line":50,"column":8},"end":{"line":50,"column":48}},"12":{"start":{"line":51,"column":8},"end":{"line":51,"column":2058}},"13":{"start":{"line":53,"column":12},"end":{"line":53,"column":25}},"14":{"start":{"line":54,"column":12},"end":{"line":54,"column":29}},"15":{"start":{"line":55,"column":12},"end":{"line":55,"column":46}},"16":{"start":{"line":56,"column":12},"end":{"line":56,"column":100}},"17":{"start":{"line":58,"column":12},"end":{"line":58,"column":93}},"18":{"start":{"line":59,"column":12},"end":{"line":59,"column":28}},"19":{"start":{"line":60,"column":12},"end":{"line":60,"column":61}},"20":{"start":{"line":61,"column":12},"end":{"line":61,"column":2629}},"21":{"start":{"line":66,"column":8},"end":{"line":66,"column":83}},"22":{"start":{"line":67,"column":8},"end":{"line":67,"column":82}},"23":{"start":{"line":68,"column":8},"end":{"line":68,"column":2953}},"24":{"start":{"line":69,"column":12},"end":{"line":69,"column":81}},"25":{"start":{"line":70,"column":12},"end":{"line":70,"column":41}},"26":{"start":{"line":71,"column":12},"end":{"line":71,"column":55}},"27":{"start":{"line":73,"column":12},"end":{"line":73,"column":70}},"28":{"start":{"line":75,"column":8},"end":{"line":75,"column":19}},"29":{"start":{"line":79,"column":8},"end":{"line":79,"column":71}},"30":{"start":{"line":80,"column":8},"end":{"line":80,"column":111}},"31":{"start":{"line":81,"column":8},"end":{"line":81,"column":3643}}},"branchMap":{"1":{"line":46,"type":"if","locations":[{"start":{"line":46,"column":8},"end":{"line":46,"column":8}},{"start":{"line":46,"column":8},"end":{"line":46,"column":8}}]},"2":{"line":51,"type":"if","locations":[{"start":{"line":51,"column":8},"end":{"line":51,"column":8}},{"start":{"line":51,"column":8},"end":{"line":51,"column":8}}]},"3":{"line":58,"type":"if","locations":[{"start":{"line":58,"column":12},"end":{"line":58,"column":12}},{"start":{"line":58,"column":12},"end":{"line":58,"column":12}}]},"4":{"line":67,"type":"if","locations":[{"start":{"line":67,"column":8},"end":{"line":67,"column":8}},{"start":{"line":67,"column":8},"end":{"line":67,"column":8}}]},"5":{"line":68,"type":"if","locations":[{"start":{"line":68,"column":8},"end":{"line":68,"column":8}},{"start":{"line":68,"column":8},"end":{"line":68,"column":8}}]}}},
"contracts/test/LibraryWrapper.sol":{"l":{"14":3,"15":3,"19":6,"24":0,"29":0,"33":7,"34":7,"42":146,"49":0},"path":"/home/peter/Documents/Bodhi/asset_management_solidity_v1/contracts/test/LibraryWrapper.sol","s":{"1":3,"2":3,"3":6,"4":0,"5":0,"6":7,"7":7,"8":146,"9":0},"b":{},"f":{"1":3,"2":6,"3":0,"4":7,"5":146,"6":0},"fnMap":{"1":{"name":"constructor","line":13,"loc":{"start":{"line":13,"column":4},"end":{"line":16,"column":4}}},"2":{"name":"isBalanced","line":18,"loc":{"start":{"line":18,"column":4},"end":{"line":21,"column":4}}},"3":{"name":"isRebalanceNeeded","line":23,"loc":{"start":{"line":23,"column":4},"end":{"line":30,"column":4}}},"4":{"name":"getPortfolioValue","line":32,"loc":{"start":{"line":32,"column":4},"end":{"line":35,"column":4}}},"5":{"name":"getTokenValue","line":37,"loc":{"start":{"line":37,"column":4},"end":{"line":43,"column":4}}},"6":{"name":"getExpectedTokenValue","line":45,"loc":{"start":{"line":45,"column":4},"end":{"line":50,"column":4}}}},"statementMap":{"1":{"start":{"line":14,"column":8},"end":{"line":14,"column":32}},"2":{"start":{"line":15,"column":8},"end":{"line":15,"column":41}},"3":{"start":{"line":19,"column":8},"end":{"line":19,"column":579}},"4":{"start":{"line":24,"column":8},"end":{"line":24,"column":729}},"5":{"start":{"line":29,"column":8},"end":{"line":29,"column":24}},"6":{"start":{"line":33,"column":8},"end":{"line":33,"column":100}},"7":{"start":{"line":34,"column":8},"end":{"line":34,"column":20}},"8":{"start":{"line":42,"column":8},"end":{"line":42,"column":72}},"9":{"start":{"line":49,"column":8},"end":{"line":49,"column":87}}},"branchMap":{}},
"contracts/test/TestOracle.sol":{"l":{"17":9,"18":9,"28":20,"29":20,"30":20,"31":247,"32":247,"33":0,"35":0,"37":247,"38":247,"39":233,"41":14,"45":247,"46":247,"48":20,"52":911,"53":911,"54":624,"56":287},"path":"/home/peter/Documents/Bodhi/asset_management_solidity_v1/contracts/test/TestOracle.sol","s":{"1":9,"2":9,"3":20,"4":20,"5":20,"6":247,"7":247,"8":0,"9":247,"10":0,"11":247,"12":247,"13":233,"14":14,"15":247,"16":247,"17":20,"18":911,"19":911,"20":624,"21":287},"b":{"1":[0,247],"2":[0,247],"3":[233,14],"4":[624,287]},"f":{"1":9,"2":20,"3":911},"fnMap":{"1":{"name":"constructor","line":16,"loc":{"start":{"line":16,"column":4},"end":{"line":19,"column":4}}},"2":{"name":"estimateTotal","line":21,"loc":{"start":{"line":21,"column":4},"end":{"line":49,"column":4}}},"3":{"name":"consult","line":51,"loc":{"start":{"line":51,"column":4},"end":{"line":59,"column":4}}}},"statementMap":{"1":{"start":{"line":17,"column":8},"end":{"line":17,"column":25}},"2":{"start":{"line":18,"column":8},"end":{"line":18,"column":19}},"3":{"start":{"line":28,"column":8},"end":{"line":28,"column":25}},"4":{"start":{"line":29,"column":8},"end":{"line":29,"column":65}},"5":{"start":{"line":30,"column":8},"end":{"line":30,"column":828}},"6":{"start":{"line":31,"column":12},"end":{"line":31,"column":28}},"7":{"start":{"line":32,"column":12},"end":{"line":32,"column":920}},"8":{"start":{"line":33,"column":16},"end":{"line":33,"column":41}},"9":{"start":{"line":34,"column":19},"end":{"line":34,"column":1014}},"10":{"start":{"line":35,"column":16},"end":{"line":35,"column":62}},"11":{"start":{"line":37,"column":16},"end":{"line":37,"column":70}},"12":{"start":{"line":38,"column":16},"end":{"line":38,"column":1217}},"13":{"start":{"line":39,"column":20},"end":{"line":39,"column":57}},"14":{"start":{"line":41,"column":20},"end":{"line":41,"column":31}},"15":{"start":{"line":45,"column":12},"end":{"line":45,"column":38}},"16":{"start":{"line":46,"column":12},"end":{"line":46,"column":34}},"17":{"start":{"line":48,"column":8},"end":{"line":48,"column":33}},"18":{"start":{"line":52,"column":8},"end":{"line":52,"column":97}},"19":{"start":{"line":53,"column":8},"end":{"line":53,"column":1710}},"20":{"start":{"line":54,"column":12},"end":{"line":54,"column":69}},"21":{"start":{"line":56,"column":12},"end":{"line":56,"column":20}}},"branchMap":{"1":{"line":32,"type":"if","locations":[{"start":{"line":32,"column":12},"end":{"line":32,"column":12}},{"start":{"line":32,"column":12},"end":{"line":32,"column":12}}]},"2":{"line":34,"type":"if","locations":[{"start":{"line":34,"column":19},"end":{"line":34,"column":19}},{"start":{"line":34,"column":19},"end":{"line":34,"column":19}}]},"3":{"line":38,"type":"if","locations":[{"start":{"line":38,"column":16},"end":{"line":38,"column":16}},{"start":{"line":38,"column":16},"end":{"line":38,"column":16}}]},"4":{"line":53,"type":"if","locations":[{"start":{"line":53,"column":8},"end":{"line":53,"column":8}},{"start":{"line":53,"column":8},"end":{"line":53,"column":8}}]}}},
"contracts/test/TestWhitelist.sol":{"l":{"11":5,"15":0,"19":12},"path":"/home/peter/Documents/Bodhi/asset_management_solidity_v1/contracts/test/TestWhitelist.sol","s":{"1":5,"2":12},"b":{},"f":{"1":5,"2":0,"3":12},"fnMap":{"1":{"name":"approve","line":10,"loc":{"start":{"line":10,"column":4},"end":{"line":12,"column":4}}},"2":{"name":"revoke","line":14,"loc":{"start":{"line":14,"column":4},"end":{"line":16,"column":4}}},"3":{"name":"approved","line":18,"loc":{"start":{"line":18,"column":4},"end":{"line":20,"column":4}}}},"statementMap":{"1":{"start":{"line":11,"column":8},"end":{"line":11,"column":33}},"2":{"start":{"line":19,"column":8},"end":{"line":19,"column":34}}},"branchMap":{}}}
