{
"contracts/adapters/BaseAdapter.sol":{"l":{"10":61},"path":"/home/peter/Documents/Enso/Monorepo/packages/contracts/contracts/adapters/BaseAdapter.sol","s":{"1":61},"b":{},"f":{"1":61},"fnMap":{"1":{"name":"constructor","line":9,"loc":{"start":{"line":9,"column":4},"end":{"line":11,"column":4}}}},"statementMap":{"1":{"start":{"line":10,"column":8},"end":{"line":10,"column":19}}},"branchMap":{}},
"contracts/adapters/borrow/AaveBorrowAdapter.sol":{"l":{"21":4,"29":3,"30":1,"32":1,"34":1,"45":173,"46":173,"48":173,"50":67,"51":0,"52":67,"53":67,"56":106,"57":106,"58":106,"59":104,"60":0,"62":0,"67":108,"68":94,"69":93,"71":1,"73":0},"path":"/home/peter/Documents/Enso/Monorepo/packages/contracts/contracts/adapters/borrow/AaveBorrowAdapter.sol","s":{"1":4,"2":3,"3":1,"4":2,"5":1,"6":1,"7":173,"8":173,"9":173,"10":67,"11":0,"12":67,"13":67,"14":106,"15":106,"16":106,"17":106,"18":104,"19":0,"20":0,"21":108,"22":14,"23":94,"24":93,"25":1,"26":1,"27":0},"b":{"1":[1,2],"2":[1,1],"3":[173,0],"4":[67,106],"5":[0,67],"6":[106,0],"7":[106,0],"8":[0,104],"9":[14,94],"10":[93,1],"11":[1,0]},"f":{"1":4,"2":3,"3":173,"4":108},"fnMap":{"1":{"name":"constructor","line":20,"loc":{"start":{"line":20,"column":4},"end":{"line":22,"column":4}}},"2":{"name":"spotPrice","line":24,"loc":{"start":{"line":24,"column":4},"end":{"line":35,"column":4}}},"3":{"name":"swap","line":37,"loc":{"start":{"line":37,"column":4},"end":{"line":64,"column":4}}},"4":{"name":"_convert","line":66,"loc":{"start":{"line":66,"column":4},"end":{"line":78,"column":4}}}},"statementMap":{"1":{"start":{"line":21,"column":8},"end":{"line":21,"column":76}},"2":{"start":{"line":29,"column":8},"end":{"line":29,"column":1025}},"3":{"start":{"line":30,"column":12},"end":{"line":30,"column":50}},"4":{"start":{"line":31,"column":15},"end":{"line":31,"column":1122}},"5":{"start":{"line":32,"column":12},"end":{"line":32,"column":51}},"6":{"start":{"line":34,"column":8},"end":{"line":34,"column":16}},"7":{"start":{"line":45,"column":8},"end":{"line":45,"column":58}},"8":{"start":{"line":46,"column":8},"end":{"line":46,"column":64}},"9":{"start":{"line":48,"column":8},"end":{"line":48,"column":1734}},"10":{"start":{"line":50,"column":12},"end":{"line":50,"column":1919}},"11":{"start":{"line":51,"column":16},"end":{"line":51,"column":76}},"12":{"start":{"line":52,"column":12},"end":{"line":52,"column":55}},"13":{"start":{"line":53,"column":12},"end":{"line":53,"column":66}},"14":{"start":{"line":54,"column":15},"end":{"line":54,"column":2098}},"15":{"start":{"line":56,"column":12},"end":{"line":56,"column":63}},"16":{"start":{"line":57,"column":12},"end":{"line":57,"column":72}},"17":{"start":{"line":58,"column":12},"end":{"line":58,"column":75}},"18":{"start":{"line":59,"column":12},"end":{"line":59,"column":2514}},"19":{"start":{"line":60,"column":16},"end":{"line":60,"column":58}},"20":{"start":{"line":62,"column":12},"end":{"line":62,"column":19}},"21":{"start":{"line":67,"column":8},"end":{"line":67,"column":46}},"22":{"start":{"line":67,"column":33},"end":{"line":67,"column":46}},"23":{"start":{"line":68,"column":8},"end":{"line":68,"column":2768}},"24":{"start":{"line":69,"column":10},"end":{"line":69,"column":164}},"25":{"start":{"line":70,"column":15},"end":{"line":70,"column":2972}},"26":{"start":{"line":71,"column":10},"end":{"line":71,"column":162}},"27":{"start":{"line":73,"column":10},"end":{"line":73,"column":3286}}},"branchMap":{"1":{"line":29,"type":"if","locations":[{"start":{"line":29,"column":8},"end":{"line":29,"column":8}},{"start":{"line":29,"column":8},"end":{"line":29,"column":8}}]},"2":{"line":31,"type":"if","locations":[{"start":{"line":31,"column":15},"end":{"line":31,"column":15}},{"start":{"line":31,"column":15},"end":{"line":31,"column":15}}]},"3":{"line":45,"type":"if","locations":[{"start":{"line":45,"column":8},"end":{"line":45,"column":8}},{"start":{"line":45,"column":8},"end":{"line":45,"column":8}}]},"4":{"line":48,"type":"if","locations":[{"start":{"line":48,"column":8},"end":{"line":48,"column":8}},{"start":{"line":48,"column":8},"end":{"line":48,"column":8}}]},"5":{"line":50,"type":"if","locations":[{"start":{"line":50,"column":12},"end":{"line":50,"column":12}},{"start":{"line":50,"column":12},"end":{"line":50,"column":12}}]},"6":{"line":54,"type":"if","locations":[{"start":{"line":54,"column":15},"end":{"line":54,"column":15}},{"start":{"line":54,"column":15},"end":{"line":54,"column":15}}]},"7":{"line":57,"type":"if","locations":[{"start":{"line":57,"column":12},"end":{"line":57,"column":12}},{"start":{"line":57,"column":12},"end":{"line":57,"column":12}}]},"8":{"line":59,"type":"if","locations":[{"start":{"line":59,"column":12},"end":{"line":59,"column":12}},{"start":{"line":59,"column":12},"end":{"line":59,"column":12}}]},"9":{"line":67,"type":"if","locations":[{"start":{"line":67,"column":8},"end":{"line":67,"column":8}},{"start":{"line":67,"column":8},"end":{"line":67,"column":8}}]},"10":{"line":68,"type":"if","locations":[{"start":{"line":68,"column":8},"end":{"line":68,"column":8}},{"start":{"line":68,"column":8},"end":{"line":68,"column":8}}]},"11":{"line":70,"type":"if","locations":[{"start":{"line":70,"column":15},"end":{"line":70,"column":15}},{"start":{"line":70,"column":15},"end":{"line":70,"column":15}}]}}},
"contracts/adapters/borrow/Leverage2XAdapter.sol":{"l":{"26":2,"27":2,"28":2,"29":2,"37":0,"38":0,"39":0,"41":0,"54":14,"55":14,"57":14,"58":14,"60":14,"61":14,"63":14,"65":14,"67":14,"69":14,"71":14,"73":13,"75":13,"88":96,"89":96,"101":96,"102":96,"105":96,"109":14,"111":14,"112":14,"125":14},"path":"/home/peter/Documents/Enso/Monorepo/packages/contracts/contracts/adapters/borrow/Leverage2XAdapter.sol","s":{"1":2,"2":2,"3":2,"4":2,"5":0,"6":0,"7":0,"8":14,"9":14,"10":14,"11":14,"12":14,"13":14,"14":14,"15":14,"16":14,"17":14,"18":14,"19":13,"20":13,"21":96,"22":96,"23":96,"24":96,"25":14,"26":14,"27":14},"b":{"1":[0,0],"2":[14,0],"3":[14,0],"4":[14,0],"5":[14,0],"6":[14,0],"7":[94,2]},"f":{"1":2,"2":0,"3":14,"4":96,"5":14},"fnMap":{"1":{"name":"constructor","line":25,"loc":{"start":{"line":19,"column":4},"end":{"line":30,"column":4}}},"2":{"name":"spotPrice","line":32,"loc":{"start":{"line":32,"column":4},"end":{"line":43,"column":4}}},"3":{"name":"swap","line":46,"loc":{"start":{"line":46,"column":4},"end":{"line":76,"column":4}}},"4":{"name":"_delegateSwap","line":78,"loc":{"start":{"line":78,"column":4},"end":{"line":106,"column":4}}},"5":{"name":"_checkAToken","line":108,"loc":{"start":{"line":108,"column":4},"end":{"line":126,"column":4}}}},"statementMap":{"1":{"start":{"line":26,"column":8},"end":{"line":26,"column":39}},"2":{"start":{"line":27,"column":8},"end":{"line":27,"column":41}},"3":{"start":{"line":28,"column":8},"end":{"line":28,"column":45}},"4":{"start":{"line":29,"column":8},"end":{"line":29,"column":29}},"5":{"start":{"line":38,"column":8},"end":{"line":38,"column":1238}},"6":{"start":{"line":39,"column":10},"end":{"line":39,"column":30}},"7":{"start":{"line":41,"column":10},"end":{"line":41,"column":18}},"8":{"start":{"line":54,"column":8},"end":{"line":54,"column":58}},"9":{"start":{"line":55,"column":8},"end":{"line":55,"column":66}},"10":{"start":{"line":57,"column":8},"end":{"line":57,"column":1805}},"11":{"start":{"line":58,"column":12},"end":{"line":58,"column":72}},"12":{"start":{"line":60,"column":8},"end":{"line":60,"column":63}},"13":{"start":{"line":61,"column":8},"end":{"line":61,"column":87}},"14":{"start":{"line":63,"column":8},"end":{"line":63,"column":86}},"15":{"start":{"line":65,"column":8},"end":{"line":65,"column":99}},"16":{"start":{"line":67,"column":8},"end":{"line":67,"column":133}},"17":{"start":{"line":69,"column":8},"end":{"line":69,"column":120}},"18":{"start":{"line":71,"column":8},"end":{"line":71,"column":99}},"19":{"start":{"line":73,"column":8},"end":{"line":73,"column":133}},"20":{"start":{"line":75,"column":8},"end":{"line":75,"column":127}},"21":{"start":{"line":88,"column":8},"end":{"line":88,"column":20}},"22":{"start":{"line":89,"column":8},"end":{"line":89,"column":3552}},"23":{"start":{"line":101,"column":8},"end":{"line":101,"column":33}},"24":{"start":{"line":105,"column":8},"end":{"line":105,"column":38}},"25":{"start":{"line":109,"column":8},"end":{"line":109,"column":66}},"26":{"start":{"line":111,"column":8},"end":{"line":111,"column":20}},"27":{"start":{"line":125,"column":8},"end":{"line":125,"column":22}}},"branchMap":{"1":{"line":38,"type":"if","locations":[{"start":{"line":38,"column":8},"end":{"line":38,"column":8}},{"start":{"line":38,"column":8},"end":{"line":38,"column":8}}]},"2":{"line":54,"type":"if","locations":[{"start":{"line":54,"column":8},"end":{"line":54,"column":8}},{"start":{"line":54,"column":8},"end":{"line":54,"column":8}}]},"3":{"line":55,"type":"if","locations":[{"start":{"line":55,"column":8},"end":{"line":55,"column":8}},{"start":{"line":55,"column":8},"end":{"line":55,"column":8}}]},"4":{"line":57,"type":"if","locations":[{"start":{"line":57,"column":8},"end":{"line":57,"column":8}},{"start":{"line":57,"column":8},"end":{"line":57,"column":8}}]},"5":{"line":60,"type":"if","locations":[{"start":{"line":60,"column":8},"end":{"line":60,"column":8}},{"start":{"line":60,"column":8},"end":{"line":60,"column":8}}]},"6":{"line":61,"type":"if","locations":[{"start":{"line":61,"column":8},"end":{"line":61,"column":8}},{"start":{"line":61,"column":8},"end":{"line":61,"column":8}}]},"7":{"line":105,"type":"if","locations":[{"start":{"line":105,"column":8},"end":{"line":105,"column":8}},{"start":{"line":105,"column":8},"end":{"line":105,"column":8}}]}}},
"contracts/adapters/exchanges/BalancerAdapter.sol":{"l":{"50":1,"58":16,"59":16,"76":85,"77":84,"78":84,"93":84,"94":84,"96":84,"97":98,"98":98,"99":98,"101":98,"102":0,"104":98,"106":96,"113":92,"116":78,"118":77,"119":77,"120":73,"134":100,"136":100,"137":100,"138":100,"139":114,"140":114,"143":100,"144":100,"145":100,"146":114,"147":114,"150":100,"151":14,"153":86,"156":100,"158":100,"159":114,"169":100,"171":100,"182":114,"183":114,"184":114,"185":114,"186":114,"187":114,"189":114,"194":114,"204":114,"217":114,"222":114,"233":100,"234":100,"235":114,"244":114,"246":100},"path":"/home/peter/Documents/Enso/Monorepo/packages/contracts/contracts/adapters/exchanges/BalancerAdapter.sol","s":{"1":1,"2":16,"3":16,"4":85,"5":84,"6":84,"7":84,"8":84,"9":84,"10":98,"11":98,"12":98,"13":98,"14":0,"15":98,"16":96,"17":92,"18":78,"19":77,"20":77,"21":73,"22":73,"23":100,"24":100,"25":100,"26":100,"27":114,"28":114,"29":100,"30":100,"31":100,"32":114,"33":114,"34":100,"35":14,"36":86,"37":100,"38":100,"39":114,"40":100,"41":100,"42":114,"43":114,"44":114,"45":114,"46":114,"47":114,"48":114,"49":114,"50":114,"51":114,"52":114,"53":100,"54":100,"55":114,"56":114,"57":100},"b":{"1":[84,1],"2":[84,0],"3":[0,98],"4":[77,1],"5":[77,0],"6":[73,0],"7":[14,86]},"f":{"1":1,"2":16,"3":85,"4":84,"5":100,"6":114,"7":114,"8":100},"fnMap":{"1":{"name":"constructor","line":49,"loc":{"start":{"line":49,"column":4},"end":{"line":51,"column":4}}},"2":{"name":"spotPrice","line":53,"loc":{"start":{"line":53,"column":4},"end":{"line":60,"column":4}}},"3":{"name":"swap","line":68,"loc":{"start":{"line":68,"column":4},"end":{"line":79,"column":4}}},"4":{"name":"_batchSwapExactIn","line":81,"loc":{"start":{"line":81,"column":4},"end":{"line":122,"column":4}}},"5":{"name":"_viewSplitExactIn","line":124,"loc":{"start":{"line":124,"column":4},"end":{"line":172,"column":4}}},"6":{"name":"_getPoolData","line":174,"loc":{"start":{"line":174,"column":4},"end":{"line":205,"column":4}}},"7":{"name":"_calcEffectiveLiquidity","line":207,"loc":{"start":{"line":207,"column":4},"end":{"line":223,"column":4}}},"8":{"name":"_calcTotalOutExactIn","line":225,"loc":{"start":{"line":225,"column":4},"end":{"line":247,"column":4}}}},"statementMap":{"1":{"start":{"line":50,"column":8},"end":{"line":50,"column":46}},"2":{"start":{"line":58,"column":6},"end":{"line":58,"column":93}},"3":{"start":{"line":59,"column":6},"end":{"line":59,"column":27}},"4":{"start":{"line":76,"column":8},"end":{"line":76,"column":58}},"5":{"start":{"line":77,"column":8},"end":{"line":77,"column":93}},"6":{"start":{"line":78,"column":8},"end":{"line":78,"column":94}},"7":{"start":{"line":93,"column":8},"end":{"line":93,"column":3245}},"8":{"start":{"line":94,"column":12},"end":{"line":94,"column":71}},"9":{"start":{"line":96,"column":8},"end":{"line":96,"column":3291}},"10":{"start":{"line":97,"column":12},"end":{"line":97,"column":40}},"11":{"start":{"line":98,"column":12},"end":{"line":98,"column":54}},"12":{"start":{"line":99,"column":12},"end":{"line":99,"column":58}},"13":{"start":{"line":101,"column":12},"end":{"line":101,"column":3508}},"14":{"start":{"line":102,"column":16},"end":{"line":102,"column":53}},"15":{"start":{"line":104,"column":12},"end":{"line":104,"column":64}},"16":{"start":{"line":106,"column":12},"end":{"line":106,"column":3744}},"17":{"start":{"line":113,"column":12},"end":{"line":113,"column":62}},"18":{"start":{"line":116,"column":8},"end":{"line":116,"column":68}},"19":{"start":{"line":118,"column":8},"end":{"line":118,"column":4293}},"20":{"start":{"line":119,"column":12},"end":{"line":119,"column":52}},"21":{"start":{"line":120,"column":8},"end":{"line":120,"column":4400}},"22":{"start":{"line":121,"column":12},"end":{"line":121,"column":71}},"23":{"start":{"line":134,"column":8},"end":{"line":134,"column":98}},"24":{"start":{"line":136,"column":8},"end":{"line":136,"column":62}},"25":{"start":{"line":137,"column":8},"end":{"line":137,"column":34}},"26":{"start":{"line":138,"column":8},"end":{"line":138,"column":4912}},"27":{"start":{"line":139,"column":12},"end":{"line":139,"column":71}},"28":{"start":{"line":140,"column":12},"end":{"line":140,"column":89}},"29":{"start":{"line":143,"column":8},"end":{"line":143,"column":65}},"30":{"start":{"line":144,"column":8},"end":{"line":144,"column":29}},"31":{"start":{"line":145,"column":8},"end":{"line":145,"column":5245}},"32":{"start":{"line":146,"column":12},"end":{"line":146,"column":103}},"33":{"start":{"line":147,"column":12},"end":{"line":147,"column":71}},"34":{"start":{"line":150,"column":8},"end":{"line":150,"column":5486}},"35":{"start":{"line":151,"column":12},"end":{"line":151,"column":90}},"36":{"start":{"line":153,"column":12},"end":{"line":153,"column":90}},"37":{"start":{"line":156,"column":8},"end":{"line":156,"column":39}},"38":{"start":{"line":158,"column":8},"end":{"line":158,"column":5788}},"39":{"start":{"line":159,"column":12},"end":{"line":159,"column":5855}},"40":{"start":{"line":169,"column":8},"end":{"line":169,"column":72}},"41":{"start":{"line":171,"column":8},"end":{"line":171,"column":35}},"42":{"start":{"line":182,"column":8},"end":{"line":182,"column":55}},"43":{"start":{"line":183,"column":8},"end":{"line":183,"column":54}},"44":{"start":{"line":184,"column":8},"end":{"line":184,"column":56}},"45":{"start":{"line":185,"column":8},"end":{"line":185,"column":64}},"46":{"start":{"line":186,"column":8},"end":{"line":186,"column":66}},"47":{"start":{"line":187,"column":8},"end":{"line":187,"column":40}},"48":{"start":{"line":189,"column":8},"end":{"line":189,"column":6851}},"49":{"start":{"line":194,"column":8},"end":{"line":194,"column":7101}},"50":{"start":{"line":204,"column":8},"end":{"line":204,"column":25}},"51":{"start":{"line":217,"column":8},"end":{"line":217,"column":7737}},"52":{"start":{"line":222,"column":8},"end":{"line":222,"column":33}},"53":{"start":{"line":233,"column":8},"end":{"line":233,"column":22}},"54":{"start":{"line":234,"column":8},"end":{"line":234,"column":8131}},"55":{"start":{"line":235,"column":12},"end":{"line":235,"column":8217}},"56":{"start":{"line":244,"column":12},"end":{"line":244,"column":48}},"57":{"start":{"line":246,"column":8},"end":{"line":246,"column":26}}},"branchMap":{"1":{"line":76,"type":"if","locations":[{"start":{"line":76,"column":8},"end":{"line":76,"column":8}},{"start":{"line":76,"column":8},"end":{"line":76,"column":8}}]},"2":{"line":93,"type":"if","locations":[{"start":{"line":93,"column":8},"end":{"line":93,"column":8}},{"start":{"line":93,"column":8},"end":{"line":93,"column":8}}]},"3":{"line":101,"type":"if","locations":[{"start":{"line":101,"column":12},"end":{"line":101,"column":12}},{"start":{"line":101,"column":12},"end":{"line":101,"column":12}}]},"4":{"line":116,"type":"if","locations":[{"start":{"line":116,"column":8},"end":{"line":116,"column":8}},{"start":{"line":116,"column":8},"end":{"line":116,"column":8}}]},"5":{"line":118,"type":"if","locations":[{"start":{"line":118,"column":8},"end":{"line":118,"column":8}},{"start":{"line":118,"column":8},"end":{"line":118,"column":8}}]},"6":{"line":120,"type":"if","locations":[{"start":{"line":120,"column":8},"end":{"line":120,"column":8}},{"start":{"line":120,"column":8},"end":{"line":120,"column":8}}]},"7":{"line":150,"type":"if","locations":[{"start":{"line":150,"column":8},"end":{"line":150,"column":8}},{"start":{"line":150,"column":8},"end":{"line":150,"column":8}}]}}},
"contracts/adapters/exchanges/CurveAdapter.sol":{"l":{"22":2,"30":15,"31":14,"32":14,"33":14,"34":13,"35":13,"37":1,"49":39,"50":39,"51":39,"52":13,"53":39,"54":39,"55":39,"56":39,"57":39,"58":38,"59":38,"60":38,"61":25},"path":"/home/peter/Documents/Enso/Monorepo/packages/contracts/contracts/adapters/exchanges/CurveAdapter.sol","s":{"1":2,"2":15,"3":1,"4":14,"5":14,"6":14,"7":13,"8":13,"9":1,"10":39,"11":39,"12":39,"13":13,"14":39,"15":39,"16":39,"17":39,"18":39,"19":38,"20":38,"21":38,"22":25},"b":{"1":[1,14],"2":[13,1],"3":[39,0],"4":[13,26],"5":[39,0],"6":[38,0],"7":[25,13]},"f":{"1":2,"2":15,"3":39},"fnMap":{"1":{"name":"constructor","line":21,"loc":{"start":{"line":18,"column":4},"end":{"line":23,"column":4}}},"2":{"name":"spotPrice","line":25,"loc":{"start":{"line":25,"column":4},"end":{"line":39,"column":4}}},"3":{"name":"swap","line":41,"loc":{"start":{"line":41,"column":4},"end":{"line":62,"column":4}}}},"statementMap":{"1":{"start":{"line":22,"column":8},"end":{"line":22,"column":64}},"2":{"start":{"line":30,"column":8},"end":{"line":30,"column":46}},"3":{"start":{"line":30,"column":33},"end":{"line":30,"column":46}},"4":{"start":{"line":31,"column":8},"end":{"line":31,"column":85}},"5":{"start":{"line":32,"column":8},"end":{"line":32,"column":78}},"6":{"start":{"line":33,"column":8},"end":{"line":33,"column":1135}},"7":{"start":{"line":34,"column":12},"end":{"line":34,"column":105}},"8":{"start":{"line":35,"column":12},"end":{"line":35,"column":76}},"9":{"start":{"line":37,"column":10},"end":{"line":37,"column":18}},"10":{"start":{"line":49,"column":8},"end":{"line":49,"column":58}},"11":{"start":{"line":50,"column":8},"end":{"line":50,"column":85}},"12":{"start":{"line":51,"column":8},"end":{"line":51,"column":1806}},"13":{"start":{"line":52,"column":12},"end":{"line":52,"column":72}},"14":{"start":{"line":53,"column":8},"end":{"line":53,"column":78}},"15":{"start":{"line":54,"column":8},"end":{"line":54,"column":52}},"16":{"start":{"line":55,"column":8},"end":{"line":55,"column":101}},"17":{"start":{"line":56,"column":8},"end":{"line":56,"column":48}},"18":{"start":{"line":57,"column":8},"end":{"line":57,"column":68}},"19":{"start":{"line":58,"column":8},"end":{"line":58,"column":68}},"20":{"start":{"line":59,"column":8},"end":{"line":59,"column":68}},"21":{"start":{"line":60,"column":8},"end":{"line":60,"column":2399}},"22":{"start":{"line":61,"column":12},"end":{"line":61,"column":54}}},"branchMap":{"1":{"line":30,"type":"if","locations":[{"start":{"line":30,"column":8},"end":{"line":30,"column":8}},{"start":{"line":30,"column":8},"end":{"line":30,"column":8}}]},"2":{"line":33,"type":"if","locations":[{"start":{"line":33,"column":8},"end":{"line":33,"column":8}},{"start":{"line":33,"column":8},"end":{"line":33,"column":8}}]},"3":{"line":49,"type":"if","locations":[{"start":{"line":49,"column":8},"end":{"line":49,"column":8}},{"start":{"line":49,"column":8},"end":{"line":49,"column":8}}]},"4":{"line":51,"type":"if","locations":[{"start":{"line":51,"column":8},"end":{"line":51,"column":8}},{"start":{"line":51,"column":8},"end":{"line":51,"column":8}}]},"5":{"line":54,"type":"if","locations":[{"start":{"line":54,"column":8},"end":{"line":54,"column":8}},{"start":{"line":54,"column":8},"end":{"line":54,"column":8}}]},"6":{"line":59,"type":"if","locations":[{"start":{"line":59,"column":8},"end":{"line":59,"column":8}},{"start":{"line":59,"column":8},"end":{"line":59,"column":8}}]},"7":{"line":60,"type":"if","locations":[{"start":{"line":60,"column":8},"end":{"line":60,"column":8}},{"start":{"line":60,"column":8},"end":{"line":60,"column":8}}]}}},
"contracts/adapters/exchanges/SynthetixAdapter.sol":{"l":{"21":1,"29":3,"30":3,"31":3,"32":3,"34":3,"45":128,"46":128,"48":128,"49":128,"50":128,"51":128,"52":53,"54":75,"56":96,"64":131,"65":131,"66":131,"68":131,"72":131,"73":131,"74":131},"path":"/home/peter/Documents/Enso/Monorepo/packages/contracts/contracts/adapters/exchanges/SynthetixAdapter.sol","s":{"1":1,"2":3,"3":3,"4":3,"5":3,"6":3,"7":128,"8":128,"9":128,"10":128,"11":128,"12":128,"13":53,"14":75,"15":96,"16":131,"17":131,"18":131,"19":131,"20":131,"21":131,"22":131},"b":{"1":[128,0],"2":[128,0],"3":[53,75],"4":[96,0],"5":[131,0],"6":[131,0]},"f":{"1":1,"2":3,"3":128,"4":131,"5":131},"fnMap":{"1":{"name":"constructor","line":20,"loc":{"start":{"line":17,"column":4},"end":{"line":22,"column":4}}},"2":{"name":"spotPrice","line":24,"loc":{"start":{"line":24,"column":4},"end":{"line":35,"column":4}}},"3":{"name":"swap","line":37,"loc":{"start":{"line":37,"column":4},"end":{"line":57,"column":4}}},"4":{"name":"_resolveTokens","line":59,"loc":{"start":{"line":59,"column":4},"end":{"line":69,"column":4}}},"5":{"name":"_resolveSynthetix","line":71,"loc":{"start":{"line":71,"column":4},"end":{"line":75,"column":4}}}},"statementMap":{"1":{"start":{"line":21,"column":8},"end":{"line":21,"column":45}},"2":{"start":{"line":29,"column":8},"end":{"line":29,"column":50}},"3":{"start":{"line":30,"column":8},"end":{"line":30,"column":88}},"4":{"start":{"line":31,"column":8},"end":{"line":31,"column":75}},"5":{"start":{"line":32,"column":8},"end":{"line":32,"column":1156}},"6":{"start":{"line":34,"column":8},"end":{"line":34,"column":29}},"7":{"start":{"line":45,"column":8},"end":{"line":45,"column":58}},"8":{"start":{"line":46,"column":8},"end":{"line":46,"column":73}},"9":{"start":{"line":48,"column":8},"end":{"line":48,"column":50}},"10":{"start":{"line":49,"column":8},"end":{"line":49,"column":88}},"11":{"start":{"line":50,"column":8},"end":{"line":50,"column":24}},"12":{"start":{"line":51,"column":8},"end":{"line":51,"column":1739}},"13":{"start":{"line":52,"column":12},"end":{"line":52,"column":79}},"14":{"start":{"line":54,"column":12},"end":{"line":54,"column":65}},"15":{"start":{"line":56,"column":8},"end":{"line":56,"column":68}},"16":{"start":{"line":64,"column":8},"end":{"line":64,"column":76}},"17":{"start":{"line":65,"column":8},"end":{"line":65,"column":78}},"18":{"start":{"line":66,"column":8},"end":{"line":66,"column":74}},"19":{"start":{"line":68,"column":8},"end":{"line":68,"column":32}},"20":{"start":{"line":72,"column":8},"end":{"line":72,"column":60}},"21":{"start":{"line":73,"column":8},"end":{"line":73,"column":74}},"22":{"start":{"line":74,"column":8},"end":{"line":74,"column":36}}},"branchMap":{"1":{"line":45,"type":"if","locations":[{"start":{"line":45,"column":8},"end":{"line":45,"column":8}},{"start":{"line":45,"column":8},"end":{"line":45,"column":8}}]},"2":{"line":46,"type":"if","locations":[{"start":{"line":46,"column":8},"end":{"line":46,"column":8}},{"start":{"line":46,"column":8},"end":{"line":46,"column":8}}]},"3":{"line":51,"type":"if","locations":[{"start":{"line":51,"column":8},"end":{"line":51,"column":8}},{"start":{"line":51,"column":8},"end":{"line":51,"column":8}}]},"4":{"line":56,"type":"if","locations":[{"start":{"line":56,"column":8},"end":{"line":56,"column":8}},{"start":{"line":56,"column":8},"end":{"line":56,"column":8}}]},"5":{"line":66,"type":"if","locations":[{"start":{"line":66,"column":8},"end":{"line":66,"column":8}},{"start":{"line":66,"column":8},"end":{"line":66,"column":8}}]},"6":{"line":73,"type":"if","locations":[{"start":{"line":73,"column":8},"end":{"line":73,"column":8}},{"start":{"line":73,"column":8},"end":{"line":73,"column":8}}]}}},
"contracts/adapters/exchanges/UniswapV2Adapter.sol":{"l":{"17":27,"25":584,"27":584,"44":4885,"45":4884,"46":4884,"47":4884,"48":4884,"49":4434,"51":450,"53":4882,"54":4882,"57":4882,"58":4882,"59":4881,"60":4880,"70":4880,"71":4880,"73":4880},"path":"/home/peter/Documents/Enso/Monorepo/packages/contracts/contracts/adapters/exchanges/UniswapV2Adapter.sol","s":{"1":27,"2":584,"3":584,"4":4885,"5":4884,"6":4884,"7":4884,"8":4434,"9":450,"10":4882,"11":4882,"12":4882,"13":4882,"14":4881,"15":4880,"16":4880,"17":4880,"18":4880},"b":{"1":[4884,1],"2":[4434,450],"3":[4880,1]},"f":{"1":27,"2":584,"3":4885,"4":4880},"fnMap":{"1":{"name":"constructor","line":16,"loc":{"start":{"line":16,"column":4},"end":{"line":18,"column":4}}},"2":{"name":"spotPrice","line":20,"loc":{"start":{"line":20,"column":4},"end":{"line":28,"column":4}}},"3":{"name":"swap","line":36,"loc":{"start":{"line":36,"column":4},"end":{"line":61,"column":4}}},"4":{"name":"_pairSwap","line":63,"loc":{"start":{"line":63,"column":4},"end":{"line":79,"column":4}}}},"statementMap":{"1":{"start":{"line":17,"column":8},"end":{"line":17,"column":25}},"2":{"start":{"line":25,"column":8},"end":{"line":25,"column":808}},"3":{"start":{"line":27,"column":8},"end":{"line":27,"column":65}},"4":{"start":{"line":44,"column":8},"end":{"line":44,"column":58}},"5":{"start":{"line":46,"column":12},"end":{"line":46,"column":79}},"6":{"start":{"line":47,"column":12},"end":{"line":47,"column":67}},"7":{"start":{"line":48,"column":12},"end":{"line":48,"column":1701}},"8":{"start":{"line":49,"column":16},"end":{"line":49,"column":67}},"9":{"start":{"line":51,"column":16},"end":{"line":51,"column":57}},"10":{"start":{"line":53,"column":12},"end":{"line":53,"column":66}},"11":{"start":{"line":54,"column":12},"end":{"line":54,"column":51}},"12":{"start":{"line":57,"column":8},"end":{"line":57,"column":106}},"13":{"start":{"line":58,"column":8},"end":{"line":58,"column":87}},"14":{"start":{"line":59,"column":8},"end":{"line":59,"column":68}},"15":{"start":{"line":60,"column":8},"end":{"line":60,"column":52}},"16":{"start":{"line":70,"column":8},"end":{"line":70,"column":72}},"17":{"start":{"line":71,"column":8},"end":{"line":71,"column":2711}},"18":{"start":{"line":73,"column":8},"end":{"line":73,"column":2772}}},"branchMap":{"1":{"line":44,"type":"if","locations":[{"start":{"line":44,"column":8},"end":{"line":44,"column":8}},{"start":{"line":44,"column":8},"end":{"line":44,"column":8}}]},"2":{"line":48,"type":"if","locations":[{"start":{"line":48,"column":12},"end":{"line":48,"column":12}},{"start":{"line":48,"column":12},"end":{"line":48,"column":12}}]},"3":{"line":59,"type":"if","locations":[{"start":{"line":59,"column":8},"end":{"line":59,"column":8}},{"start":{"line":59,"column":8},"end":{"line":59,"column":8}}]}}},
"contracts/adapters/exchanges/UniswapV3Adapter.sol":{"l":{"19":1,"20":1,"28":6,"29":5,"30":5,"31":4,"32":4,"33":4,"34":1,"36":3,"39":1,"56":6,"57":6,"58":6,"59":6,"60":6,"61":6},"path":"/home/peter/Documents/Enso/Monorepo/packages/contracts/contracts/adapters/exchanges/UniswapV3Adapter.sol","s":{"1":1,"2":1,"3":6,"4":1,"5":5,"6":5,"7":4,"8":4,"9":4,"10":1,"11":3,"12":1,"13":6,"14":6,"15":6,"16":6,"17":6,"18":6},"b":{"1":[1,5],"2":[4,1],"3":[1,3],"4":[6,0],"5":[6,0]},"f":{"1":1,"2":6,"3":6},"fnMap":{"1":{"name":"constructor","line":18,"loc":{"start":{"line":18,"column":4},"end":{"line":21,"column":4}}},"2":{"name":"spotPrice","line":23,"loc":{"start":{"line":23,"column":4},"end":{"line":40,"column":4}}},"3":{"name":"swap","line":48,"loc":{"start":{"line":48,"column":4},"end":{"line":71,"column":4}}}},"statementMap":{"1":{"start":{"line":19,"column":8},"end":{"line":19,"column":47}},"2":{"start":{"line":20,"column":8},"end":{"line":20,"column":36}},"3":{"start":{"line":28,"column":8},"end":{"line":28,"column":46}},"4":{"start":{"line":28,"column":33},"end":{"line":28,"column":46}},"5":{"start":{"line":29,"column":8},"end":{"line":29,"column":65}},"6":{"start":{"line":30,"column":8},"end":{"line":30,"column":1027}},"7":{"start":{"line":31,"column":12},"end":{"line":31,"column":56}},"8":{"start":{"line":32,"column":12},"end":{"line":32,"column":100}},"9":{"start":{"line":33,"column":12},"end":{"line":33,"column":1238}},"10":{"start":{"line":34,"column":16},"end":{"line":34,"column":52}},"11":{"start":{"line":36,"column":16},"end":{"line":36,"column":52}},"12":{"start":{"line":39,"column":8},"end":{"line":39,"column":16}},"13":{"start":{"line":56,"column":8},"end":{"line":56,"column":58}},"14":{"start":{"line":57,"column":8},"end":{"line":57,"column":2105}},"15":{"start":{"line":58,"column":12},"end":{"line":58,"column":72}},"16":{"start":{"line":59,"column":8},"end":{"line":59,"column":59}},"17":{"start":{"line":60,"column":8},"end":{"line":60,"column":59}},"18":{"start":{"line":61,"column":8},"end":{"line":61,"column":2274}}},"branchMap":{"1":{"line":28,"type":"if","locations":[{"start":{"line":28,"column":8},"end":{"line":28,"column":8}},{"start":{"line":28,"column":8},"end":{"line":28,"column":8}}]},"2":{"line":30,"type":"if","locations":[{"start":{"line":30,"column":8},"end":{"line":30,"column":8}},{"start":{"line":30,"column":8},"end":{"line":30,"column":8}}]},"3":{"line":33,"type":"if","locations":[{"start":{"line":33,"column":12},"end":{"line":33,"column":12}},{"start":{"line":33,"column":12},"end":{"line":33,"column":12}}]},"4":{"line":56,"type":"if","locations":[{"start":{"line":56,"column":8},"end":{"line":56,"column":8}},{"start":{"line":56,"column":8},"end":{"line":56,"column":8}}]},"5":{"line":57,"type":"if","locations":[{"start":{"line":57,"column":8},"end":{"line":57,"column":8}},{"start":{"line":57,"column":8},"end":{"line":57,"column":8}}]}}},
"contracts/adapters/lending/AaveLendAdapter.sol":{"l":{"22":4,"23":4,"31":135,"32":135,"43":299,"44":299,"45":299,"46":144,"47":298,"48":167,"49":167,"50":167,"51":167,"52":165,"54":165,"57":131,"58":131,"63":298,"65":298,"66":298,"79":298},"path":"/home/peter/Documents/Enso/Monorepo/packages/contracts/contracts/adapters/lending/AaveLendAdapter.sol","s":{"1":4,"2":4,"3":135,"4":299,"5":299,"6":299,"7":144,"8":298,"9":167,"10":167,"11":167,"12":167,"13":165,"14":165,"15":131,"16":131,"17":298,"18":298,"19":298},"b":{"1":[299,0],"2":[299,0],"3":[144,155],"4":[167,131],"5":[167,0],"6":[165,0],"7":[131,0]},"f":{"1":4,"2":135,"3":299,"4":298},"fnMap":{"1":{"name":"constructor","line":21,"loc":{"start":{"line":21,"column":4},"end":{"line":24,"column":4}}},"2":{"name":"spotPrice","line":26,"loc":{"start":{"line":26,"column":4},"end":{"line":33,"column":4}}},"3":{"name":"swap","line":35,"loc":{"start":{"line":35,"column":4},"end":{"line":60,"column":4}}},"4":{"name":"_checkAToken","line":62,"loc":{"start":{"line":62,"column":4},"end":{"line":80,"column":4}}}},"statementMap":{"1":{"start":{"line":22,"column":8},"end":{"line":22,"column":76}},"2":{"start":{"line":23,"column":8},"end":{"line":23,"column":68}},"3":{"start":{"line":32,"column":8},"end":{"line":32,"column":21}},"4":{"start":{"line":43,"column":8},"end":{"line":43,"column":58}},"5":{"start":{"line":44,"column":8},"end":{"line":44,"column":66}},"6":{"start":{"line":45,"column":8},"end":{"line":45,"column":1658}},"7":{"start":{"line":46,"column":12},"end":{"line":46,"column":72}},"8":{"start":{"line":47,"column":8},"end":{"line":47,"column":1703}},"9":{"start":{"line":48,"column":12},"end":{"line":48,"column":91}},"10":{"start":{"line":49,"column":12},"end":{"line":49,"column":68}},"11":{"start":{"line":50,"column":12},"end":{"line":50,"column":55}},"12":{"start":{"line":51,"column":12},"end":{"line":51,"column":68}},"13":{"start":{"line":52,"column":12},"end":{"line":52,"column":2042}},"14":{"start":{"line":54,"column":16},"end":{"line":54,"column":51}},"15":{"start":{"line":57,"column":12},"end":{"line":57,"column":91}},"16":{"start":{"line":58,"column":12},"end":{"line":58,"column":90}},"17":{"start":{"line":63,"column":8},"end":{"line":63,"column":66}},"18":{"start":{"line":65,"column":8},"end":{"line":65,"column":20}},"19":{"start":{"line":79,"column":8},"end":{"line":79,"column":22}}},"branchMap":{"1":{"line":43,"type":"if","locations":[{"start":{"line":43,"column":8},"end":{"line":43,"column":8}},{"start":{"line":43,"column":8},"end":{"line":43,"column":8}}]},"2":{"line":44,"type":"if","locations":[{"start":{"line":44,"column":8},"end":{"line":44,"column":8}},{"start":{"line":44,"column":8},"end":{"line":44,"column":8}}]},"3":{"line":45,"type":"if","locations":[{"start":{"line":45,"column":8},"end":{"line":45,"column":8}},{"start":{"line":45,"column":8},"end":{"line":45,"column":8}}]},"4":{"line":47,"type":"if","locations":[{"start":{"line":47,"column":8},"end":{"line":47,"column":8}},{"start":{"line":47,"column":8},"end":{"line":47,"column":8}}]},"5":{"line":48,"type":"if","locations":[{"start":{"line":48,"column":12},"end":{"line":48,"column":12}},{"start":{"line":48,"column":12},"end":{"line":48,"column":12}}]},"6":{"line":52,"type":"if","locations":[{"start":{"line":52,"column":12},"end":{"line":52,"column":12}},{"start":{"line":52,"column":12},"end":{"line":52,"column":12}}]},"7":{"line":57,"type":"if","locations":[{"start":{"line":57,"column":12},"end":{"line":57,"column":12}},{"start":{"line":57,"column":12},"end":{"line":57,"column":12}}]}}},
"contracts/adapters/lending/CompoundAdapter.sol":{"l":{"20":1,"28":19,"29":18,"30":16,"31":16,"32":16,"34":1,"35":1,"36":1,"38":1,"49":43,"51":43,"52":15,"54":43,"55":28,"56":28,"57":28,"58":28,"60":15,"61":15,"62":15,"64":43,"65":43,"67":43,"68":28,"73":1,"74":1,"75":1,"79":63,"81":63,"82":63,"95":63},"path":"/home/peter/Documents/Enso/Monorepo/packages/contracts/contracts/adapters/lending/CompoundAdapter.sol","s":{"1":1,"2":19,"3":1,"4":18,"5":16,"6":16,"7":16,"8":2,"9":1,"10":1,"11":1,"12":1,"13":43,"14":43,"15":15,"16":43,"17":28,"18":28,"19":28,"20":28,"21":15,"22":15,"23":15,"24":43,"25":43,"26":43,"27":28,"28":1,"29":1,"30":1,"31":63,"32":63,"33":63},"b":{"1":[1,18],"2":[16,2],"3":[16,0],"4":[1,1],"5":[1,0],"6":[43,0],"7":[15,28],"8":[28,15],"9":[28,0],"10":[15,0],"11":[43,0],"12":[28,15]},"f":{"1":1,"2":19,"3":43,"4":1,"5":63},"fnMap":{"1":{"name":"constructor","line":19,"loc":{"start":{"line":19,"column":4},"end":{"line":21,"column":4}}},"2":{"name":"spotPrice","line":23,"loc":{"start":{"line":23,"column":4},"end":{"line":39,"column":4}}},"3":{"name":"swap","line":41,"loc":{"start":{"line":41,"column":4},"end":{"line":69,"column":4}}},"4":{"name":"claim","line":72,"loc":{"start":{"line":72,"column":4},"end":{"line":76,"column":4}}},"5":{"name":"_checkCToken","line":78,"loc":{"start":{"line":78,"column":4},"end":{"line":96,"column":4}}}},"statementMap":{"1":{"start":{"line":20,"column":8},"end":{"line":20,"column":47}},"2":{"start":{"line":28,"column":8},"end":{"line":28,"column":46}},"3":{"start":{"line":28,"column":33},"end":{"line":28,"column":46}},"4":{"start":{"line":29,"column":8},"end":{"line":29,"column":964}},"5":{"start":{"line":30,"column":12},"end":{"line":30,"column":46}},"6":{"start":{"line":31,"column":12},"end":{"line":31,"column":1164}},"7":{"start":{"line":32,"column":16},"end":{"line":32,"column":118}},"8":{"start":{"line":33,"column":15},"end":{"line":33,"column":1225}},"9":{"start":{"line":34,"column":12},"end":{"line":34,"column":45}},"10":{"start":{"line":35,"column":12},"end":{"line":35,"column":1424}},"11":{"start":{"line":36,"column":16},"end":{"line":36,"column":119}},"12":{"start":{"line":38,"column":8},"end":{"line":38,"column":16}},"13":{"start":{"line":49,"column":8},"end":{"line":49,"column":58}},"14":{"start":{"line":51,"column":8},"end":{"line":51,"column":1826}},"15":{"start":{"line":52,"column":12},"end":{"line":52,"column":72}},"16":{"start":{"line":54,"column":8},"end":{"line":54,"column":1872}},"17":{"start":{"line":55,"column":12},"end":{"line":55,"column":46}},"18":{"start":{"line":56,"column":12},"end":{"line":56,"column":66}},"19":{"start":{"line":57,"column":12},"end":{"line":57,"column":52}},"20":{"start":{"line":58,"column":12},"end":{"line":58,"column":30}},"21":{"start":{"line":60,"column":12},"end":{"line":60,"column":45}},"22":{"start":{"line":61,"column":12},"end":{"line":61,"column":67}},"23":{"start":{"line":62,"column":12},"end":{"line":62,"column":32}},"24":{"start":{"line":64,"column":8},"end":{"line":64,"column":68}},"25":{"start":{"line":65,"column":8},"end":{"line":65,"column":68}},"26":{"start":{"line":67,"column":8},"end":{"line":67,"column":2483}},"27":{"start":{"line":68,"column":12},"end":{"line":68,"column":54}},"28":{"start":{"line":73,"column":8},"end":{"line":73,"column":50}},"29":{"start":{"line":74,"column":8},"end":{"line":74,"column":24}},"30":{"start":{"line":75,"column":8},"end":{"line":75,"column":51}},"31":{"start":{"line":79,"column":8},"end":{"line":79,"column":50}},"32":{"start":{"line":81,"column":8},"end":{"line":81,"column":20}},"33":{"start":{"line":95,"column":8},"end":{"line":95,"column":22}}},"branchMap":{"1":{"line":28,"type":"if","locations":[{"start":{"line":28,"column":8},"end":{"line":28,"column":8}},{"start":{"line":28,"column":8},"end":{"line":28,"column":8}}]},"2":{"line":29,"type":"if","locations":[{"start":{"line":29,"column":8},"end":{"line":29,"column":8}},{"start":{"line":29,"column":8},"end":{"line":29,"column":8}}]},"3":{"line":31,"type":"if","locations":[{"start":{"line":31,"column":12},"end":{"line":31,"column":12}},{"start":{"line":31,"column":12},"end":{"line":31,"column":12}}]},"4":{"line":33,"type":"if","locations":[{"start":{"line":33,"column":15},"end":{"line":33,"column":15}},{"start":{"line":33,"column":15},"end":{"line":33,"column":15}}]},"5":{"line":35,"type":"if","locations":[{"start":{"line":35,"column":12},"end":{"line":35,"column":12}},{"start":{"line":35,"column":12},"end":{"line":35,"column":12}}]},"6":{"line":49,"type":"if","locations":[{"start":{"line":49,"column":8},"end":{"line":49,"column":8}},{"start":{"line":49,"column":8},"end":{"line":49,"column":8}}]},"7":{"line":51,"type":"if","locations":[{"start":{"line":51,"column":8},"end":{"line":51,"column":8}},{"start":{"line":51,"column":8},"end":{"line":51,"column":8}}]},"8":{"line":54,"type":"if","locations":[{"start":{"line":54,"column":8},"end":{"line":54,"column":8}},{"start":{"line":54,"column":8},"end":{"line":54,"column":8}}]},"9":{"line":56,"type":"if","locations":[{"start":{"line":56,"column":12},"end":{"line":56,"column":12}},{"start":{"line":56,"column":12},"end":{"line":56,"column":12}}]},"10":{"line":61,"type":"if","locations":[{"start":{"line":61,"column":12},"end":{"line":61,"column":12}},{"start":{"line":61,"column":12},"end":{"line":61,"column":12}}]},"11":{"line":65,"type":"if","locations":[{"start":{"line":65,"column":8},"end":{"line":65,"column":8}},{"start":{"line":65,"column":8},"end":{"line":65,"column":8}}]},"12":{"line":67,"type":"if","locations":[{"start":{"line":67,"column":8},"end":{"line":67,"column":8}},{"start":{"line":67,"column":8},"end":{"line":67,"column":8}}]}}},
"contracts/adapters/liquidity/CurveLPAdapter.sol":{"l":{"26":3,"27":3,"35":56,"36":55,"37":55,"38":55,"39":55,"40":39,"42":1,"44":14,"45":14,"46":14,"47":30,"48":29,"49":13,"50":13,"53":14,"54":13,"56":1,"57":1,"58":1,"59":2,"60":2,"61":1,"62":1,"65":1,"68":1,"80":194,"81":194,"82":12,"84":194,"85":194,"86":194,"87":194,"88":119,"90":38,"92":37,"93":37,"94":37,"95":98,"96":86,"97":25,"98":25,"101":37,"102":25,"104":12,"105":12,"106":12,"107":24,"108":24,"109":12,"110":12,"113":12,"116":0,"118":192,"119":192,"120":192,"121":52,"130":144,"131":143,"132":143,"133":143,"134":518,"135":143,"136":143,"138":375,"140":143,"141":143,"142":25,"143":25,"144":25,"146":39,"147":39,"148":39,"150":79,"151":79,"152":79,"163":50,"164":50,"166":50,"167":50,"168":113,"169":113,"170":50,"171":50,"174":50,"175":50,"184":52,"185":52,"186":52,"187":194,"188":52,"189":52,"191":142,"193":52,"194":52,"195":13,"196":13,"197":13,"199":12,"200":12,"201":12,"203":27,"204":27,"205":27,"216":2,"217":2,"219":2,"220":2,"221":3,"222":3,"223":2,"224":2,"227":2},"path":"/home/peter/Documents/Enso/Monorepo/packages/contracts/contracts/adapters/liquidity/CurveLPAdapter.sol","s":{"1":3,"2":3,"3":56,"4":1,"5":55,"6":55,"7":55,"8":55,"9":39,"10":16,"11":1,"12":15,"13":14,"14":14,"15":14,"16":30,"17":29,"18":13,"19":14,"20":13,"21":1,"22":1,"23":1,"24":2,"25":2,"26":1,"27":1,"28":1,"29":1,"30":194,"31":194,"32":12,"33":194,"34":194,"35":194,"36":194,"37":119,"38":75,"39":38,"40":37,"41":37,"42":37,"43":37,"44":98,"45":86,"46":25,"47":37,"48":25,"49":12,"50":12,"51":12,"52":24,"53":24,"54":12,"55":12,"56":12,"57":0,"58":192,"59":192,"60":192,"61":52,"62":144,"63":143,"64":143,"65":143,"66":518,"67":143,"68":375,"69":143,"70":143,"71":143,"72":25,"73":25,"74":25,"75":118,"76":39,"77":39,"78":39,"79":79,"80":79,"81":79,"82":79,"83":50,"84":50,"85":37,"86":50,"87":50,"88":113,"89":113,"90":50,"91":50,"92":50,"93":52,"94":52,"95":52,"96":194,"97":52,"98":142,"99":52,"100":52,"101":0,"102":52,"103":13,"104":13,"105":13,"106":39,"107":12,"108":12,"109":12,"110":27,"111":27,"112":27,"113":27,"114":2,"115":2,"116":2,"117":2,"118":2,"119":3,"120":0,"121":3,"122":2,"123":2},"b":{"1":[1,55],"2":[39,16],"3":[1,15],"4":[14,1],"5":[1,29],"6":[13,16],"7":[13,1],"8":[0,2],"9":[1,1],"10":[1,0],"11":[194,0],"12":[12,182],"13":[119,75],"14":[38,37],"15":[37,0],"16":[12,86],"17":[25,61],"18":[25,12],"19":[0,24],"20":[12,12],"21":[12,0],"22":[192,0],"23":[52,140],"24":[143,375],"25":[143,232],"26":[143,0],"27":[25,118],"28":[39,79],"29":[79,0],"30":[37,13],"31":[113,0],"32":[50,63],"33":[52,142],"34":[52,90],"35":[0,52],"36":[13,39],"37":[12,27],"38":[27,0],"39":[2,0],"40":[0,3],"41":[2,1]},"f":{"1":3,"2":56,"3":194,"4":144,"5":50,"6":52,"7":2},"fnMap":{"1":{"name":"constructor","line":25,"loc":{"start":{"line":21,"column":4},"end":{"line":28,"column":4}}},"2":{"name":"spotPrice","line":30,"loc":{"start":{"line":30,"column":4},"end":{"line":70,"column":4}}},"3":{"name":"swap","line":72,"loc":{"start":{"line":72,"column":4},"end":{"line":122,"column":4}}},"4":{"name":"_deposit","line":124,"loc":{"start":{"line":124,"column":4},"end":{"line":154,"column":4}}},"5":{"name":"_withdraw","line":156,"loc":{"start":{"line":156,"column":4},"end":{"line":176,"column":4}}},"6":{"name":"_depositPrice","line":178,"loc":{"start":{"line":178,"column":4},"end":{"line":207,"column":4}}},"7":{"name":"_withdrawPrice","line":209,"loc":{"start":{"line":209,"column":4},"end":{"line":228,"column":4}}}},"statementMap":{"1":{"start":{"line":26,"column":8},"end":{"line":26,"column":64}},"2":{"start":{"line":27,"column":8},"end":{"line":27,"column":59}},"3":{"start":{"line":35,"column":8},"end":{"line":35,"column":46}},"4":{"start":{"line":35,"column":33},"end":{"line":35,"column":46}},"5":{"start":{"line":36,"column":8},"end":{"line":36,"column":85}},"6":{"start":{"line":37,"column":8},"end":{"line":37,"column":70}},"7":{"start":{"line":38,"column":8},"end":{"line":38,"column":72}},"8":{"start":{"line":39,"column":8},"end":{"line":39,"column":1472}},"9":{"start":{"line":40,"column":12},"end":{"line":40,"column":92}},"10":{"start":{"line":41,"column":15},"end":{"line":41,"column":1634}},"11":{"start":{"line":42,"column":12},"end":{"line":42,"column":101}},"12":{"start":{"line":43,"column":15},"end":{"line":43,"column":1805}},"13":{"start":{"line":44,"column":12},"end":{"line":44,"column":26}},"14":{"start":{"line":45,"column":12},"end":{"line":45,"column":77}},"15":{"start":{"line":46,"column":12},"end":{"line":46,"column":1992}},"16":{"start":{"line":47,"column":16},"end":{"line":47,"column":56}},"17":{"start":{"line":48,"column":16},"end":{"line":48,"column":2104}},"18":{"start":{"line":49,"column":20},"end":{"line":49,"column":35}},"19":{"start":{"line":53,"column":12},"end":{"line":53,"column":2243}},"20":{"start":{"line":54,"column":16},"end":{"line":54,"column":76}},"21":{"start":{"line":56,"column":16},"end":{"line":56,"column":31}},"22":{"start":{"line":57,"column":16},"end":{"line":57,"column":81}},"23":{"start":{"line":58,"column":16},"end":{"line":58,"column":2495}},"24":{"start":{"line":59,"column":20},"end":{"line":59,"column":61}},"25":{"start":{"line":60,"column":20},"end":{"line":60,"column":2616}},"26":{"start":{"line":61,"column":24},"end":{"line":61,"column":40}},"27":{"start":{"line":65,"column":16},"end":{"line":65,"column":103}},"28":{"start":{"line":65,"column":32},"end":{"line":65,"column":103}},"29":{"start":{"line":68,"column":12},"end":{"line":68,"column":20}},"30":{"start":{"line":80,"column":8},"end":{"line":80,"column":58}},"31":{"start":{"line":81,"column":8},"end":{"line":81,"column":3248}},"32":{"start":{"line":82,"column":12},"end":{"line":82,"column":72}},"33":{"start":{"line":84,"column":8},"end":{"line":84,"column":85}},"34":{"start":{"line":85,"column":8},"end":{"line":85,"column":70}},"35":{"start":{"line":86,"column":8},"end":{"line":86,"column":72}},"36":{"start":{"line":87,"column":8},"end":{"line":87,"column":3527}},"37":{"start":{"line":88,"column":12},"end":{"line":88,"column":79}},"38":{"start":{"line":89,"column":15},"end":{"line":89,"column":3677}},"39":{"start":{"line":90,"column":12},"end":{"line":90,"column":88}},"40":{"start":{"line":91,"column":15},"end":{"line":91,"column":3836}},"41":{"start":{"line":92,"column":12},"end":{"line":92,"column":26}},"42":{"start":{"line":93,"column":12},"end":{"line":93,"column":77}},"43":{"start":{"line":94,"column":12},"end":{"line":94,"column":4023}},"44":{"start":{"line":95,"column":16},"end":{"line":95,"column":56}},"45":{"start":{"line":96,"column":16},"end":{"line":96,"column":4135}},"46":{"start":{"line":97,"column":20},"end":{"line":97,"column":35}},"47":{"start":{"line":101,"column":12},"end":{"line":101,"column":4274}},"48":{"start":{"line":102,"column":16},"end":{"line":102,"column":63}},"49":{"start":{"line":104,"column":16},"end":{"line":104,"column":31}},"50":{"start":{"line":105,"column":16},"end":{"line":105,"column":81}},"51":{"start":{"line":106,"column":16},"end":{"line":106,"column":4514}},"52":{"start":{"line":107,"column":20},"end":{"line":107,"column":61}},"53":{"start":{"line":108,"column":20},"end":{"line":108,"column":4635}},"54":{"start":{"line":109,"column":24},"end":{"line":109,"column":40}},"55":{"start":{"line":113,"column":16},"end":{"line":113,"column":91}},"56":{"start":{"line":113,"column":32},"end":{"line":113,"column":90}},"57":{"start":{"line":116,"column":12},"end":{"line":116,"column":19}},"58":{"start":{"line":118,"column":8},"end":{"line":118,"column":68}},"59":{"start":{"line":119,"column":8},"end":{"line":119,"column":68}},"60":{"start":{"line":120,"column":8},"end":{"line":120,"column":5125}},"61":{"start":{"line":121,"column":12},"end":{"line":121,"column":54}},"62":{"start":{"line":130,"column":8},"end":{"line":130,"column":48}},"63":{"start":{"line":131,"column":8},"end":{"line":131,"column":27}},"64":{"start":{"line":132,"column":8},"end":{"line":132,"column":30}},"65":{"start":{"line":133,"column":8},"end":{"line":133,"column":5503}},"66":{"start":{"line":134,"column":10},"end":{"line":134,"column":5549}},"67":{"start":{"line":135,"column":14},"end":{"line":135,"column":28}},"68":{"start":{"line":138,"column":10},"end":{"line":138,"column":49}},"69":{"start":{"line":138,"column":35},"end":{"line":138,"column":48}},"70":{"start":{"line":140,"column":8},"end":{"line":140,"column":49}},"71":{"start":{"line":141,"column":8},"end":{"line":141,"column":5762}},"72":{"start":{"line":142,"column":12},"end":{"line":142,"column":44}},"73":{"start":{"line":143,"column":12},"end":{"line":143,"column":46}},"74":{"start":{"line":144,"column":12},"end":{"line":144,"column":66}},"75":{"start":{"line":145,"column":15},"end":{"line":145,"column":5965}},"76":{"start":{"line":146,"column":12},"end":{"line":146,"column":44}},"77":{"start":{"line":147,"column":12},"end":{"line":147,"column":46}},"78":{"start":{"line":148,"column":12},"end":{"line":148,"column":66}},"79":{"start":{"line":149,"column":15},"end":{"line":149,"column":6168}},"80":{"start":{"line":150,"column":12},"end":{"line":150,"column":44}},"81":{"start":{"line":151,"column":12},"end":{"line":151,"column":46}},"82":{"start":{"line":152,"column":12},"end":{"line":152,"column":66}},"83":{"start":{"line":163,"column":8},"end":{"line":163,"column":49}},"84":{"start":{"line":164,"column":8},"end":{"line":164,"column":41}},"85":{"start":{"line":164,"column":31},"end":{"line":164,"column":40}},"86":{"start":{"line":166,"column":8},"end":{"line":166,"column":25}},"87":{"start":{"line":167,"column":8},"end":{"line":167,"column":6673}},"88":{"start":{"line":168,"column":10},"end":{"line":168,"column":67}},"89":{"start":{"line":169,"column":10},"end":{"line":169,"column":6789}},"90":{"start":{"line":170,"column":14},"end":{"line":170,"column":35}},"91":{"start":{"line":174,"column":8},"end":{"line":174,"column":43}},"92":{"start":{"line":175,"column":8},"end":{"line":175,"column":74}},"93":{"start":{"line":184,"column":8},"end":{"line":184,"column":27}},"94":{"start":{"line":185,"column":8},"end":{"line":185,"column":30}},"95":{"start":{"line":186,"column":8},"end":{"line":186,"column":7344}},"96":{"start":{"line":187,"column":10},"end":{"line":187,"column":7390}},"97":{"start":{"line":188,"column":14},"end":{"line":188,"column":28}},"98":{"start":{"line":191,"column":10},"end":{"line":191,"column":49}},"99":{"start":{"line":191,"column":35},"end":{"line":191,"column":48}},"100":{"start":{"line":193,"column":8},"end":{"line":193,"column":37}},"101":{"start":{"line":193,"column":29},"end":{"line":193,"column":37}},"102":{"start":{"line":194,"column":8},"end":{"line":194,"column":7609}},"103":{"start":{"line":195,"column":12},"end":{"line":195,"column":44}},"104":{"start":{"line":196,"column":12},"end":{"line":196,"column":46}},"105":{"start":{"line":197,"column":12},"end":{"line":197,"column":81}},"106":{"start":{"line":198,"column":15},"end":{"line":198,"column":7826}},"107":{"start":{"line":199,"column":12},"end":{"line":199,"column":44}},"108":{"start":{"line":200,"column":12},"end":{"line":200,"column":46}},"109":{"start":{"line":201,"column":12},"end":{"line":201,"column":81}},"110":{"start":{"line":202,"column":15},"end":{"line":202,"column":8043}},"111":{"start":{"line":203,"column":12},"end":{"line":203,"column":44}},"112":{"start":{"line":204,"column":12},"end":{"line":204,"column":46}},"113":{"start":{"line":205,"column":12},"end":{"line":205,"column":81}},"114":{"start":{"line":216,"column":8},"end":{"line":216,"column":49}},"115":{"start":{"line":217,"column":8},"end":{"line":217,"column":41}},"116":{"start":{"line":217,"column":31},"end":{"line":217,"column":40}},"117":{"start":{"line":219,"column":8},"end":{"line":219,"column":25}},"118":{"start":{"line":220,"column":8},"end":{"line":220,"column":8590}},"119":{"start":{"line":221,"column":10},"end":{"line":221,"column":46}},"120":{"start":{"line":221,"column":38},"end":{"line":221,"column":46}},"121":{"start":{"line":222,"column":10},"end":{"line":222,"column":8722}},"122":{"start":{"line":223,"column":14},"end":{"line":223,"column":35}},"123":{"start":{"line":227,"column":8},"end":{"line":227,"column":76}}},"branchMap":{"1":{"line":35,"type":"if","locations":[{"start":{"line":35,"column":8},"end":{"line":35,"column":8}},{"start":{"line":35,"column":8},"end":{"line":35,"column":8}}]},"2":{"line":39,"type":"if","locations":[{"start":{"line":39,"column":8},"end":{"line":39,"column":8}},{"start":{"line":39,"column":8},"end":{"line":39,"column":8}}]},"3":{"line":41,"type":"if","locations":[{"start":{"line":41,"column":15},"end":{"line":41,"column":15}},{"start":{"line":41,"column":15},"end":{"line":41,"column":15}}]},"4":{"line":43,"type":"if","locations":[{"start":{"line":43,"column":15},"end":{"line":43,"column":15}},{"start":{"line":43,"column":15},"end":{"line":43,"column":15}}]},"5":{"line":47,"type":"if","locations":[{"start":{"line":47,"column":16},"end":{"line":47,"column":16}},{"start":{"line":47,"column":16},"end":{"line":47,"column":16}}]},"6":{"line":48,"type":"if","locations":[{"start":{"line":48,"column":16},"end":{"line":48,"column":16}},{"start":{"line":48,"column":16},"end":{"line":48,"column":16}}]},"7":{"line":53,"type":"if","locations":[{"start":{"line":53,"column":12},"end":{"line":53,"column":12}},{"start":{"line":53,"column":12},"end":{"line":53,"column":12}}]},"8":{"line":59,"type":"if","locations":[{"start":{"line":59,"column":20},"end":{"line":59,"column":20}},{"start":{"line":59,"column":20},"end":{"line":59,"column":20}}]},"9":{"line":60,"type":"if","locations":[{"start":{"line":60,"column":20},"end":{"line":60,"column":20}},{"start":{"line":60,"column":20},"end":{"line":60,"column":20}}]},"10":{"line":65,"type":"if","locations":[{"start":{"line":65,"column":16},"end":{"line":65,"column":16}},{"start":{"line":65,"column":16},"end":{"line":65,"column":16}}]},"11":{"line":80,"type":"if","locations":[{"start":{"line":80,"column":8},"end":{"line":80,"column":8}},{"start":{"line":80,"column":8},"end":{"line":80,"column":8}}]},"12":{"line":81,"type":"if","locations":[{"start":{"line":81,"column":8},"end":{"line":81,"column":8}},{"start":{"line":81,"column":8},"end":{"line":81,"column":8}}]},"13":{"line":87,"type":"if","locations":[{"start":{"line":87,"column":8},"end":{"line":87,"column":8}},{"start":{"line":87,"column":8},"end":{"line":87,"column":8}}]},"14":{"line":89,"type":"if","locations":[{"start":{"line":89,"column":15},"end":{"line":89,"column":15}},{"start":{"line":89,"column":15},"end":{"line":89,"column":15}}]},"15":{"line":91,"type":"if","locations":[{"start":{"line":91,"column":15},"end":{"line":91,"column":15}},{"start":{"line":91,"column":15},"end":{"line":91,"column":15}}]},"16":{"line":95,"type":"if","locations":[{"start":{"line":95,"column":16},"end":{"line":95,"column":16}},{"start":{"line":95,"column":16},"end":{"line":95,"column":16}}]},"17":{"line":96,"type":"if","locations":[{"start":{"line":96,"column":16},"end":{"line":96,"column":16}},{"start":{"line":96,"column":16},"end":{"line":96,"column":16}}]},"18":{"line":101,"type":"if","locations":[{"start":{"line":101,"column":12},"end":{"line":101,"column":12}},{"start":{"line":101,"column":12},"end":{"line":101,"column":12}}]},"19":{"line":107,"type":"if","locations":[{"start":{"line":107,"column":20},"end":{"line":107,"column":20}},{"start":{"line":107,"column":20},"end":{"line":107,"column":20}}]},"20":{"line":108,"type":"if","locations":[{"start":{"line":108,"column":20},"end":{"line":108,"column":20}},{"start":{"line":108,"column":20},"end":{"line":108,"column":20}}]},"21":{"line":113,"type":"if","locations":[{"start":{"line":113,"column":16},"end":{"line":113,"column":16}},{"start":{"line":113,"column":16},"end":{"line":113,"column":16}}]},"22":{"line":119,"type":"if","locations":[{"start":{"line":119,"column":8},"end":{"line":119,"column":8}},{"start":{"line":119,"column":8},"end":{"line":119,"column":8}}]},"23":{"line":120,"type":"if","locations":[{"start":{"line":120,"column":8},"end":{"line":120,"column":8}},{"start":{"line":120,"column":8},"end":{"line":120,"column":8}}]},"24":{"line":134,"type":"if","locations":[{"start":{"line":134,"column":10},"end":{"line":134,"column":10}},{"start":{"line":134,"column":10},"end":{"line":134,"column":10}}]},"25":{"line":138,"type":"if","locations":[{"start":{"line":138,"column":10},"end":{"line":138,"column":10}},{"start":{"line":138,"column":10},"end":{"line":138,"column":10}}]},"26":{"line":140,"type":"if","locations":[{"start":{"line":140,"column":8},"end":{"line":140,"column":8}},{"start":{"line":140,"column":8},"end":{"line":140,"column":8}}]},"27":{"line":141,"type":"if","locations":[{"start":{"line":141,"column":8},"end":{"line":141,"column":8}},{"start":{"line":141,"column":8},"end":{"line":141,"column":8}}]},"28":{"line":145,"type":"if","locations":[{"start":{"line":145,"column":15},"end":{"line":145,"column":15}},{"start":{"line":145,"column":15},"end":{"line":145,"column":15}}]},"29":{"line":149,"type":"if","locations":[{"start":{"line":149,"column":15},"end":{"line":149,"column":15}},{"start":{"line":149,"column":15},"end":{"line":149,"column":15}}]},"30":{"line":164,"type":"if","locations":[{"start":{"line":164,"column":8},"end":{"line":164,"column":8}},{"start":{"line":164,"column":8},"end":{"line":164,"column":8}}]},"31":{"line":168,"type":"if","locations":[{"start":{"line":168,"column":10},"end":{"line":168,"column":10}},{"start":{"line":168,"column":10},"end":{"line":168,"column":10}}]},"32":{"line":169,"type":"if","locations":[{"start":{"line":169,"column":10},"end":{"line":169,"column":10}},{"start":{"line":169,"column":10},"end":{"line":169,"column":10}}]},"33":{"line":187,"type":"if","locations":[{"start":{"line":187,"column":10},"end":{"line":187,"column":10}},{"start":{"line":187,"column":10},"end":{"line":187,"column":10}}]},"34":{"line":191,"type":"if","locations":[{"start":{"line":191,"column":10},"end":{"line":191,"column":10}},{"start":{"line":191,"column":10},"end":{"line":191,"column":10}}]},"35":{"line":193,"type":"if","locations":[{"start":{"line":193,"column":8},"end":{"line":193,"column":8}},{"start":{"line":193,"column":8},"end":{"line":193,"column":8}}]},"36":{"line":194,"type":"if","locations":[{"start":{"line":194,"column":8},"end":{"line":194,"column":8}},{"start":{"line":194,"column":8},"end":{"line":194,"column":8}}]},"37":{"line":198,"type":"if","locations":[{"start":{"line":198,"column":15},"end":{"line":198,"column":15}},{"start":{"line":198,"column":15},"end":{"line":198,"column":15}}]},"38":{"line":202,"type":"if","locations":[{"start":{"line":202,"column":15},"end":{"line":202,"column":15}},{"start":{"line":202,"column":15},"end":{"line":202,"column":15}}]},"39":{"line":217,"type":"if","locations":[{"start":{"line":217,"column":8},"end":{"line":217,"column":8}},{"start":{"line":217,"column":8},"end":{"line":217,"column":8}}]},"40":{"line":221,"type":"if","locations":[{"start":{"line":221,"column":10},"end":{"line":221,"column":10}},{"start":{"line":221,"column":10},"end":{"line":221,"column":10}}]},"41":{"line":222,"type":"if","locations":[{"start":{"line":222,"column":10},"end":{"line":222,"column":10}},{"start":{"line":222,"column":10},"end":{"line":222,"column":10}}]}}},
"contracts/adapters/liquidity/UniswapV2LPAdapter.sol":{"l":{"20":1,"28":20,"29":19,"30":17,"31":17,"32":16,"33":16,"34":16,"42":16,"43":16,"44":16,"45":0,"47":16,"48":16,"51":1,"52":1,"53":1,"54":1,"55":1,"56":1,"57":1,"58":1,"59":1,"61":1,"79":74,"80":73,"81":43,"82":43,"84":43,"85":43,"86":43,"87":43,"96":43,"97":43,"100":43,"101":43,"102":42,"103":37,"106":29,"107":29,"109":0,"111":29,"112":29,"113":29,"115":29,"116":29,"117":28,"118":25,"120":1,"126":59,"127":59,"128":59,"129":59,"130":59,"131":59,"135":118,"136":118,"137":118,"138":118,"139":32,"141":86,"149":86,"150":86,"151":86,"152":86,"154":86,"155":86,"156":86,"162":86,"166":57,"167":57,"168":57,"169":57,"171":57,"172":57,"173":56,"179":53,"183":34,"184":34},"path":"/home/peter/Documents/Enso/Monorepo/packages/contracts/contracts/adapters/liquidity/UniswapV2LPAdapter.sol","s":{"1":1,"2":20,"3":1,"4":19,"5":17,"6":17,"7":16,"8":16,"9":16,"10":16,"11":16,"12":16,"13":0,"14":16,"15":16,"16":2,"17":1,"18":1,"19":1,"20":1,"21":1,"22":1,"23":1,"24":1,"25":1,"26":1,"27":74,"28":73,"29":43,"30":43,"31":43,"32":43,"33":43,"34":43,"35":43,"36":43,"37":43,"38":43,"39":42,"40":37,"41":30,"42":29,"43":29,"44":0,"45":29,"46":29,"47":29,"48":29,"49":29,"50":28,"51":25,"52":1,"53":59,"54":59,"55":59,"56":59,"57":59,"58":59,"59":118,"60":118,"61":118,"62":118,"63":32,"64":86,"65":86,"66":86,"67":86,"68":86,"69":86,"70":86,"71":86,"72":86,"73":57,"74":57,"75":57,"76":57,"77":57,"78":57,"79":56,"80":53,"81":34,"82":34},"b":{"1":[1,19],"2":[17,2],"3":[0,16],"4":[1,1],"5":[73,1],"6":[43,30],"7":[43,0],"8":[36,1],"9":[29,1],"10":[29,0],"11":[25,0],"12":[32,86]},"f":{"1":1,"2":20,"3":74,"4":59,"5":118,"6":86,"7":57,"8":34},"fnMap":{"1":{"name":"constructor","line":19,"loc":{"start":{"line":19,"column":4},"end":{"line":21,"column":4}}},"2":{"name":"spotPrice","line":23,"loc":{"start":{"line":23,"column":4},"end":{"line":63,"column":4}}},"3":{"name":"swap","line":71,"loc":{"start":{"line":71,"column":4},"end":{"line":122,"column":4}}},"4":{"name":"_calculateWethAmounts","line":124,"loc":{"start":{"line":124,"column":4},"end":{"line":132,"column":4}}},"5":{"name":"_getAmountIn","line":134,"loc":{"start":{"line":134,"column":4},"end":{"line":143,"column":4}}},"6":{"name":"_buyToken","line":145,"loc":{"start":{"line":145,"column":4},"end":{"line":163,"column":4}}},"7":{"name":"_sellToken","line":165,"loc":{"start":{"line":165,"column":4},"end":{"line":180,"column":4}}},"8":{"name":"_quote","line":182,"loc":{"start":{"line":182,"column":4},"end":{"line":185,"column":4}}}},"statementMap":{"1":{"start":{"line":20,"column":8},"end":{"line":20,"column":25}},"2":{"start":{"line":28,"column":8},"end":{"line":28,"column":46}},"3":{"start":{"line":28,"column":33},"end":{"line":28,"column":46}},"4":{"start":{"line":29,"column":8},"end":{"line":29,"column":941}},"5":{"start":{"line":30,"column":12},"end":{"line":30,"column":58}},"6":{"start":{"line":31,"column":12},"end":{"line":31,"column":42}},"7":{"start":{"line":32,"column":12},"end":{"line":32,"column":42}},"8":{"start":{"line":33,"column":12},"end":{"line":33,"column":52}},"9":{"start":{"line":34,"column":12},"end":{"line":34,"column":1183}},"10":{"start":{"line":42,"column":12},"end":{"line":42,"column":59}},"11":{"start":{"line":43,"column":12},"end":{"line":43,"column":59}},"12":{"start":{"line":44,"column":12},"end":{"line":44,"column":1539}},"13":{"start":{"line":45,"column":16},"end":{"line":45,"column":77}},"14":{"start":{"line":47,"column":16},"end":{"line":47,"column":75}},"15":{"start":{"line":48,"column":16},"end":{"line":48,"column":105}},"16":{"start":{"line":50,"column":15},"end":{"line":50,"column":1872}},"17":{"start":{"line":51,"column":12},"end":{"line":51,"column":57}},"18":{"start":{"line":52,"column":12},"end":{"line":52,"column":42}},"19":{"start":{"line":53,"column":12},"end":{"line":53,"column":42}},"20":{"start":{"line":54,"column":12},"end":{"line":54,"column":52}},"21":{"start":{"line":55,"column":12},"end":{"line":55,"column":89}},"22":{"start":{"line":56,"column":12},"end":{"line":56,"column":89}},"23":{"start":{"line":57,"column":12},"end":{"line":57,"column":63}},"24":{"start":{"line":58,"column":12},"end":{"line":58,"column":63}},"25":{"start":{"line":59,"column":12},"end":{"line":59,"column":47}},"26":{"start":{"line":61,"column":12},"end":{"line":61,"column":20}},"27":{"start":{"line":79,"column":8},"end":{"line":79,"column":58}},"28":{"start":{"line":80,"column":8},"end":{"line":80,"column":3116}},"29":{"start":{"line":81,"column":12},"end":{"line":81,"column":3220}},"30":{"start":{"line":82,"column":16},"end":{"line":82,"column":76}},"31":{"start":{"line":84,"column":12},"end":{"line":84,"column":58}},"32":{"start":{"line":85,"column":12},"end":{"line":85,"column":42}},"33":{"start":{"line":86,"column":12},"end":{"line":86,"column":42}},"34":{"start":{"line":87,"column":12},"end":{"line":87,"column":3423}},"35":{"start":{"line":96,"column":12},"end":{"line":96,"column":59}},"36":{"start":{"line":97,"column":12},"end":{"line":97,"column":59}},"37":{"start":{"line":100,"column":12},"end":{"line":100,"column":60}},"38":{"start":{"line":101,"column":12},"end":{"line":101,"column":60}},"39":{"start":{"line":102,"column":12},"end":{"line":102,"column":44}},"40":{"start":{"line":103,"column":12},"end":{"line":103,"column":72}},"41":{"start":{"line":104,"column":15},"end":{"line":104,"column":4139}},"42":{"start":{"line":106,"column":12},"end":{"line":106,"column":4231}},"43":{"start":{"line":107,"column":16},"end":{"line":107,"column":70}},"44":{"start":{"line":109,"column":16},"end":{"line":109,"column":60}},"45":{"start":{"line":111,"column":12},"end":{"line":111,"column":57}},"46":{"start":{"line":112,"column":12},"end":{"line":112,"column":42}},"47":{"start":{"line":113,"column":12},"end":{"line":113,"column":42}},"48":{"start":{"line":115,"column":12},"end":{"line":115,"column":73}},"49":{"start":{"line":116,"column":12},"end":{"line":116,"column":65}},"50":{"start":{"line":117,"column":12},"end":{"line":117,"column":65}},"51":{"start":{"line":118,"column":12},"end":{"line":118,"column":91}},"52":{"start":{"line":120,"column":12},"end":{"line":120,"column":40}},"53":{"start":{"line":126,"column":8},"end":{"line":126,"column":74}},"54":{"start":{"line":127,"column":8},"end":{"line":127,"column":74}},"55":{"start":{"line":128,"column":8},"end":{"line":128,"column":54}},"56":{"start":{"line":129,"column":8},"end":{"line":129,"column":64}},"57":{"start":{"line":130,"column":8},"end":{"line":130,"column":45}},"58":{"start":{"line":131,"column":8},"end":{"line":131,"column":33}},"59":{"start":{"line":135,"column":8},"end":{"line":135,"column":55}},"60":{"start":{"line":136,"column":8},"end":{"line":136,"column":69}},"61":{"start":{"line":137,"column":8},"end":{"line":137,"column":104}},"62":{"start":{"line":138,"column":8},"end":{"line":138,"column":5992}},"63":{"start":{"line":139,"column":12},"end":{"line":139,"column":79}},"64":{"start":{"line":141,"column":12},"end":{"line":141,"column":85}},"65":{"start":{"line":149,"column":8},"end":{"line":149,"column":100}},"66":{"start":{"line":150,"column":8},"end":{"line":150,"column":90}},"67":{"start":{"line":151,"column":8},"end":{"line":151,"column":69}},"68":{"start":{"line":152,"column":8},"end":{"line":152,"column":6658}},"69":{"start":{"line":154,"column":8},"end":{"line":154,"column":69}},"70":{"start":{"line":155,"column":8},"end":{"line":155,"column":48}},"71":{"start":{"line":156,"column":8},"end":{"line":156,"column":6841}},"72":{"start":{"line":162,"column":8},"end":{"line":162,"column":24}},"73":{"start":{"line":166,"column":8},"end":{"line":166,"column":100}},"74":{"start":{"line":167,"column":8},"end":{"line":167,"column":90}},"75":{"start":{"line":168,"column":8},"end":{"line":168,"column":69}},"76":{"start":{"line":169,"column":8},"end":{"line":169,"column":7454}},"77":{"start":{"line":171,"column":8},"end":{"line":171,"column":69}},"78":{"start":{"line":172,"column":8},"end":{"line":172,"column":49}},"79":{"start":{"line":173,"column":8},"end":{"line":173,"column":7638}},"80":{"start":{"line":179,"column":8},"end":{"line":179,"column":24}},"81":{"start":{"line":183,"column":8},"end":{"line":183,"column":106}},"82":{"start":{"line":184,"column":8},"end":{"line":184,"column":68}}},"branchMap":{"1":{"line":28,"type":"if","locations":[{"start":{"line":28,"column":8},"end":{"line":28,"column":8}},{"start":{"line":28,"column":8},"end":{"line":28,"column":8}}]},"2":{"line":29,"type":"if","locations":[{"start":{"line":29,"column":8},"end":{"line":29,"column":8}},{"start":{"line":29,"column":8},"end":{"line":29,"column":8}}]},"3":{"line":44,"type":"if","locations":[{"start":{"line":44,"column":12},"end":{"line":44,"column":12}},{"start":{"line":44,"column":12},"end":{"line":44,"column":12}}]},"4":{"line":50,"type":"if","locations":[{"start":{"line":50,"column":15},"end":{"line":50,"column":15}},{"start":{"line":50,"column":15},"end":{"line":50,"column":15}}]},"5":{"line":79,"type":"if","locations":[{"start":{"line":79,"column":8},"end":{"line":79,"column":8}},{"start":{"line":79,"column":8},"end":{"line":79,"column":8}}]},"6":{"line":80,"type":"if","locations":[{"start":{"line":80,"column":8},"end":{"line":80,"column":8}},{"start":{"line":80,"column":8},"end":{"line":80,"column":8}}]},"7":{"line":81,"type":"if","locations":[{"start":{"line":81,"column":12},"end":{"line":81,"column":12}},{"start":{"line":81,"column":12},"end":{"line":81,"column":12}}]},"8":{"line":103,"type":"if","locations":[{"start":{"line":103,"column":12},"end":{"line":103,"column":12}},{"start":{"line":103,"column":12},"end":{"line":103,"column":12}}]},"9":{"line":104,"type":"if","locations":[{"start":{"line":104,"column":15},"end":{"line":104,"column":15}},{"start":{"line":104,"column":15},"end":{"line":104,"column":15}}]},"10":{"line":106,"type":"if","locations":[{"start":{"line":106,"column":12},"end":{"line":106,"column":12}},{"start":{"line":106,"column":12},"end":{"line":106,"column":12}}]},"11":{"line":118,"type":"if","locations":[{"start":{"line":118,"column":12},"end":{"line":118,"column":12}},{"start":{"line":118,"column":12},"end":{"line":118,"column":12}}]},"12":{"line":138,"type":"if","locations":[{"start":{"line":138,"column":8},"end":{"line":138,"column":8}},{"start":{"line":138,"column":8},"end":{"line":138,"column":8}}]}}},
"contracts/adapters/strategy/MetaStrategyAdapter.sol":{"l":{"26":5,"27":5,"35":43,"46":120,"47":119,"49":118,"50":104,"52":118,"53":79,"54":14,"56":79,"57":75,"58":12,"61":114,"62":39,"64":110,"65":110,"67":109,"68":109,"76":44,"77":44,"78":40,"79":40,"80":40,"82":40,"84":4,"85":3,"86":3,"87":3,"88":3,"89":3,"90":8,"91":8,"92":8,"93":0,"95":8,"96":8,"97":1,"99":7,"103":3,"105":1,"113":7,"114":7,"115":7,"116":7,"117":7,"119":0,"121":7,"122":7,"124":0,"126":7,"128":7},"path":"/home/peter/Documents/Enso/Monorepo/packages/contracts/contracts/adapters/strategy/MetaStrategyAdapter.sol","s":{"1":5,"2":5,"3":43,"4":120,"5":119,"6":118,"7":104,"8":118,"9":79,"10":14,"11":79,"12":75,"13":12,"14":114,"15":39,"16":110,"17":110,"18":109,"19":109,"20":44,"21":0,"22":44,"23":40,"24":40,"25":40,"26":40,"27":4,"28":3,"29":3,"30":3,"31":3,"32":3,"33":8,"34":8,"35":8,"36":0,"37":8,"38":8,"39":1,"40":7,"41":3,"42":1,"43":7,"44":7,"45":7,"46":7,"47":7,"48":0,"49":7,"50":7,"51":0,"52":7,"53":7},"b":{"1":[119,1],"2":[118,1],"3":[104,14],"4":[79,39],"5":[14,65],"6":[12,63],"7":[39,75],"8":[109,1],"9":[109,0],"10":[0,44],"11":[40,4],"12":[3,1],"13":[0,8],"14":[1,7],"15":[7,0],"16":[7,0]},"f":{"1":5,"2":43,"3":120,"4":44,"5":7},"fnMap":{"1":{"name":"constructor","line":25,"loc":{"start":{"line":21,"column":4},"end":{"line":28,"column":4}}},"2":{"name":"spotPrice","line":30,"loc":{"start":{"line":30,"column":4},"end":{"line":36,"column":4}}},"3":{"name":"swap","line":38,"loc":{"start":{"line":38,"column":4},"end":{"line":69,"column":4}}},"4":{"name":"_getPrice","line":71,"loc":{"start":{"line":71,"column":4},"end":{"line":106,"column":4}}},"5":{"name":"_pathPrice","line":108,"loc":{"start":{"line":108,"column":4},"end":{"line":129,"column":4}}}},"statementMap":{"1":{"start":{"line":26,"column":8},"end":{"line":26,"column":52}},"2":{"start":{"line":27,"column":8},"end":{"line":27,"column":40}},"3":{"start":{"line":35,"column":8},"end":{"line":35,"column":51}},"4":{"start":{"line":46,"column":8},"end":{"line":46,"column":58}},"5":{"start":{"line":47,"column":8},"end":{"line":47,"column":62}},"6":{"start":{"line":49,"column":8},"end":{"line":49,"column":1523}},"7":{"start":{"line":50,"column":12},"end":{"line":50,"column":72}},"8":{"start":{"line":52,"column":8},"end":{"line":52,"column":1569}},"9":{"start":{"line":53,"column":12},"end":{"line":53,"column":1664}},"10":{"start":{"line":54,"column":16},"end":{"line":54,"column":67}},"11":{"start":{"line":56,"column":12},"end":{"line":56,"column":72}},"12":{"start":{"line":57,"column":12},"end":{"line":57,"column":1920}},"13":{"start":{"line":58,"column":16},"end":{"line":58,"column":62}},"14":{"start":{"line":61,"column":8},"end":{"line":61,"column":2055}},"15":{"start":{"line":62,"column":12},"end":{"line":62,"column":76}},"16":{"start":{"line":64,"column":8},"end":{"line":64,"column":68}},"17":{"start":{"line":65,"column":8},"end":{"line":65,"column":68}},"18":{"start":{"line":67,"column":8},"end":{"line":67,"column":2283}},"19":{"start":{"line":68,"column":10},"end":{"line":68,"column":52}},"20":{"start":{"line":76,"column":8},"end":{"line":76,"column":46}},"21":{"start":{"line":76,"column":33},"end":{"line":76,"column":46}},"22":{"start":{"line":77,"column":8},"end":{"line":77,"column":2513}},"23":{"start":{"line":78,"column":12},"end":{"line":78,"column":52}},"24":{"start":{"line":79,"column":12},"end":{"line":79,"column":56}},"25":{"start":{"line":80,"column":12},"end":{"line":80,"column":76}},"26":{"start":{"line":82,"column":12},"end":{"line":82,"column":53}},"27":{"start":{"line":84,"column":8},"end":{"line":84,"column":2800}},"28":{"start":{"line":85,"column":12},"end":{"line":85,"column":51}},"29":{"start":{"line":86,"column":12},"end":{"line":86,"column":61}},"30":{"start":{"line":87,"column":12},"end":{"line":87,"column":56}},"31":{"start":{"line":88,"column":12},"end":{"line":88,"column":25}},"32":{"start":{"line":89,"column":12},"end":{"line":89,"column":3041}},"33":{"start":{"line":90,"column":16},"end":{"line":90,"column":47}},"34":{"start":{"line":91,"column":16},"end":{"line":91,"column":111}},"35":{"start":{"line":92,"column":16},"end":{"line":92,"column":3276}},"36":{"start":{"line":93,"column":18},"end":{"line":93,"column":50}},"37":{"start":{"line":95,"column":20},"end":{"line":95,"column":127}},"38":{"start":{"line":96,"column":20},"end":{"line":96,"column":3527}},"39":{"start":{"line":97,"column":24},"end":{"line":97,"column":79}},"40":{"start":{"line":99,"column":24},"end":{"line":99,"column":103}},"41":{"start":{"line":103,"column":12},"end":{"line":103,"column":24}},"42":{"start":{"line":105,"column":8},"end":{"line":105,"column":16}},"43":{"start":{"line":113,"column":8},"end":{"line":113,"column":4042}},"44":{"start":{"line":114,"column":12},"end":{"line":114,"column":27}},"45":{"start":{"line":115,"column":12},"end":{"line":115,"column":28}},"46":{"start":{"line":116,"column":12},"end":{"line":116,"column":4170}},"47":{"start":{"line":117,"column":16},"end":{"line":117,"column":29}},"48":{"start":{"line":119,"column":16},"end":{"line":119,"column":39}},"49":{"start":{"line":121,"column":12},"end":{"line":121,"column":4305}},"50":{"start":{"line":122,"column":16},"end":{"line":122,"column":31}},"51":{"start":{"line":124,"column":16},"end":{"line":124,"column":38}},"52":{"start":{"line":126,"column":12},"end":{"line":126,"column":87}},"53":{"start":{"line":128,"column":8},"end":{"line":128,"column":21}}},"branchMap":{"1":{"line":46,"type":"if","locations":[{"start":{"line":46,"column":8},"end":{"line":46,"column":8}},{"start":{"line":46,"column":8},"end":{"line":46,"column":8}}]},"2":{"line":47,"type":"if","locations":[{"start":{"line":47,"column":8},"end":{"line":47,"column":8}},{"start":{"line":47,"column":8},"end":{"line":47,"column":8}}]},"3":{"line":49,"type":"if","locations":[{"start":{"line":49,"column":8},"end":{"line":49,"column":8}},{"start":{"line":49,"column":8},"end":{"line":49,"column":8}}]},"4":{"line":52,"type":"if","locations":[{"start":{"line":52,"column":8},"end":{"line":52,"column":8}},{"start":{"line":52,"column":8},"end":{"line":52,"column":8}}]},"5":{"line":53,"type":"if","locations":[{"start":{"line":53,"column":12},"end":{"line":53,"column":12}},{"start":{"line":53,"column":12},"end":{"line":53,"column":12}}]},"6":{"line":57,"type":"if","locations":[{"start":{"line":57,"column":12},"end":{"line":57,"column":12}},{"start":{"line":57,"column":12},"end":{"line":57,"column":12}}]},"7":{"line":61,"type":"if","locations":[{"start":{"line":61,"column":8},"end":{"line":61,"column":8}},{"start":{"line":61,"column":8},"end":{"line":61,"column":8}}]},"8":{"line":65,"type":"if","locations":[{"start":{"line":65,"column":8},"end":{"line":65,"column":8}},{"start":{"line":65,"column":8},"end":{"line":65,"column":8}}]},"9":{"line":67,"type":"if","locations":[{"start":{"line":67,"column":8},"end":{"line":67,"column":8}},{"start":{"line":67,"column":8},"end":{"line":67,"column":8}}]},"10":{"line":76,"type":"if","locations":[{"start":{"line":76,"column":8},"end":{"line":76,"column":8}},{"start":{"line":76,"column":8},"end":{"line":76,"column":8}}]},"11":{"line":77,"type":"if","locations":[{"start":{"line":77,"column":8},"end":{"line":77,"column":8}},{"start":{"line":77,"column":8},"end":{"line":77,"column":8}}]},"12":{"line":84,"type":"if","locations":[{"start":{"line":84,"column":8},"end":{"line":84,"column":8}},{"start":{"line":84,"column":8},"end":{"line":84,"column":8}}]},"13":{"line":92,"type":"if","locations":[{"start":{"line":92,"column":16},"end":{"line":92,"column":16}},{"start":{"line":92,"column":16},"end":{"line":92,"column":16}}]},"14":{"line":96,"type":"if","locations":[{"start":{"line":96,"column":20},"end":{"line":96,"column":20}},{"start":{"line":96,"column":20},"end":{"line":96,"column":20}}]},"15":{"line":116,"type":"if","locations":[{"start":{"line":116,"column":12},"end":{"line":116,"column":12}},{"start":{"line":116,"column":12},"end":{"line":116,"column":12}}]},"16":{"line":121,"type":"if","locations":[{"start":{"line":121,"column":12},"end":{"line":121,"column":12}},{"start":{"line":121,"column":12},"end":{"line":121,"column":12}}]}}},
"contracts/adapters/vaults/CurveRewardsAdapter.sol":{"l":{"23":1,"31":14,"32":14,"44":40,"45":40,"46":40,"47":27,"48":27,"49":27,"50":0,"51":27,"52":27,"54":13,"55":13,"56":13,"57":13,"58":13,"60":39,"61":39,"62":39,"63":26,"68":1,"69":1},"path":"/home/peter/Documents/Enso/Monorepo/packages/contracts/contracts/adapters/vaults/CurveRewardsAdapter.sol","s":{"1":1,"2":14,"3":40,"4":40,"5":40,"6":27,"7":27,"8":27,"9":0,"10":27,"11":27,"12":13,"13":13,"14":13,"15":13,"16":13,"17":39,"18":39,"19":39,"20":26,"21":1,"22":1},"b":{"1":[40,0],"2":[27,13],"3":[27,0],"4":[0,27],"5":[13,0],"6":[13,0],"7":[39,0],"8":[26,13]},"f":{"1":1,"2":14,"3":40,"4":1},"fnMap":{"1":{"name":"constructor","line":22,"loc":{"start":{"line":19,"column":4},"end":{"line":24,"column":4}}},"2":{"name":"spotPrice","line":26,"loc":{"start":{"line":26,"column":4},"end":{"line":33,"column":4}}},"3":{"name":"swap","line":36,"loc":{"start":{"line":36,"column":4},"end":{"line":64,"column":4}}},"4":{"name":"claim","line":67,"loc":{"start":{"line":67,"column":4},"end":{"line":70,"column":4}}}},"statementMap":{"1":{"start":{"line":23,"column":8},"end":{"line":23,"column":64}},"2":{"start":{"line":32,"column":8},"end":{"line":32,"column":21}},"3":{"start":{"line":44,"column":8},"end":{"line":44,"column":58}},"4":{"start":{"line":45,"column":8},"end":{"line":45,"column":85}},"5":{"start":{"line":46,"column":8},"end":{"line":46,"column":1528}},"6":{"start":{"line":47,"column":12},"end":{"line":47,"column":53}},"7":{"start":{"line":48,"column":12},"end":{"line":48,"column":63}},"8":{"start":{"line":49,"column":12},"end":{"line":49,"column":1833}},"9":{"start":{"line":50,"column":16},"end":{"line":50,"column":76}},"10":{"start":{"line":51,"column":12},"end":{"line":51,"column":56}},"11":{"start":{"line":52,"column":12},"end":{"line":52,"column":47}},"12":{"start":{"line":54,"column":12},"end":{"line":54,"column":52}},"13":{"start":{"line":55,"column":12},"end":{"line":55,"column":64}},"14":{"start":{"line":56,"column":12},"end":{"line":56,"column":2233}},"15":{"start":{"line":57,"column":16},"end":{"line":57,"column":76}},"16":{"start":{"line":58,"column":12},"end":{"line":58,"column":33}},"17":{"start":{"line":60,"column":8},"end":{"line":60,"column":68}},"18":{"start":{"line":61,"column":8},"end":{"line":61,"column":68}},"19":{"start":{"line":62,"column":8},"end":{"line":62,"column":2512}},"20":{"start":{"line":63,"column":12},"end":{"line":63,"column":54}},"21":{"start":{"line":68,"column":8},"end":{"line":68,"column":46}},"22":{"start":{"line":69,"column":8},"end":{"line":69,"column":41}}},"branchMap":{"1":{"line":44,"type":"if","locations":[{"start":{"line":44,"column":8},"end":{"line":44,"column":8}},{"start":{"line":44,"column":8},"end":{"line":44,"column":8}}]},"2":{"line":46,"type":"if","locations":[{"start":{"line":46,"co
[...]
"contracts/StrategyProxyFactory.sol":{"l":{"81":29,"82":29,"83":29,"84":29,"85":29,"86":29,"87":29,"88":29,"89":29,"90":29,"91":29,"92":29,"93":29,"94":29,"98":4571,"99":4563,"116":440,"117":435,"124":435,"131":317,"135":314,"136":313,"140":41,"141":38,"142":38,"143":38,"147":12,"148":12,"152":12,"153":12,"157":12,"158":12,"165":2,"166":1,"170":26,"178":4122,"189":12,"190":11,"198":12,"199":12,"203":445,"207":1,"214":6914,"221":5232,"225":1632,"232":9,"236":6,"243":2,"252":440,"258":439,"260":439,"268":435,"278":435,"279":435,"293":4561},"path":"/home/peter/Documents/Enso/Monorepo/packages/contracts/contracts/StrategyProxyFactory.sol","s":{"1":29,"2":29,"3":29,"4":29,"5":29,"6":29,"7":29,"8":29,"9":29,"10":29,"11":29,"12":29,"13":29,"14":29,"15":4571,"16":440,"17":435,"18":435,"19":317,"20":314,"21":313,"22":41,"23":38,"24":38,"25":38,"26":12,"27":12,"28":12,"29":12,"30":12,"31":12,"32":2,"33":1,"34":26,"35":4122,"36":12,"37":11,"38":12,"39":12,"40":445,"41":1,"42":6914,"43":5232,"44":1632,"45":9,"46":6,"47":2,"48":440,"49":439,"50":439,"51":435,"52":435,"53":435,"54":4561},"b":{"1":[4563,8],"2":[313,1],"3":[38,3],"4":[1,1]},"f":{"1":29,"2":29,"3":4571,"4":440,"5":314,"6":41,"7":12,"8":12,"9":12,"10":2,"11":26,"12":4122,"13":12,"14":12,"15":445,"16":1,"17":6914,"18":5232,"19":1632,"20":9,"21":6,"22":2,"23":440,"24":435,"25":4561},"fnMap":{"1":{"name":"constructor","line":62,"loc":{"start":{"line":62,"column":4},"end":{"line":62,"column":38}}},"2":{"name":"initialize","line":78,"loc":{"start":{"line":64,"column":4},"end":{"line":95,"column":4}}},"3":{"name":"onlyOwner","line":97,"loc":{"start":{"line":97,"column":4},"end":{"line":100,"column":4}}},"4":{"name":"createStrategy","line":107,"loc":{"start":{"line":107,"column":4},"end":{"line":132,"column":4}}},"5":{"name":"setController","line":134,"loc":{"start":{"line":134,"column":4},"end":{"line":137,"column":4}}},"6":{"name":"updateImplementation","line":139,"loc":{"start":{"line":139,"column":4},"end":{"line":144,"column":4}}},"7":{"name":"updateOracle","line":146,"loc":{"start":{"line":146,"column":4},"end":{"line":149,"column":4}}},"8":{"name":"updateWhitelist","line":151,"loc":{"start":{"line":151,"column":4},"end":{"line":154,"column":4}}},"9":{"name":"updatePool","line":156,"loc":{"start":{"line":156,"column":4},"end":{"line":159,"column":4}}},"10":{"name":"updateProxyVersion","line":164,"loc":{"start":{"line":164,"column":4},"end":{"line":167,"column":4}}},"11":{"name":"addEstimatorToRegistry","line":169,"loc":{"start":{"line":169,"column":4},"end":{"line":171,"column":4}}},"12":{"name":"addItemToRegistry","line":177,"loc":{"start":{"line":173,"column":4},"end":{"line":179,"column":4}}},"13":{"name":"renounceOwnership","line":188,"loc":{"start":{"line":188,"column":4},"end":{"line":191,"column":4}}},"14":{"name":"transferOwnership","line":197,"loc":{"start":{"line":197,"column":4},"end":{"line":200,"column":4}}},"15":{"name":"salt","line":202,"loc":{"start":{"line":202,"column":4},"end":{"line":204,"column":4}}},"16":{"name":"controller","line":206,"loc":{"start":{"line":206,"column":4},"end":{"line":208,"column":4}}},"17":{"name":"whitelist","line":213,"loc":{"start":{"line":213,"column":4},"end":{"line":215,"column":4}}},"18":{"name":"oracle","line":220,"loc":{"start":{"line":220,"column":4},"end":{"line":222,"column":4}}},"19":{"name":"pool","line":224,"loc":{"start":{"line":224,"column":4},"end":{"line":226,"column":4}}},"20":{"name":"implementation","line":231,"loc":{"start":{"line":231,"column":4},"end":{"line":233,"column":4}}},"21":{"name":"version","line":235,"loc":{"start":{"line":235,"column":4},"end":{"line":237,"column":4}}},"22":{"name":"getManager","line":242,"loc":{"start":{"line":242,"column":4},"end":{"line":244,"column":4}}},"23":{"name":"_createProxy","line":249,"loc":{"start":{"line":249,"column":4},"end":{"line":269,"column":4}}},"24":{"name":"_setupStrategy","line":271,"loc":{"start":{"line":271,"column":4},"end":{"line":286,"column":4}}},"25":{"name":"_addItemToRegistry","line":288,"loc":{"start":{"line":288,"column":4},"end":{"line":294,"column":4}}}},"statementMap":{"1":{"start":{"line":81,"column":8},"end":{"line":81,"column":61}},"2":{"start":{"line":82,"column":8},"end":{"line":82,"column":21}},"3":{"start":{"line":83,"column":8},"end":{"line":83,"column":40}},"4":{"start":{"line":84,"column":8},"end":{"line":84,"column":24}},"5":{"start":{"line":85,"column":8},"end":{"line":85,"column":28}},"6":{"start":{"line":86,"column":8},"end":{"line":86,"column":30}},"7":{"start":{"line":87,"column":8},"end":{"line":87,"column":20}},"8":{"start":{"line":88,"column":8},"end":{"line":88,"column":21}},"9":{"start":{"line":89,"column":8},"end":{"line":89,"column":46}},"10":{"start":{"line":90,"column":8},"end":{"line":90,"column":31}},"11":{"start":{"line":91,"column":8},"end":{"line":91,"column":37}},"12":{"start":{"line":92,"column":8},"end":{"line":92,"column":27}},"13":{"start":{"line":93,"column":8},"end":{"line":93,"column":52}},"14":{"start":{"line":94,"column":8},"end":{"line":94,"column":19}},"15":{"start":{"line":98,"column":8},"end":{"line":98,"column":48}},"16":{"start":{"line":116,"column":8},"end":{"line":116,"column":77}},"17":{"start":{"line":117,"column":8},"end":{"line":117,"column":3612}},"18":{"start":{"line":124,"column":8},"end":{"line":124,"column":3755}},"19":{"start":{"line":131,"column":8},"end":{"line":131,"column":23}},"20":{"start":{"line":135,"column":8},"end":{"line":135,"column":69}},"21":{"start":{"line":136,"column":8},"end":{"line":136,"column":34}},"22":{"start":{"line":140,"column":8},"end":{"line":140,"column":76}},"23":{"start":{"line":141,"column":8},"end":{"line":141,"column":42}},"24":{"start":{"line":142,"column":8},"end":{"line":142,"column":28}},"25":{"start":{"line":143,"column":8},"end":{"line":143,"column":48}},"26":{"start":{"line":147,"column":8},"end":{"line":147,"column":26}},"27":{"start":{"line":148,"column":8},"end":{"line":148,"column":33}},"28":{"start":{"line":152,"column":8},"end":{"line":152,"column":32}},"29":{"start":{"line":153,"column":8},"end":{"line":153,"column":39}},"30":{"start":{"line":157,"column":8},"end":{"line":157,"column":22}},"31":{"start":{"line":158,"column":8},"end":{"line":158,"column":29}},"32":{"start":{"line":165,"column":8},"end":{"line":165,"column":49}},"33":{"start":{"line":166,"column":8},"end":{"line":166,"column":57}},"34":{"start":{"line":170,"column":8},"end":{"line":170,"column":80}},"35":{"start":{"line":178,"column":8},"end":{"line":178,"column":75}},"36":{"start":{"line":189,"column":8},"end":{"line":189,"column":52}},"37":{"start":{"line":190,"column":8},"end":{"line":190,"column":25}},"38":{"start":{"line":198,"column":8},"end":{"line":198,"column":50}},"39":{"start":{"line":199,"column":8},"end":{"line":199,"column":23}},"40":{"start":{"line":203,"column":6},"end":{"line":203,"column":63}},"41":{"start":{"line":207,"column":8},"end":{"line":207,"column":26}},"42":{"start":{"line":214,"column":8},"end":{"line":214,"column":25}},"43":{"start":{"line":221,"column":8},"end":{"line":221,"column":22}},"44":{"start":{"line":225,"column":8},"end":{"line":225,"column":20}},"45":{"start":{"line":232,"column":8},"end":{"line":232,"column":30}},"46":{"start":{"line":236,"column":8},"end":{"line":236,"column":23}},"47":{"start":{"line":243,"column":8},"end":{"line":243,"column":51}},"48":{"start":{"line":252,"column":8},"end":{"line":252,"column":8047}},"49":{"start":{"line":258,"column":8},"end":{"line":258,"column":107}},"50":{"start":{"line":260,"column":8},"end":{"line":260,"column":8528}},"51":{"start":{"line":268,"column":8},"end":{"line":268,"column":29}},"52":{"start":{"line":278,"column":8},"end":{"line":278,"column":81}},"53":{"start":{"line":279,"column":8},"end":{"line":279,"column":9039}},"54":{"start":{"line":293,"column":8},"end":{"line":293,"column":90}}},"branchMap":{"1":{"line":98,"type":"if","locations":[{"start":{"line":98,"column":8},"end":{"line":98,"column":8}},{"start":{"line":98,"column":8},"end":{"line":98,"column":8}}]},"2":{"line":135,"type":"if","locations":[{"start":{"line":135,"column":8},"end":{"line":135,"column":8}},{"start":{"line":135,"column":8},"end":{"line":135,"column":8}}]},"3":{"line":140,"type":"if","locations":[{"start":{"line":140,"column":8},"end":{"line":140,"column":8}},{"start":{"line":140,"column":8},"end":{"line":140,"column":8}}]},"4":{"line":165,"type":"if","locations":[{"start":{"line":165,"column":8},"end":{"line":165,"column":8}},{"start":{"line":165,"column":8},"end":{"line":165,"column":8}}]}}},
"contracts/StrategyProxyFactoryAdmin.sol":{"l":{"22":29,"23":29,"37":29},"path":"/home/peter/Documents/Enso/Monorepo/packages/contracts/contracts/StrategyProxyFactoryAdmin.sol","s":{"1":29,"2":29,"3":29},"b":{},"f":{"1":29},"fnMap":{"1":{"name":"constructor","line":15,"loc":{"start":{"line":15,"column":4},"end":{"line":38,"column":4}}}},"statementMap":{"1":{"start":{"line":22,"column":8},"end":{"line":22,"column":79}},"2":{"start":{"line":23,"column":8},"end":{"line":23,"column":721}},"3":{"start":{"line":37,"column":8},"end":{"line":37,"column":31}}},"branchMap":{}},
"contracts/StrategyProxyFactoryStorage.sol":{"l":{},"path":"/home/peter/Documents/Enso/Monorepo/packages/contracts/contracts/StrategyProxyFactoryStorage.sol","s":{},"b":{},"f":{},"fnMap":{},"statementMap":{},"branchMap":{}},
"contracts/StrategyToken.sol":{"l":{"22":78,"23":73,"34":93,"35":92,"56":42,"57":40,"62":40,"78":1,"79":1,"97":2,"98":2,"99":1,"101":1,"113":3,"115":2,"133":2,"134":2,"136":1,"137":1,"144":4,"152":1,"159":3,"166":6,"183":1,"190":1548,"203":55,"212":443,"236":192,"237":191,"238":189,"239":189,"240":188,"241":187,"242":185,"255":1081,"256":1081,"257":1064,"258":1055,"273":73,"274":73,"275":71,"276":71,"277":71,"298":136,"299":136,"301":135,"302":135,"306":258,"310":1809},"path":"/home/peter/Documents/Enso/Monorepo/packages/contracts/contracts/StrategyToken.sol","s":{"1":78,"2":73,"3":93,"4":92,"5":42,"6":40,"7":40,"8":1,"9":1,"10":2,"11":2,"12":1,"13":1,"14":3,"15":2,"16":2,"17":2,"18":1,"19":4,"20":1,"21":3,"22":6,"23":1,"24":1548,"25":55,"26":192,"27":191,"28":189,"29":189,"30":188,"31":187,"32":185,"33":1081,"34":1081,"35":1064,"36":1055,"37":73,"38":73,"39":71,"40":71,"41":71,"42":136,"43":136,"44":135,"45":135,"46":258,"47":115,"48":1809},"b":{"1":[1,1],"2":[2,1],"3":[1,1],"4":[115,142],"5":[1805,4]},"f":{"1":78,"2":93,"3":42,"4":1,"5":2,"6":3,"7":4,"8":1,"9":3,"10":6,"11":1,"12":1548,"13":55,"14":443,"15":192,"16":1081,"17":73,"18":136,"19":258,"20":1809},"fnMap":{"1":{"name":"transfer","line":21,"loc":{"start":{"line":21,"column":4},"end":{"line":24,"column":4}}},"2":{"name":"approve","line":33,"loc":{"start":{"line":33,"column":4},"end":{"line":36,"column":4}}},"3":{"name":"transferFrom","line":51,"loc":{"start":{"line":51,"column":4},"end":{"line":63,"column":4}}},"4":{"name":"increaseAllowance","line":77,"loc":{"start":{"line":77,"column":4},"end":{"line":80,"column":4}}},"5":{"name":"decreaseAllowance","line":96,"loc":{"start":{"line":96,"column":4},"end":{"line":102,"column":4}}},"6":{"name":"permit","line":104,"loc":{"start":{"line":104,"column":4},"end":{"line":138,"column":4}}},"7":{"name":"name","line":143,"loc":{"start":{"line":143,"column":4},"end":{"line":145,"column":4}}},"8":{"name":"symbol","line":151,"loc":{"start":{"line":151,"column":4},"end":{"line":153,"column":4}}},"9":{"name":"nonces","line":158,"loc":{"start":{"line":158,"column":4},"end":{"line":160,"column":4}}},"10":{"name":"version","line":165,"loc":{"start":{"line":165,"column":5},"end":{"line":167,"column":5}}},"11":{"name":"decimals","line":182,"loc":{"start":{"line":182,"column":4},"end":{"line":184,"column":4}}},"12":{"name":"totalSupply","line":189,"loc":{"start":{"line":189,"column":4},"end":{"line":191,"column":4}}},"13":{"name":"allowance","line":196,"loc":{"start":{"line":196,"column":4},"end":{"line":204,"column":4}}},"14":{"name":"chainId","line":211,"loc":{"start":{"line":211,"column":4},"end":{"line":215,"column":4}}},"15":{"name":"_transfer","line":231,"loc":{"start":{"line":231,"column":4},"end":{"line":243,"column":4}}},"16":{"name":"_mint","line":254,"loc":{"start":{"line":254,"column":4},"end":{"line":259,"column":4}}},"17":{"name":"_burn","line":272,"loc":{"start":{"line":272,"column":4},"end":{"line":278,"column":4}}},"18":{"name":"_approve","line":293,"loc":{"start":{"line":293,"column":4},"end":{"line":303,"column":4}}},"19":{"name":"_resetTokenValue","line":305,"loc":{"start":{"line":305,"column":4},"end":{"line":307,"column":4}}},"20":{"name":"_validAddress","line":309,"loc":{"start":{"line":309,"column":4},"end":{"line":311,"column":4}}}},"statementMap":{"1":{"start":{"line":22,"column":8},"end":{"line":22,"column":47}},"2":{"start":{"line":23,"column":8},"end":{"line":23,"column":19}},"3":{"start":{"line":34,"column":8},"end":{"line":34,"column":44}},"4":{"start":{"line":35,"column":8},"end":{"line":35,"column":19}},"5":{"start":{"line":56,"column":8},"end":{"line":56,"column":43}},"6":{"start":{"line":57,"column":8},"end":{"line":57,"column":1736}},"7":{"start":{"line":62,"column":8},"end":{"line":62,"column":19}},"8":{"start":{"line":78,"column":8},"end":{"line":78,"column":86}},"9":{"start":{"line":79,"column":8},"end":{"line":79,"column":19}},"10":{"start":{"line":97,"column":8},"end":{"line":97,"column":67}},"11":{"start":{"line":98,"column":8},"end":{"line":98,"column":92}},"12":{"start":{"line":99,"column":8},"end":{"line":99,"column":75}},"13":{"start":{"line":101,"column":8},"end":{"line":101,"column":19}},"14":{"start":{"line":113,"column":8},"end":{"line":113,"column":63}},"15":{"start":{"line":115,"column":8},"end":{"line":115,"column":3674}},"16":{"start":{"line":133,"column":8},"end":{"line":133,"column":51}},"17":{"start":{"line":134,"column":8},"end":{"line":134,"column":76}},"18":{"start":{"line":137,"column":8},"end":{"line":137,"column":38}},"19":{"start":{"line":144,"column":8},"end":{"line":144,"column":20}},"20":{"start":{"line":152,"column":8},"end":{"line":152,"column":22}},"21":{"start":{"line":159,"column":8},"end":{"line":159,"column":29}},"22":{"start":{"line":166,"column":9},"end":{"line":166,"column":24}},"23":{"start":{"line":183,"column":8},"end":{"line":183,"column":24}},"24":{"start":{"line":190,"column":8},"end":{"line":190,"column":27}},"25":{"start":{"line":203,"column":8},"end":{"line":203,"column":42}},"26":{"start":{"line":236,"column":8},"end":{"line":236,"column":28}},"27":{"start":{"line":237,"column":8},"end":{"line":237,"column":31}},"28":{"start":{"line":238,"column":8},"end":{"line":238,"column":37}},"29":{"start":{"line":239,"column":8},"end":{"line":239,"column":69}},"30":{"start":{"line":240,"column":8},"end":{"line":240,"column":62}},"31":{"start":{"line":241,"column":8},"end":{"line":241,"column":31}},"32":{"start":{"line":242,"column":8},"end":{"line":242,"column":48}},"33":{"start":{"line":255,"column":8},"end":{"line":255,"column":29}},"34":{"start":{"line":256,"column":8},"end":{"line":256,"column":46}},"35":{"start":{"line":257,"column":8},"end":{"line":257,"column":58}},"36":{"start":{"line":258,"column":8},"end":{"line":258,"column":50}},"37":{"start":{"line":273,"column":8},"end":{"line":273,"column":29}},"38":{"start":{"line":274,"column":8},"end":{"line":274,"column":71}},"39":{"start":{"line":275,"column":8},"end":{"line":275,"column":46}},"40":{"start":{"line":276,"column":8},"end":{"line":276,"column":32}},"41":{"start":{"line":277,"column":8},"end":{"line":277,"column":50}},"42":{"start":{"line":298,"column":8},"end":{"line":298,"column":27}},"43":{"start":{"line":299,"column":8},"end":{"line":299,"column":29}},"44":{"start":{"line":301,"column":8},"end":{"line":301,"column":43}},"45":{"start":{"line":302,"column":8},"end":{"line":302,"column":45}},"46":{"start":{"line":306,"column":8},"end":{"line":306,"column":66}},"47":{"start":{"line":306,"column":37},"end":{"line":306,"column":65}},"48":{"start":{"line":310,"column":8},"end":{"line":310,"column":58}}},"branchMap":{"1":{"line":98,"type":"if","locations":[{"start":{"line":98,"column":8},"end":{"line":98,"column":8}},{"start":{"line":98,"column":8},"end":{"line":98,"column":8}}]},"2":{"line":113,"type":"if","locations":[{"start":{"line":113,"column":8},"end":{"line":113,"column":8}},{"start":{"line":113,"column":8},"end":{"line":113,"column":8}}]},"3":{"line":134,"type":"if","locations":[{"start":{"line":134,"column":8},"end":{"line":134,"column":8}},{"start":{"line":134,"column":8},"end":{"line":134,"column":8}}]},"4":{"line":306,"type":"if","locations":[{"start":{"line":306,"column":8},"end":{"line":306,"column":8}},{"start":{"line":306,"column":8},"end":{"line":306,"column":8}}]},"5":{"line":310,"type":"if","locations":[{"start":{"line":310,"column":8},"end":{"line":310,"column":8}},{"start":{"line":310,"column":8},"end":{"line":310,"column":8}}]}}},
"contracts/StrategyTokenStorage.sol":{"l":{},"path":"/home/peter/Documents/Enso/Monorepo/packages/contracts/contracts/StrategyTokenStorage.sol","s":{},"b":{},"f":{},"fnMap":{},"statementMap":{},"branchMap":{}},
"contracts/Whitelist.sol":{"l":{"11":268,"12":267,"16":2,"17":1,"21":6915},"path":"/home/peter/Documents/Enso/Monorepo/packages/contracts/contracts/Whitelist.sol","s":{"1":268,"2":267,"3":2,"4":6915},"b":{"1":[267,1],"2":[1,1]},"f":{"1":268,"2":2,"3":6915},"fnMap":{"1":{"name":"approve","line":10,"loc":{"start":{"line":10,"column":3},"end":{"line":13,"column":3}}},"2":{"name":"revoke","line":15,"loc":{"start":{"line":15,"column":3},"end":{"line":18,"column":3}}},"3":{"name":"approved","line":20,"loc":{"start":{"line":20,"column":3},"end":{"line":22,"column":3}}}},"statementMap":{"1":{"start":{"line":11,"column":7},"end":{"line":11,"column":62}},"2":{"start":{"line":12,"column":7},"end":{"line":12,"column":29}},"3":{"start":{"line":16,"column":7},"end":{"line":16,"column":58}},"4":{"start":{"line":21,"column":7},"end":{"line":21,"column":37}}},"branchMap":{"1":{"line":11,"type":"if","locations":[{"start":{"line":11,"column":7},"end":{"line":11,"column":7}},{"start":{"line":11,"column":7},"end":{"line":11,"column":7}}]},"2":{"line":16,"type":"if","locations":[{"start":{"line":16,"column":7},"end":{"line":16,"column":7}},{"start":{"line":16,"column":7},"end":{"line":16,"column":7}}]}}}}
