TN:
SF:/home/peter/Documents/Enso/Monorepo/packages/contracts/contracts/adapters/BaseAdapter.sol
FN:9,constructor
FNF:1
FNH:1
FNDA:61,constructor
DA:10,61
LF:1
LH:1
BRF:0
BRH:0
end_of_record
TN:
SF:/home/peter/Documents/Enso/Monorepo/packages/contracts/contracts/adapters/borrow/AaveBorrowAdapter.sol
FN:20,constructor
FN:24,spotPrice
FN:37,swap
FN:66,_convert
FNF:4
FNH:4
FNDA:4,constructor
FNDA:3,spotPrice
FNDA:173,swap
FNDA:108,_convert
DA:21,4
DA:29,3
DA:30,1
DA:32,1
DA:34,1
DA:45,173
DA:46,173
DA:48,173
DA:50,67
DA:51,0
DA:52,67
DA:53,67
DA:56,106
DA:57,106
DA:58,106
DA:59,104
DA:60,0
DA:62,0
DA:67,108
DA:68,94
DA:69,93
DA:71,1
DA:73,0
LF:23
LH:19
BRDA:29,1,0,1
BRDA:29,1,1,2
BRDA:31,2,0,1
BRDA:31,2,1,1
BRDA:45,3,0,173
BRDA:45,3,1,0
BRDA:48,4,0,67
BRDA:48,4,1,106
BRDA:50,5,0,0
BRDA:50,5,1,67
BRDA:54,6,0,106
BRDA:54,6,1,0
BRDA:57,7,0,106
BRDA:57,7,1,0
BRDA:59,8,0,0
BRDA:59,8,1,104
BRDA:67,9,0,14
BRDA:67,9,1,94
BRDA:68,10,0,93
BRDA:68,10,1,1
BRDA:70,11,0,1
BRDA:70,11,1,0
BRF:22
BRH:16
end_of_record
TN:
SF:/home/peter/Documents/Enso/Monorepo/packages/contracts/contracts/adapters/borrow/Leverage2XAdapter.sol
FN:25,constructor
FN:32,spotPrice
FN:46,swap
FN:78,_delegateSwap
FN:108,_checkAToken
FNF:5
FNH:4
FNDA:2,constructor
FNDA:0,spotPrice
FNDA:14,swap
FNDA:96,_delegateSwap
FNDA:14,_checkAToken
DA:26,2
DA:27,2
DA:28,2
DA:29,2
DA:37,0
DA:38,0
DA:39,0
DA:41,0
DA:54,14
DA:55,14
DA:57,14
DA:58,14
DA:60,14
DA:61,14
DA:63,14
DA:65,14
DA:67,14
DA:69,14
DA:71,14
DA:73,13
DA:75,13
DA:88,96
DA:89,96
DA:101,96
DA:102,96
DA:105,96
DA:109,14
DA:111,14
DA:112,14
DA:125,14
LF:30
LH:26
BRDA:38,1,0,0
BRDA:38,1,1,0
BRDA:54,2,0,14
BRDA:54,2,1,0
BRDA:55,3,0,14
BRDA:55,3,1,0
BRDA:57,4,0,14
BRDA:57,4,1,0
BRDA:60,5,0,14
BRDA:60,5,1,0
BRDA:61,6,0,14
BRDA:61,6,1,0
BRDA:105,7,0,94
BRDA:105,7,1,2
BRF:14
BRH:7
end_of_record
TN:
SF:/home/peter/Documents/Enso/Monorepo/packages/contracts/contracts/adapters/exchanges/BalancerAdapter.sol
FN:49,constructor
FN:53,spotPrice
FN:68,swap
FN:81,_batchSwapExactIn
FN:124,_viewSplitExactIn
FN:174,_getPoolData
FN:207,_calcEffectiveLiquidity
FN:225,_calcTotalOutExactIn
FNF:8
FNH:8
FNDA:1,constructor
FNDA:16,spotPrice
FNDA:85,swap
FNDA:84,_batchSwapExactIn
FNDA:100,_viewSplitExactIn
FNDA:114,_getPoolData
FNDA:114,_calcEffectiveLiquidity
FNDA:100,_calcTotalOutExactIn
DA:50,1
DA:58,16
DA:59,16
DA:76,85
DA:77,84
DA:78,84
DA:93,84
DA:94,84
DA:96,84
DA:97,98
DA:98,98
DA:99,98
DA:101,98
DA:102,0
DA:104,98
DA:106,96
DA:113,92
DA:116,78
DA:118,77
DA:119,77
DA:120,73
DA:134,100
DA:136,100
DA:137,100
DA:138,100
DA:139,114
DA:140,114
DA:143,100
DA:144,100
DA:145,100
DA:146,114
DA:147,114
DA:150,100
DA:151,14
DA:153,86
DA:156,100
DA:158,100
DA:159,114
DA:169,100
DA:171,100
DA:182,114
DA:183,114
DA:184,114
DA:185,114
DA:186,114
DA:187,114
DA:189,114
DA:194,114
DA:204,114
DA:217,114
DA:222,114
DA:233,100
DA:234,100
DA:235,114
DA:244,114
DA:246,100
LF:56
LH:55
BRDA:76,1,0,84
BRDA:76,1,1,1
BRDA:93,2,0,84
BRDA:93,2,1,0
BRDA:101,3,0,0
BRDA:101,3,1,98
BRDA:116,4,0,77
BRDA:116,4,1,1
BRDA:118,5,0,77
BRDA:118,5,1,0
BRDA:120,6,0,73
BRDA:120,6,1,0
BRDA:150,7,0,14
BRDA:150,7,1,86
BRF:14
BRH:10
end_of_record
TN:
SF:/home/peter/Documents/Enso/Monorepo/packages/contracts/contracts/adapters/exchanges/CurveAdapter.sol
FN:21,constructor
FN:25,spotPrice
FN:41,swap
FNF:3
FNH:3
FNDA:2,constructor
FNDA:15,spotPrice
FNDA:39,swap
DA:22,2
DA:30,15
DA:31,14
DA:32,14
DA:33,14
DA:34,13
DA:35,13
DA:37,1
DA:49,39
DA:50,39
DA:51,39
DA:52,13
DA:53,39
DA:54,39
DA:55,39
DA:56,39
DA:57,39
DA:58,38
DA:59,38
DA:60,38
DA:61,25
LF:21
LH:21
BRDA:30,1,0,1
BRDA:30,1,1,14
BRDA:33,2,0,13
BRDA:33,2,1,1
BRDA:49,3,0,39
BRDA:49,3,1,0
BRDA:51,4,0,13
BRDA:51,4,1,26
BRDA:54,5,0,39
BRDA:54,5,1,0
BRDA:59,6,0,38
BRDA:59,6,1,0
BRDA:60,7,0,25
BRDA:60,7,1,13
BRF:14
BRH:11
end_of_record
TN:
SF:/home/peter/Documents/Enso/Monorepo/packages/contracts/contracts/adapters/exchanges/SynthetixAdapter.sol
FN:20,constructor
FN:24,spotPrice
FN:37,swap
FN:59,_resolveTokens
FN:71,_resolveSynthetix
FNF:5
FNH:5
FNDA:1,constructor
FNDA:3,spotPrice
FNDA:128,swap
FNDA:131,_resolveTokens
FNDA:131,_resolveSynthetix
DA:21,1
DA:29,3
DA:30,3
DA:31,3
DA:32,3
DA:34,3
DA:45,128
DA:46,128
DA:48,128
DA:49,128
DA:50,128
DA:51,128
DA:52,53
DA:54,75
DA:56,96
DA:64,131
DA:65,131
DA:66,131
DA:68,131
DA:72,131
DA:73,131
DA:74,131
LF:22
LH:22
BRDA:45,1,0,128
BRDA:45,1,1,0
BRDA:46,2,0,128
BRDA:46,2,1,0
BRDA:51,3,0,53
BRDA:51,3,1,75
BRDA:56,4,0,96
BRDA:56,4,1,0
BRDA:66,5,0,131
BRDA:66,5,1,0
BRDA:73,6,0,131
BRDA:73,6,1,0
BRF:12
BRH:7
end_of_record
TN:
SF:/home/peter/Documents/Enso/Monorepo/packages/contracts/contracts/adapters/exchanges/UniswapV2Adapter.sol
FN:16,constructor
FN:20,spotPrice
FN:36,swap
FN:63,_pairSwap
FNF:4
FNH:4
FNDA:27,constructor
FNDA:584,spotPrice
FNDA:4885,swap
FNDA:4880,_pairSwap
DA:17,27
DA:25,584
DA:27,584
DA:44,4885
DA:45,4884
DA:46,4884
DA:47,4884
DA:48,4884
DA:49,4434
DA:51,450
DA:53,4882
DA:54,4882
DA:57,4882
DA:58,4882
DA:59,4881
DA:60,4880
DA:70,4880
DA:71,4880
DA:73,4880
LF:19
LH:19
BRDA:44,1,0,4884
BRDA:44,1,1,1
BRDA:48,2,0,4434
BRDA:48,2,1,450
BRDA:59,3,0,4880
BRDA:59,3,1,1
BRF:6
BRH:6
end_of_record
TN:
SF:/home/peter/Documents/Enso/Monorepo/packages/contracts/contracts/adapters/exchanges/UniswapV3Adapter.sol
FN:18,constructor
FN:23,spotPrice
FN:48,swap
FNF:3
FNH:3
FNDA:1,constructor
FNDA:6,spotPrice
FNDA:6,swap
DA:19,1
DA:20,1
DA:28,6
DA:29,5
DA:30,5
DA:31,4
DA:32,4
DA:33,4
DA:34,1
DA:36,3
DA:39,1
DA:56,6
DA:57,6
DA:58,6
DA:59,6
DA:60,6
DA:61,6
LF:17
LH:17
BRDA:28,1,0,1
BRDA:28,1,1,5
BRDA:30,2,0,4
BRDA:30,2,1,1
BRDA:33,3,0,1
BRDA:33,3,1,3
BRDA:56,4,0,6
BRDA:56,4,1,0
BRDA:57,5,0,6
BRDA:57,5,1,0
BRF:10
BRH:8
end_of_record
TN:
SF:/home/peter/Documents/Enso/Monorepo/packages/contracts/contracts/adapters/lending/AaveLendAdapter.sol
FN:21,constructor
FN:26,spotPrice
FN:35,swap
FN:62,_checkAToken
FNF:4
FNH:4
FNDA:4,constructor
FNDA:135,spotPrice
FNDA:299,swap
FNDA:298,_checkAToken
DA:22,4
DA:23,4
DA:31,135
DA:32,135
DA:43,299
DA:44,299
DA:45,299
DA:46,144
DA:47,298
DA:48,167
DA:49,167
DA:50,167
DA:51,167
DA:52,165
DA:54,165
DA:57,131
DA:58,131
DA:63,298
DA:65,298
DA:66,298
DA:79,298
LF:21
LH:21
BRDA:43,1,0,299
BRDA:43,1,1,0
BRDA:44,2,0,299
BRDA:44,2,1,0
BRDA:45,3,0,144
BRDA:45,3,1,155
BRDA:47,4,0,167
BRDA:47,4,1,131
BRDA:48,5,0,167
BRDA:48,5,1,0
BRDA:52,6,0,165
BRDA:52,6,1,0
BRDA:57,7,0,131
BRDA:57,7,1,0
BRF:14
BRH:9
end_of_record
TN:
SF:/home/peter/Documents/Enso/Monorepo/packages/contracts/contracts/adapters/lending/CompoundAdapter.sol
FN:19,constructor
FN:23,spotPrice
FN:41,swap
FN:72,claim
FN:78,_checkCToken
FNF:5
FNH:5
FNDA:1,constructor
FNDA:19,spotPrice
FNDA:43,swap
FNDA:1,claim
FNDA:63,_checkCToken
DA:20,1
DA:28,19
DA:29,18
DA:30,16
DA:31,16
DA:32,16
DA:34,1
DA:35,1
DA:36,1
DA:38,1
DA:49,43
DA:51,43
DA:52,15
DA:54,43
DA:55,28
DA:56,28
DA:57,28
DA:58,28
DA:60,15
DA:61,15
DA:62,15
DA:64,43
DA:65,43
DA:67,43
DA:68,28
DA:73,1
DA:74,1
DA:75,1
DA:79,63
DA:81,63
DA:82,63
DA:95,63
LF:32
LH:32
BRDA:28,1,0,1
BRDA:28,1,1,18
BRDA:29,2,0,16
BRDA:29,2,1,2
BRDA:31,3,0,16
BRDA:31,3,1,0
BRDA:33,4,0,1
BRDA:33,4,1,1
BRDA:35,5,0,1
BRDA:35,5,1,0
BRDA:49,6,0,43
BRDA:49,6,1,0
BRDA:51,7,0,15
BRDA:51,7,1,28
BRDA:54,8,0,28
BRDA:54,8,1,15
BRDA:56,9,0,28
BRDA:56,9,1,0
BRDA:61,10,0,15
BRDA:61,10,1,0
BRDA:65,11,0,43
BRDA:65,11,1,0
BRDA:67,12,0,28
BRDA:67,12,1,15
BRF:24
BRH:18
end_of_record
TN:
SF:/home/peter/Documents/Enso/Monorepo/packages/contracts/contracts/adapters/liquidity/CurveLPAdapter.sol
FN:25,constructor
FN:30,spotPrice
FN:72,swap
FN:124,_deposit
FN:156,_withdraw
FN:178,_depositPrice
FN:209,_withdrawPrice
FNF:7
FNH:7
FNDA:3,constructor
FNDA:56,spotPrice
FNDA:194,swap
FNDA:144,_deposit
FNDA:50,_withdraw
FNDA:52,_depositPrice
FNDA:2,_withdrawPrice
DA:26,3
DA:27,3
DA:35,56
DA:36,55
DA:37,55
DA:38,55
DA:39,55
DA:40,39
DA:42,1
DA:44,14
DA:45,14
DA:46,14
DA:47,30
DA:48,29
DA:49,13
DA:50,13
DA:53,14
DA:54,13
DA:56,1
DA:57,1
DA:58,1
DA:59,2
DA:60,2
DA:61,1
DA:62,1
DA:65,1
DA:68,1
DA:80,194
DA:81,194
DA:82,12
DA:84,194
DA:85,194
DA:86,194
DA:87,194
DA:88,119
DA:90,38
DA:92,37
DA:93,37
DA:94,37
DA:95,98
DA:96,86
DA:97,25
DA:98,25
DA:101,37
DA:102,25
DA:104,12
DA:105,12
DA:106,12
DA:107,24
DA:108,24
DA:109,12
DA:110,12
DA:113,12
DA:116,0
DA:118,192
DA:119,192
DA:120,192
DA:121,52
DA:130,144
DA:131,143
DA:132,143
DA:133,143
DA:134,518
DA:135,143
DA:136,143
DA:138,375
DA:140,143
DA:141,143
DA:142,25
DA:143,25
DA:144,25
DA:146,39
DA:147,39
DA:148,39
DA:150,79
DA:151,79
DA:152,79
DA:163,50
DA:164,50
DA:166,50
DA:167,50
DA:168,113
DA:169,113
DA:170,50
DA:171,50
DA:174,50
DA:175,50
DA:184,52
DA:185,52
DA:186,52
DA:187,194
DA:188,52
DA:189,52
DA:191,142
DA:193,52
DA:194,52
DA:195,13
DA:196,13
DA:197,13
DA:199,12
DA:200,12
DA:201,12
DA:203,27
DA:204,27
DA:205,27
DA:216,2
DA:217,2
DA:219,2
DA:220,2
DA:221,3
DA:222,3
DA:223,2
DA:224,2
DA:227,2
LF:114
LH:113
BRDA:35,1,0,1
BRDA:35,1,1,55
BRDA:39,2,0,39
BRDA:39,2,1,16
BRDA:41,3,0,1
BRDA:41,3,1,15
BRDA:43,4,0,14
BRDA:43,4,1,1
BRDA:47,5,0,1
BRDA:47,5,1,29
BRDA:48,6,0,13
BRDA:48,6,1,16
BRDA:53,7,0,13
BRDA:53,7,1,1
BRDA:59,8,0,0
BRDA:59,8,1,2
BRDA:60,9,0,1
BRDA:60,9,1,1
BRDA:65,10,0,1
BRDA:65,10,1,0
BRDA:80,11,0,194
BRDA:80,11,1,0
BRDA:81,12,0,12
BRDA:81,12,1,182
BRDA:87,13,0,119
BRDA:87,13,1,75
BRDA:89,14,0,38
BRDA:89,14,1,37
BRDA:91,15,0,37
BRDA:91,15,1,0
BRDA:95,16,0,12
BRDA:95,16,1,86
BRDA:96,17,0,25
BRDA:96,17,1,61
BRDA:101,18,0,25
BRDA:101,18,1,12
BRDA:107,19,0,0
BRDA:107,19,1,24
BRDA:108,20,0,12
BRDA:108,20,1,12
BRDA:113,21,0,12
BRDA:113,21,1,0
BRDA:119,22,0,192
BRDA:119,22,1,0
BRDA:120,23,0,52
BRDA:120,23,1,140
BRDA:134,24,0,143
BRDA:134,24,1,375
BRDA:138,25,0,143
BRDA:138,25,1,232
BRDA:140,26,0,143
BRDA:140,26,1,0
BRDA:141,27,0,25
BRDA:141,27,1,118
BRDA:145,28,0,39
BRDA:145,28,1,79
BRDA:149,29,0,79
BRDA:149,29,1,0
BRDA:164,30,0,37
BRDA:164,30,1,13
BRDA:168,31,0,113
BRDA:168,31,1,0
BRDA:169,32,0,50
BRDA:169,32,1,63
BRDA:187,33,0,52
BRDA:187,33,1,142
BRDA:191,34,0,52
BRDA:191,34,1,90
BRDA:193,35,0,0
BRDA:193,35,1,52
BRDA:194,36,0,13
BRDA:194,36,1,39
BRDA:198,37,0,12
BRDA:198,37,1,27
BRDA:202,38,0,27
BRDA:202,38,1,0
BRDA:217,39,0,2
BRDA:217,39,1,0
BRDA:221,40,0,0
BRDA:221,40,1,3
BRDA:222,41,0,2
BRDA:222,41,1,1
BRF:82
BRH:68
end_of_record
TN:
SF:/home/peter/Documents/Enso/Monorepo/packages/contracts/contracts/adapters/liquidity/UniswapV2LPAdapter.sol
FN:19,constructor
FN:23,spotPrice
FN:71,swap
FN:124,_calculateWethAmounts
FN:134,_getAmountIn
FN:145,_buyToken
FN:165,_sellToken
FN:182,_quote
FNF:8
FNH:8
FNDA:1,constructor
FNDA:20,spotPrice
FNDA:74,swap
FNDA:59,_calculateWethAmounts
FNDA:118,_getAmountIn
FNDA:86,_buyToken
FNDA:57,_sellToken
FNDA:34,_quote
DA:20,1
DA:28,20
DA:29,19
DA:30,17
DA:31,17
DA:32,16
DA:33,16
DA:34,16
DA:42,16
DA:43,16
DA:44,16
DA:45,0
DA:47,16
DA:48,16
DA:51,1
DA:52,1
DA:53,1
DA:54,1
DA:55,1
DA:56,1
DA:57,1
DA:58,1
DA:59,1
DA:61,1
DA:79,74
DA:80,73
DA:81,43
DA:82,43
DA:84,43
DA:85,43
DA:86,43
DA:87,43
DA:96,43
DA:97,43
DA:100,43
DA:101,43
DA:102,42
DA:103,37
DA:106,29
DA:107,29
DA:109,0
DA:111,29
DA:112,29
DA:113,29
DA:115,29
DA:116,29
DA:117,28
DA:118,25
DA:120,1
DA:126,59
DA:127,59
DA:128,59
DA:129,59
DA:130,59
DA:131,59
DA:135,118
DA:136,118
DA:137,118
DA:138,118
DA:139,32
DA:141,86
DA:149,86
DA:150,86
DA:151,86
DA:152,86
DA:154,86
DA:155,86
DA:156,86
DA:162,86
DA:166,57
DA:167,57
DA:168,57
DA:169,57
DA:171,57
DA:172,57
DA:173,56
DA:179,53
DA:183,34
DA:184,34
LF:79
LH:77
BRDA:28,1,0,1
BRDA:28,1,1,19
BRDA:29,2,0,17
BRDA:29,2,1,2
BRDA:44,3,0,0
BRDA:44,3,1,16
BRDA:50,4,0,1
BRDA:50,4,1,1
BRDA:79,5,0,73
BRDA:79,5,1,1
BRDA:80,6,0,43
BRDA:80,6,1,30
BRDA:81,7,0,43
BRDA:81,7,1,0
BRDA:103,8,0,36
BRDA:103,8,1,1
BRDA:104,9,0,29
BRDA:104,9,1,1
BRDA:106,10,0,29
BRDA:106,10,1,0
BRDA:118,11,0,25
BRDA:118,11,1,0
BRDA:138,12,0,32
BRDA:138,12,1,86
BRF:24
BRH:20
end_of_record
TN:
SF:/home/peter/Documents/Enso/Monorepo/packages/contracts/contracts/adapters/strategy/MetaStrategyAdapter.sol
FN:25,constructor
FN:30,spotPrice
FN:38,swap
FN:71,_getPrice
FN:108,_pathPrice
FNF:5
FNH:5
FNDA:5,constructor
FNDA:43,spotPrice
FNDA:120,swap
FNDA:44,_getPrice
FNDA:7,_pathPrice
DA:26,5
DA:27,5
DA:35,43
DA:46,120
DA:47,119
DA:49,118
DA:50,104
DA:52,118
DA:53,79
DA:54,14
DA:56,79
DA:57,75
DA:58,12
DA:61,114
DA:62,39
DA:64,110
DA:65,110
DA:67,109
DA:68,109
DA:76,44
DA:77,44
DA:78,40
DA:79,40
DA:80,40
DA:82,40
DA:84,4
DA:85,3
DA:86,3
DA:87,3
DA:88,3
DA:89,3
DA:90,8
DA:91,8
DA:92,8
DA:93,0
DA:95,8
DA:96,8
DA:97,1
DA:99,7
DA:103,3
DA:105,1
DA:113,7
DA:114,7
DA:115,7
DA:116,7
DA:117,7
DA:119,0
DA:121,7
DA:122,7
DA:124,0
DA:126,7
DA:128,7
LF:52
LH:49
BRDA:46,1,0,119
BRDA:46,1,1,1
BRDA:47,2,0,118
BRDA:47,2,1,1
BRDA:49,3,0,104
BRDA:49,3,1,14
BRDA:52,4,0,79
BRDA:52,4,1,39
BRDA:53,5,0,14
BRDA:53,5,1,65
BRDA:57,6,0,12
BRDA:57,6,1,63
BRDA:61,7,0,39
BRDA:61,7,1,75
BRDA:65,8,0,109
BRDA:65,8,1,1
BRDA:67,9,0,109
BRDA:67,9,1,0
BRDA:76,10,0,0
BRDA:76,10,1,44
BRDA:77,11,0,40
BRDA:77,11,1,4
BRDA:84,12,0,3
BRDA:84,12,1,1
BRDA:92,13,0,0
BRDA:92,13,1,8
BRDA:96,14,0,1
BRDA:96,14,1,7
BRDA:116,15,0,7
BRDA:116,15,1,0
BRDA:121,16,0,7
BRDA:121,16,1,0
BRF:32
BRH:27
end_of_record
TN:
SF:/home/peter/Documents/Enso/Monorepo/packages/contracts/contracts/adapters/vaults/CurveRewardsAdapter.sol
FN:22,constructor
FN:26,spotPrice
FN:36,swap
FN:67,claim
FNF:4
FNH:4
FNDA:1,constructor
FNDA:14,spotPrice
FNDA:40,swap
FNDA:1,claim
DA:23,1
DA:31,14
DA:32,14
DA:44,40
DA:45,40
DA:46,40
DA:47,27
DA:48,27
DA:49,27
DA:50,0
DA:51,27
DA:52,27
DA:54,13
DA:55,13
DA:56,13
DA:57,13
DA:58,13
DA:60,39
DA:61,39
DA:62,39
DA:63,26
DA:68,1
DA:69,1
LF:23
LH:22
BRDA:44,1,0,40
BRDA:44,1,1,0
BRDA:46,2,0,27
BRDA:46,2,1,13
BRDA:48,3,0,27
BRDA:48,3,1,0
BRDA:49,4,0,0
BRDA:49,4,1,27
BRDA:55,5,0,13
BRDA:55,5,1,0
BRDA:56,6,0,13
BRDA:56,6,1,0
BRDA:61,7,0,39
BRDA:61,7,1,0
BRDA:62,8,0,26
BRDA:62,8,1,13
BRF:16
BRH:10
end_of_record
TN:
SF:/home/peter/Documents/Enso/Monorepo/packages/contracts/contracts/adapters/vaults/YEarnV2Adapter.sol
FN:15,constructor
FN:17,spotPrice
FN:35,swap
FN:65,_checkVault
FNF:4
FNH:4
FNDA:2,constructor
FNDA:17,spotPrice
FNDA:51,swap
FNDA:69,_checkVault
DA:22,17
DA:23,16
DA:24,14
DA:25,14
DA:26,14
DA:28,1
DA:29,1
DA:30,1
DA:32,1
DA:43,51
DA:45,51
DA:46,13
DA:47,51
DA:48,51
DA:49,38
DA:50,38
DA:51,38
DA:52,38
DA:54,13
DA:55,13
DA:56,13
DA:59,50
DA:61,50
DA:62,37
DA:66,69
DA:68,69
DA:69,69
DA:70,69
DA:84,69
DA:85,16
LF:30
LH:30
BRDA:22,1,0,1
BRDA:22,1,1,16
BRDA:23,2,0,14
BRDA:23,2,1,2
BRDA:25,3,0,14
BRDA:25,3,1,0
BRDA:27,4,0,1
BRDA:27,4,1,1
BRDA:29,5,0,1
BRDA:29,5,1,0
BRDA:43,6,0,51
BRDA:43,6,1,0
BRDA:45,7,0,13
BRDA:45,7,1,38
BRDA:48,8,0,38
BRDA:48,8,1,13
BRDA:50,9,0,38
BRDA:50,9,1,0
BRDA:55,10,0,13
BRDA:55,10,1,0
BRDA:59,11,0,50
BRDA:59,11,1,0
BRDA:61,12,0,37
BRDA:61,12,1,13
BRDA:84,13,0,53
BRDA:84,13,1,16
BRF:26
BRH:20
end_of_record
TN:
SF:/home/peter/Documents/Enso/Monorepo/packages/contracts/contracts/ERC1271.sol
FN:15,isValidSignature
FN:28,isValidSignature
FN:44,_getEthSignedMessageHash
FN:51,_uint2str
FNF:4
FNH:4
FNDA:5,isValidSignature
FNDA:3,isValidSignature
FNDA:3,_getEthSignedMessageHash
FNDA:3,_uint2str
DA:24,5
DA:25,5
DA:37,3
DA:38,3
DA:45,3
DA:52,3
DA:53,1
DA:55,2
DA:56,2
DA:57,2
DA:58,2
DA:59,2
DA:60,2
DA:62,2
DA:63,2
DA:64,2
DA:65,2
DA:66,2
DA:68,2
LF:19
LH:19
BRDA:52,1,0,1
BRDA:52,1,1,2
BRF:2
BRH:2
end_of_record
TN:
SF:/home/peter/Documents/Enso/Monorepo/packages/contracts/contracts/helpers/AddressUtils.sol
FN:6,noZeroAddress
FNF:1
FNH:1
FNDA:584,noZeroAddress
DA:7,584
DA:8,583
LF:2
LH:2
BRDA:7,1,0,583
BRDA:7,1,1,1
BRF:2
BRH:2
end_of_record
TN:
SF:/home/peter/Documents/Enso/Monorepo/packages/contracts/contracts/helpers/Multicall.sol
FN:17,aggregate
FNF:1
FNH:1
FNDA:131,aggregate
DA:18,131
DA:19,131
DA:20,1021
DA:21,1021
DA:23,1021
DA:24,11
DA:26,1010
LF:7
LH:7
BRDA:23,1,0,11
BRDA:23,1,1,1010
BRF:2
BRH:2
end_of_record
TN:
SF:/home/peter/Documents/Enso/Monorepo/packages/contracts/contracts/helpers/StrategyTypes.sol
FNF:0
FNH:0
LF:0
LH:0
BRF:0
BRH:0
end_of_record
TN:
SF:/home/peter/Documents/Enso/Monorepo/packages/contracts/contracts/helpers/StringUtils.sol
FN:5,parseInt
FNF:1
FNH:1
FNDA:82,parseInt
DA:6,82
DA:7,82
DA:8,82
DA:9,2085
DA:13,2084
DA:14,2084
LF:6
LH:6
BRDA:9,1,0,2084
BRDA:9,1,1,1
BRF:2
BRH:2
end_of_record
TN:
SF:/home/peter/Documents/Enso/Monorepo/packages/contracts/contracts/interfaces/aave/IAToken.sol
FNF:0
FNH:0
LF:0
LH:0
BRF:0
BRH:0
end_of_record
TN:
SF:/home/peter/Documents/Enso/Monorepo/packages/contracts/contracts/interfaces/aave/IDebtToken.sol
FNF:0
FNH:0
LF:0
LH:0
BRF:0
BRH:0
end_of_record
TN:
SF:/home/peter/Documents/Enso/Monorepo/packages/contracts/contracts/interfaces/aave/ILendingPool.sol
FNF:0
FNH:0
LF:0
LH:0
BRF:0
BRH:0
end_of_record
TN:
SF:/home/peter/Documents/Enso/Monorepo/packages/contracts/contracts/interfaces/aave/ILendingPoolAddressesProvider.sol
FNF:0
FNH:0
LF:0
LH:0
BRF:0
BRH:0
end_of_record
TN:
SF:/home/peter/Documents/Enso/Monorepo/packages/contracts/contracts/interfaces/aave/IPriceOracleGetter.sol
FNF:0
FNH:0
LF:0
LH:0
BRF:0
BRH:0
end_of_record
TN:
SF:/home/peter/Documents/Enso/Monorepo/packages/contracts/contracts/interfaces/compound/IComptroller.sol
FNF:0
FNH:0
LF:0
LH:0
BRF:0
BRH:0
end_of_record
TN:
SF:/home/peter/Documents/Enso/Monorepo/packages/contracts/contracts/interfaces/compound/ICToken.sol
FNF:0
FNH:0
LF:0
LH:0
BRF:0
BRH:0
end_of_record
TN:
SF:/home/peter/Documents/Enso/Monorepo/packages/contracts/contracts/interfaces/curve/ICurveAddressProvider.sol
FNF:0
FNH:0
LF:0
LH:0
BRF:0
BRH:0
end_of_record
TN:
SF:/home/peter/Documents/Enso/Monorepo/packages/contracts/contracts/interfaces/curve/ICurveDeposit.sol
FNF:0
FNH:0
LF:0
LH:0
BRF:0
BRH:0
end_of_record
TN:
SF:/home/peter/Documents/Enso/Monorepo/packages/contracts/contracts/interfaces/curve/ICurveGauge.sol
FNF:0
FNH:0
LF:0
LH:0
BRF:0
BRH:0
end_of_record
TN:
SF:/home/peter/Documents/Enso/Monorepo/packages/contracts/contracts/interfaces/curve/ICurveRegistry.sol
FNF:0
FNH:0
LF:0
LH:0
BRF:0
BRH:0
end_of_record
TN:
SF:/home/peter/Documents/Enso/Monorepo/packages/contracts/contracts/interfaces/curve/ICurveStableSwap.sol
FNF:0
FNH:0
LF:0
LH:0
BRF:0
BRH:0
end_of_record
TN:
SF:/home/peter/Documents/Enso/Monorepo/packages/contracts/contracts/interfaces/IBaseAdapter.sol
FNF:0
FNH:0
LF:0
LH:0
BRF:0
BRH:0
end_of_record
TN:
SF:/home/peter/Documents/Enso/Monorepo/packages/contracts/contracts/interfaces/IERC1271.sol
FNF:0
FNH:0
LF:0
LH:0
BRF:0
BRH:0
end_of_record
TN:
SF:/home/peter/Documents/Enso/Monorepo/packages/contracts/contracts/interfaces/IERC20NonStandard.sol
FNF:0
FNH:0
LF:0
LH:0
BRF:0
BRH:0
end_of_record
TN:
SF:/home/peter/Documents/Enso/Monorepo/packages/contracts/contracts/interfaces/IEstimator.sol
FNF:0
FNH:0
LF:0
LH:0
BRF:0
BRH:0
end_of_record
TN:
SF:/home/peter/Documents/Enso/Monorepo/packages/contracts/contracts/interfaces/IOracle.sol
FNF:0
FNH:0
LF:0
LH:0
BRF:0
BRH:0
end_of_record
TN:
SF:/home/peter/Documents/Enso/Monorepo/packages/contracts/contracts/interfaces/IProtocolOracle.sol
FNF:0
FNH:0
LF:0
LH:0
BRF:0
BRH:0
end_of_record
TN:
SF:/home/peter/Documents/Enso/Monorepo/packages/contracts/contracts/interfaces/IRewardsAdapter.sol
FNF:0
FNH:0
LF:0
LH:0
BRF:0
BRH:0
end_of_record
TN:
SF:/home/peter/Documents/Enso/Monorepo/packages/contracts/contracts/interfaces/IStrategy.sol
FNF:0
FNH:0
LF:0
LH:0
BRF:0
BRH:0
end_of_record
TN:
SF:/home/peter/Documents/Enso/Monorepo/packages/contracts/contracts/interfaces/IStrategyController.sol
FNF:0
FNH:0
LF:0
LH:0
BRF:0
BRH:0
end_of_record
TN:
SF:/home/peter/Documents/Enso/Monorepo/packages/contracts/contracts/interfaces/IStrategyManagement.sol
FNF:0
FNH:0
LF:0
LH:0
BRF:0
BRH:0
end_of_record
TN:
SF:/home/peter/Documents/Enso/Monorepo/packages/contracts/contracts/interfaces/IStrategyProxyFactory.sol
FNF:0
FNH:0
LF:0
LH:0
BRF:0
BRH:0
end_of_record
TN:
SF:/home/peter/Documents/Enso/Monorepo/packages/contracts/contracts/interfaces/IStrategyRouter.sol
FNF:0
FNH:0
LF:0
LH:0
BRF:0
BRH:0
end_of_record
TN:
SF:/home/peter/Documents/Enso/Monorepo/packages/contracts/contracts/interfaces/IStrategyToken.sol
FNF:0
FNH:0
LF:0
LH:0
BRF:0
BRH:0
end_of_record
TN:
SF:/home/peter/Documents/Enso/Monorepo/packages/contracts/contracts/interfaces/IWhitelist.sol
FNF:0
FNH:0
LF:0
LH:0
BRF:0
BRH:0
end_of_record
TN:
SF:/home/peter/Documents/Enso/Monorepo/packages/contracts/contracts/interfaces/registries/IChainlinkRegistry.sol
FNF:0
FNH:0
LF:0
LH:0
BRF:0
BRH:0
end_of_record
TN:
SF:/home/peter/Documents/Enso/Monorepo/packages/contracts/contracts/interfaces/registries/ICurveDepositZapRegistry.sol
FNF:0
FNH:0
LF:0
LH:0
BRF:0
BRH:0
end_of_record
TN:
SF:/home/peter/Documents/Enso/Monorepo/packages/contracts/contracts/interfaces/registries/ITokenRegistry.sol
FNF:0
FNH:0
LF:0
LH:0
BRF:0
BRH:0
end_of_record
TN:
SF:/home/peter/Documents/Enso/Monorepo/packages/contracts/contracts/interfaces/registries/IUniswapV3Registry.sol
FNF:0
FNH:0
LF:0
LH:0
BRF:0
BRH:0
end_of_record
TN:
SF:/home/peter/Documents/Enso/Monorepo/packages/contracts/contracts/interfaces/synthetix/IAddressResolver.sol
FNF:0
FNH:0
LF:0
LH:0
BRF:0
BRH:0
end_of_record
TN:
SF:/home/peter/Documents/Enso/Monorepo/packages/contracts/contracts/interfaces/synthetix/IDelegateApprovals.sol
FNF:0
FNH:0
LF:0
LH:0
BRF:0
BRH:0
end_of_record
TN:
SF:/home/peter/Documents/Enso/Monorepo/packages/contracts/contracts/interfaces/synthetix/IExchanger.sol
FNF:0
FNH:0
LF:0
LH:0
BRF:0
BRH:0
end_of_record
TN:
SF:/home/peter/Documents/Enso/Monorepo/packages/contracts/contracts/interfaces/synthetix/IIssuer.sol
FNF:0
FNH:0
LF:0
LH:0
BRF:0
BRH:0
end_of_record
TN:
SF:/home/peter/Documents/Enso/Monorepo/packages/contracts/contracts/interfaces/synthetix/ISynth.sol
FNF:0
FNH:0
LF:0
LH:0
BRF:0
BRH:0
end_of_record
TN:
SF:/home/peter/Documents/Enso/Monorepo/packages/contracts/contracts/interfaces/synthetix/ISynthetix.sol
FNF:0
FNH:0
LF:0
LH:0
BRF:0
BRH:0
end_of_record
TN:
SF:/home/peter/Documents/Enso/Monorepo/packages/contracts/contracts/interfaces/synthetix/IVirtualSynth.sol
FNF:0
FNH:0
LF:0
LH:0
BRF:0
BRH:0
end_of_record
TN:
SF:/home/peter/Documents/Enso/Monorepo/packages/contracts/contracts/interfaces/uniswap/ISwapRouter.sol
FNF:0
FNH:0
LF:0
LH:0
BRF:0
BRH:0
end_of_record
TN:
SF:/home/peter/Documents/Enso/Monorepo/packages/contracts/contracts/interfaces/yearn/IYEarnV2Vault.sol
FNF:0
FNH:0
LF:0
LH:0
BRF:0
BRH:0
end_of_record
TN:
SF:/home/peter/Documents/Enso/Monorepo/packages/contracts/contracts/libraries/StrategyLibrary.sol
FN:14,getExpectedTokenValue
FN:24,getRange
FNF:2
FNH:2
FNDA:11182,getExpectedTokenValue
FNDA:3833,getRange
DA:19,11182
DA:20,11175
DA:21,10878
DA:25,3833
DA:26,3832
LF:5
LH:5
BRDA:20,1,0,296
BRDA:20,1,1,10879
BRDA:25,2,0,1
BRDA:25,2,1,3832
BRF:4
BRH:4
end_of_record
TN:
SF:/home/peter/Documents/Enso/Monorepo/packages/contracts/contracts/oracles/EnsoOracle.sol
FN:21,constructor
FN:31,estimateStrategy
FN:73,estimateItem
FN:77,estimateStrategies
FNF:4
FNH:4
FNDA:29,constructor
FNDA:2779,estimateStrategy
FNDA:10994,estimateItem
FNDA:1,estimateStrategies
DA:26,29
DA:27,29
DA:28,29
DA:32,2779
DA:33,2779
DA:34,2777
DA:35,2777
DA:36,2776
DA:37,8860
DA:41,8826
DA:42,8826
DA:44,2742
DA:45,185
DA:49,185
DA:50,185
DA:52,2742
DA:53,2740
DA:55,117
DA:56,117
DA:57,117
DA:58,117
DA:63,117
DA:67,116
DA:68,116
DA:70,2738
DA:74,10994
DA:78,1
DA:79,1
DA:80,3
DA:81,3
DA:83,1
LF:31
LH:31
BRDA:53,1,0,117
BRDA:53,1,1,2623
BRF:2
BRH:2
end_of_record
TN:
SF:/home/peter/Documents/Enso/Monorepo/packages/contracts/contracts/oracles/estimators/AaveDebtEstimator.sol
FN:9,estimateItem
FNF:1
FNH:1
FNDA:190,estimateItem
DA:10,190
DA:11,190
LF:2
LH:2
BRF:0
BRH:0
end_of_record
TN:
SF:/home/peter/Documents/Enso/Monorepo/packages/contracts/contracts/oracles/estimators/AaveEstimator.sol
FN:9,estimateItem
FNF:1
FNH:1
FNDA:666,estimateItem
DA:10,666
DA:11,666
LF:2
LH:2
BRF:0
BRH:0
end_of_record
TN:
SF:/home/peter/Documents/Enso/Monorepo/packages/contracts/contracts/oracles/estimators/BasicEstimator.sol
FN:10,constructor
FN:14,estimateItem
FNF:2
FNH:2
FNDA:55,constructor
FNDA:9437,estimateItem
DA:11,55
DA:15,9437
LF:2
LH:2
BRF:0
BRH:0
end_of_record
TN:
SF:/home/peter/Documents/Enso/Monorepo/packages/contracts/contracts/oracles/estimators/CompoundEstimator.sol
FN:13,estimateItem
FNF:1
FNH:1
FNDA:75,estimateItem
DA:14,75
DA:15,75
DA:16,75
LF:3
LH:3
BRF:0
BRH:0
end_of_record
TN:
SF:/home/peter/Documents/Enso/Monorepo/packages/contracts/contracts/oracles/estimators/CurveEstimator.sol
FN:26,estimateItem
FNF:1
FNH:1
FNDA:365,estimateItem
DA:27,365
DA:28,365
DA:29,365
DA:30,365
DA:32,16
DA:33,16
DA:34,16
DA:35,16
DA:36,47
DA:37,47
DA:39,15
DA:40,15
DA:41,15
DA:43,349
DA:44,346
DA:48,346
DA:50,126
DA:53,75
DA:56,78
DA:59,67
DA:60,67
DA:61,67
DA:62,67
DA:63,67
DA:64,67
DA:65,67
LF:26
LH:26
BRDA:30,1,0,16
BRDA:30,1,1,349
BRDA:48,2,0,126
BRDA:48,2,1,220
BRDA:51,3,0,75
BRDA:51,3,1,145
BRDA:54,4,0,78
BRDA:54,4,1,67
BRDA:57,5,0,67
BRDA:57,5,1,0
BRDA:64,6,0,67
BRDA:64,6,1,0
BRF:12
BRH:10
end_of_record
TN:
SF:/home/peter/Documents/Enso/Monorepo/packages/contracts/contracts/oracles/estimators/CurveGaugeEstimator.sol
FN:9,estimateItem
FNF:1
FNH:1
FNDA:67,estimateItem
DA:10,67
DA:11,67
LF:2
LH:2
BRF:0
BRH:0
end_of_record
TN:
SF:/home/peter/Documents/Enso/Monorepo/packages/contracts/contracts/oracles/estimators/EmergencyEstimator.sol
FN:14,estimateItem
FN:18,setEstimate
FNF:2
FNH:2
FNDA:32,estimateItem
FNDA:1,setEstimate
DA:15,32
DA:19,1
LF:2
LH:2
BRF:0
BRH:0
end_of_record
TN:
SF:/home/peter/Documents/Enso/Monorepo/packages/contracts/contracts/oracles/estimators/StrategyEstimator.sol
FN:12,estimateItem
FNF:1
FNH:1
FNDA:234,estimateItem
DA:13,234
DA:14,233
DA:15,233
DA:16,231
LF:4
LH:4
BRDA:13,1,0,233
BRDA:13,1,1,1
BRF:2
BRH:2
end_of_record
TN:
SF:/home/peter/Documents/Enso/Monorepo/packages/contracts/contracts/oracles/estimators/UniswapV2Estimator.sol
FN:13,estimateItem
FNF:1
FNH:1
FNDA:75,estimateItem
DA:14,75
DA:15,75
DA:16,75
DA:17,75
DA:18,75
DA:19,73
LF:6
LH:6
BRF:0
BRH:0
end_of_record
TN:
SF:/home/peter/Documents/Enso/Monorepo/packages/contracts/contracts/oracles/estimators/YEarnV2Estimator.sol
FN:13,estimateItem
FNF:1
FNH:1
FNDA:81,estimateItem
DA:14,81
DA:15,81
DA:16,81
LF:3
LH:3
BRF:0
BRH:0
end_of_record
TN:
SF:/home/peter/Documents/Enso/Monorepo/packages/contracts/contracts/oracles/protocols/ChainlinkOracle.sol
FN:19,constructor
FN:24,consult
FN:31,_traversePairs
FNF:3
FNH:3
FNDA:29,constructor
FNDA:519,consult
FNDA:507,_traversePairs
DA:20,29
DA:21,29
DA:25,519
DA:26,453
DA:27,453
DA:28,453
DA:35,507
DA:36,507
DA:37,506
DA:38,506
DA:39,373
DA:41,133
DA:43,504
DA:44,54
DA:46,503
LF:15
LH:15
BRDA:25,1,0,66
BRDA:25,1,1,453
BRDA:27,2,0,0
BRDA:27,2,1,453
BRDA:38,3,0,373
BRDA:38,3,1,133
BRDA:43,4,0,54
BRDA:43,4,1,449
BRF:8
BRH:7
end_of_record
TN:
SF:/home/peter/Documents/Enso/Monorepo/packages/contracts/contracts/oracles/protocols/ProtocolOracle.sol
FN:13,estimateTotal
FNF:1
FNH:1
FNDA:1,estimateTotal
DA:20,1
DA:21,1
DA:22,1
DA:23,3
DA:24,3
DA:25,1
DA:27,2
DA:29,3
DA:30,3
DA:32,1
LF:10
LH:10
BRDA:24,1,0,1
BRDA:24,1,1,2
BRF:2
BRH:2
end_of_record
TN:
SF:/home/peter/Documents/Enso/Monorepo/packages/contracts/contracts/oracles/protocols/UniswapNaiveOracle.sol
FN:13,constructor
FN:18,consult
FNF:2
FNH:2
FNDA:26,constructor
FNDA:8901,consult
DA:14,26
DA:15,26
DA:19,8901
DA:20,8525
DA:21,8350
DA:22,8348
LF:6
LH:6
BRDA:19,1,0,376
BRDA:19,1,1,8525
BRDA:20,2,0,174
BRDA:20,2,1,8350
BRF:4
BRH:4
end_of_record
TN:
SF:/home/peter/Documents/Enso/Monorepo/packages/contracts/contracts/oracles/protocols/UniswapV3Oracle.sol
FN:15,constructor
FN:20,consult
FNF:2
FNH:2
FNDA:6,constructor
FNDA:24,consult
DA:16,6
DA:17,6
DA:21,24
DA:22,22
DA:24,19
DA:26,19
DA:27,19
DA:29,19
LF:8
LH:8
BRDA:21,1,0,2
BRDA:21,1,1,22
BRDA:22,2,0,3
BRDA:22,2,1,19
BRF:4
BRH:4
end_of_record
TN:
SF:/home/peter/Documents/Enso/Monorepo/packages/contracts/contracts/oracles/registries/ChainlinkRegistry.sol
FN:17,batchAddOracles
FN:35,addOracle
FN:42,removeOracle
FN:46,getOracle
FNF:4
FNH:4
FNDA:1,batchAddOracles
FNDA:469,addOracle
FNDA:1,removeOracle
FNDA:507,getOracle
DA:18,1
DA:19,1
DA:20,1
DA:21,3
DA:22,3
DA:23,3
DA:24,3
DA:36,469
DA:37,469
DA:38,469
DA:39,469
DA:43,1
DA:47,507
LF:13
LH:13
BRDA:18,1,0,1
BRDA:18,1,1,0
BRDA:19,2,0,1
BRDA:19,2,1,0
BRF:4
BRH:2
end_of_record
TN:
SF:/home/peter/Documents/Enso/Monorepo/packages/contracts/contracts/oracles/registries/CurveDepositZapRegistry.sol
FN:11,getZap
FN:15,addZap
FNF:2
FNH:2
FNDA:52,getZap
FNDA:36,addZap
DA:12,52
DA:16,36
LF:2
LH:2
BRF:0
BRH:0
end_of_record
TN:
SF:/home/peter/Documents/Enso/Monorepo/packages/contracts/contracts/oracles/registries/TokenRegistry.sol
FN:14,getEstimator
FN:18,addEstimator
FN:22,addItem
FNF:3
FNH:3
FNDA:10992,getEstimator
FNDA:886,addEstimator
FNDA:4658,addItem
DA:15,10992
DA:19,886
DA:23,4658
DA:24,4657
DA:25,4657
DA:26,4657
LF:6
LH:6
BRDA:23,1,0,4657
BRDA:23,1,1,1
BRF:2
BRH:2
end_of_record
TN:
SF:/home/peter/Documents/Enso/Monorepo/packages/contracts/contracts/oracles/registries/UniswapV3Registry.sol
FN:23,constructor
FN:32,addFee
FN:39,initialize
FN:61,getPool
FN:72,getRange
FNF:5
FNH:5
FNDA:32,constructor
FNDA:2,addFee
FNDA:6,initialize
FNDA:27,getPool
FNDA:19,getRange
DA:24,32
DA:25,32
DA:26,32
DA:27,32
DA:28,32
DA:29,32
DA:33,2
DA:34,4
DA:36,1
DA:40,6
DA:41,6
DA:42,6
DA:43,6
DA:44,18
DA:45,18
DA:46,7
DA:47,7
DA:48,5
DA:49,5
DA:50,5
DA:54,6
DA:55,5
DA:56,5
DA:57,5
DA:58,5
DA:62,27
DA:63,1
DA:65,26
DA:66,26
DA:67,2
DA:69,24
DA:73,19
DA:74,19
DA:75,19
DA:76,19
LF:35
LH:35
BRDA:34,1,0,3
BRDA:34,1,1,1
BRDA:45,2,0,7
BRDA:45,2,1,11
BRDA:47,3,0,5
BRDA:47,3,1,2
BRDA:54,4,0,5
BRDA:54,4,1,1
BRDA:58,5,0,4
BRDA:58,5,1,1
BRDA:62,6,0,1
BRDA:62,6,1,26
BRDA:66,7,0,2
BRDA:66,7,1,24
BRF:14
BRH:14
end_of_record
TN:
SF:/home/peter/Documents/Enso/Monorepo/packages/contracts/contracts/routers/BatchDepositRouter.sol
FN:12,constructor
FN:17,deposit
FN:42,withdraw
FN:48,rebalance
FN:56,restructure
FNF:5
FNH:5
FNDA:1,constructor
FNDA:14,deposit
FNDA:1,withdraw
FNDA:1,rebalance
FNDA:1,restructure
DA:19,14
DA:21,14
DA:22,14
DA:23,28
DA:24,28
DA:26,28
DA:27,28
DA:44,1
DA:45,1
DA:49,1
DA:50,1
DA:58,1
DA:59,1
LF:13
LH:13
BRDA:26,1,0,28
BRDA:26,1,1,0
BRF:2
BRH:1
end_of_record
TN:
SF:/home/peter/Documents/Enso/Monorepo/packages/contracts/contracts/routers/FullRouter.sol
FN:24,constructor
FN:32,deposit
FN:52,withdraw
FN:97,rebalance
FN:157,restructure
FN:173,_batchSell
FN:237,_batchBuy
FN:294,_batchBuySynths
FN:318,_sellToken
FN:342,_buyToken
FN:380,_repayToken
FN:403,_borrowToken
FN:434,_repayPath
FN:542,_borrowPath
FN:615,_getLeverageRemaining
FN:629,_leverage
FN:644,_deleverage
FNF:17
FNH:17
FNDA:6,constructor
FNDA:40,deposit
FNDA:26,withdraw
FNDA:52,rebalance
FNDA:39,restructure
FNDA:39,_batchSell
FNDA:79,_batchBuy
FNDA:53,_batchBuySynths
FNDA:116,_sellToken
FNDA:195,_buyToken
FNDA:40,_repayToken
FNDA:65,_borrowToken
FNDA:66,_repayPath
FNDA:53,_borrowPath
FNDA:210,_getLeverageRemaining
FNDA:88,_leverage
FNDA:93,_deleverage
DA:25,6
DA:26,6
DA:34,40
DA:36,40
DA:37,40
DA:38,40
DA:39,40
DA:54,26
DA:57,26
DA:58,26
DA:60,26
DA:61,26
DA:62,26
DA:64,26
DA:65,26
DA:66,26
DA:67,26
DA:68,26
DA:78,26
DA:79,52
DA:80,52
DA:81,52
DA:82,52
DA:84,52
DA:85,52
DA:86,39
DA:87,39
DA:98,52
DA:99,52
DA:100,52
DA:102,52
DA:103,26
DA:111,51
DA:112,51
DA:113,76
DA:114,76
DA:115,76
DA:116,50
DA:117,50
DA:119,76
DA:120,76
DA:129,51
DA:130,76
DA:131,63
DA:132,63
DA:133,63
DA:142,51
DA:144,49
DA:145,25
DA:159,39
DA:166,39
DA:167,39
DA:168,39
DA:169,39
DA:170,39
DA:180,39
DA:181,14
DA:183,14
DA:184,0
DA:192,14
DA:200,39
DA:202,53
DA:203,53
DA:204,53
DA:205,14
DA:206,14
DA:208,53
DA:210,26
DA:218,27
DA:226,39
DA:228,13
DA:245,79
DA:246,105
DA:247,105
DA:255,78
DA:257,27
DA:264,27
DA:266,76
DA:267,40
DA:274,73
DA:275,73
DA:276,0
DA:278,0
DA:282,0
DA:285,0
DA:296,53
DA:297,53
DA:298,53
DA:299,53
DA:303,53
DA:324,116
DA:329,116
DA:330,26
DA:331,26
DA:337,26
DA:339,90
DA:349,195
DA:350,195
DA:351,80
DA:353,115
DA:358,115
DA:359,65
DA:362,195
DA:363,145
DA:364,145
DA:366,64
DA:367,64
DA:369,145
DA:370,145
DA:386,40
DA:387,40
DA:392,40
DA:394,40
DA:395,40
DA:409,65
DA:410,65
DA:411,65
DA:412,26
DA:414,39
DA:419,39
DA:420,27
DA:423,65
DA:424,53
DA:425,53
DA:440,66
DA:443,66
DA:444,66
DA:445,66
DA:446,66
DA:447,66
DA:448,66
DA:450,0
DA:453,66
DA:454,66
DA:455,66
DA:457,27
DA:458,54
DA:459,54
DA:462,39
DA:463,39
DA:464,78
DA:465,78
DA:466,78
DA:468,0
DA:470,78
DA:472,39
DA:476,66
DA:477,67
DA:479,67
DA:480,67
DA:481,67
DA:482,134
DA:484,93
DA:485,93
DA:486,93
DA:487,93
DA:490,67
DA:492,53
DA:493,53
DA:496,67
DA:497,134
DA:498,134
DA:499,134
DA:500,134
DA:501,134
DA:503,134
DA:504,67
DA:505,67
DA:506,67
DA:508,67
DA:510,67
DA:511,67
DA:513,134
DA:514,134
DA:515,67
DA:516,67
DA:518,67
DA:519,67
DA:521,134
DA:536,65
DA:537,130
DA:550,53
DA:551,53
DA:552,53
DA:553,53
DA:555,53
DA:556,39
DA:557,39
DA:558,39
DA:559,78
DA:563,53
DA:564,78
DA:565,78
DA:566,169
DA:567,169
DA:568,169
DA:569,169
DA:570,169
DA:571,169
DA:572,78
DA:573,78
DA:574,78
DA:576,78
DA:578,91
DA:579,91
DA:580,91
DA:582,169
DA:583,169
DA:584,14
DA:586,155
DA:588,169
DA:602,76
DA:605,63
DA:606,125
DA:607,88
DA:608,86
DA:616,210
DA:620,210
DA:621,210
DA:622,78
DA:624,132
DA:626,54
DA:630,88
DA:631,88
DA:632,88
DA:633,88
DA:640,86
DA:645,93
DA:646,93
DA:647,93
DA:648,93
DA:649,93
DA:655,93
LF:233
LH:226
BRDA:67,1,0,26
BRDA:67,1,1,0
BRDA:80,2,0,52
BRDA:80,2,1,0
BRDA:85,3,0,39
BRDA:85,3,1,13
BRDA:115,4,0,50
BRDA:115,4,1,26
BRDA:120,5,0,63
BRDA:120,5,1,13
BRDA:130,6,0,63
BRDA:130,6,1,13
BRDA:142,7,0,26
BRDA:142,7,1,25
BRDA:183,8,0,0
BRDA:183,8,1,14
BRDA:204,9,0,14
BRDA:204,9,1,39
BRDA:208,10,0,26
BRDA:208,10,1,27
BRDA:226,11,0,13
BRDA:226,11,1,26
BRDA:255,12,0,27
BRDA:255,12,1,51
BRDA:275,13,0,0
BRDA:275,13,1,73
BRDA:276,14,0,0
BRDA:276,14,1,0
BRDA:303,15,0,49
BRDA:303,15,1,4
BRDA:329,16,0,26
BRDA:329,16,1,90
BRDA:350,17,0,80
BRDA:350,17,1,115
BRDA:358,18,0,65
BRDA:358,18,1,50
BRDA:362,19,0,145
BRDA:362,19,1,50
BRDA:364,20,0,64
BRDA:364,20,1,81
BRDA:411,21,0,26
BRDA:411,21,1,39
BRDA:419,22,0,27
BRDA:419,22,1,12
BRDA:423,23,0,53
BRDA:423,23,1,12
BRDA:440,24,0,0
BRDA:440,24,1,66
BRDA:443,25,0,66
BRDA:443,25,1,0
BRDA:448,26,0,0
BRDA:448,26,1,66
BRDA:451,27,0,66
BRDA:451,27,1,0
BRDA:455,28,0,27
BRDA:455,28,1,39
BRDA:464,29,0,78
BRDA:464,29,1,0
BRDA:477,30,0,67
BRDA:477,30,1,0
BRDA:482,31,0,93
BRDA:482,31,1,41
BRDA:487,32,0,14
BRDA:487,32,1,79
BRDA:490,33,0,53
BRDA:490,33,1,14
BRDA:493,34,0,27
BRDA:493,34,1,26
BRDA:503,35,0,67
BRDA:503,35,1,67
BRDA:513,36,0,134
BRDA:513,36,1,0
BRDA:514,37,0,67
BRDA:514,37,1,67
BRDA:521,38,0,133
BRDA:521,38,1,1
BRDA:550,39,0,53
BRDA:550,39,1,0
BRDA:555,40,0,39
BRDA:555,40,1,14
BRDA:571,41,0,78
BRDA:571,41,1,91
BRDA:582,42,0,169
BRDA:582,42,1,0
BRDA:583,43,0,14
BRDA:583,43,1,155
BRDA:588,44,0,167
BRDA:588,44,1,2
BRDA:602,45,0,63
BRDA:602,45,1,13
BRDA:606,46,0,88
BRDA:606,46,1,37
BRDA:621,47,0,78
BRDA:621,47,1,132
BRDA:622,48,0,64
BRDA:622,48,1,14
BRDA:624,49,0,92
BRDA:624,49,1,40
BRDA:631,50,0,88
BRDA:631,50,1,0
BRF:100
BRH:84
end_of_record
TN:
SF:/home/peter/Documents/Enso/Monorepo/packages/contracts/contracts/routers/GenericRouter.sol
FN:18,constructor
FN:27,deposit
FN:36,withdraw
FN:46,rebalance
FN:51,restructure
FN:59,encodeCalls
FN:67,delegateSwap
FN:91,settleSwap
FN:108,settleTransfer
FN:118,settleTransferFrom
FN:129,_onlyInternal
FNF:11
FNH:11
FNDA:8,constructor
FNDA:85,deposit
FNDA:1,withdraw
FNDA:30,rebalance
FNDA:15,restructure
FNDA:26,encodeCalls
FNDA:795,delegateSwap
FNDA:137,settleSwap
FNDA:27,settleTransfer
FNDA:16,settleTransferFrom
FNDA:975,_onlyInternal
DA:29,85
DA:30,85
DA:38,1
DA:39,1
DA:47,30
DA:48,30
DA:52,15
DA:53,15
DA:60,26
DA:76,795
DA:77,794
DA:98,137
DA:99,136
DA:100,136
DA:101,123
DA:112,27
DA:113,27
DA:114,27
DA:115,27
DA:123,16
DA:124,16
DA:125,16
DA:126,16
DA:130,975
LF:24
LH:24
BRDA:77,1,0,792
BRDA:77,1,1,2
BRDA:100,2,0,123
BRDA:100,2,1,13
BRDA:101,3,0,119
BRDA:101,3,1,4
BRDA:115,4,0,14
BRDA:115,4,1,13
BRDA:126,5,0,3
BRDA:126,5,1,13
BRDA:130,6,0,973
BRDA:130,6,1,2
BRF:12
BRH:12
end_of_record
TN:
SF:/home/peter/Documents/Enso/Monorepo/packages/contracts/contracts/routers/LoopRouter.sol
FN:9,constructor
FN:14,deposit
FN:32,withdraw
FN:57,rebalance
FN:90,restructure
FN:104,_batchSell
FN:133,_batchBuy
FN:170,_sellToken
FN:194,_buyToken
FNF:9
FNH:9
FNDA:19,constructor
FNDA:600,deposit
FNDA:38,withdraw
FNDA:405,rebalance
FNDA:37,restructure
FNDA:37,_batchSell
FNDA:636,_batchBuy
FNDA:943,_sellToken
FNDA:2817,_buyToken
DA:16,600
DA:18,600
DA:19,600
DA:20,600
DA:34,38
DA:37,38
DA:38,38
DA:41,38
DA:42,38
DA:43,101
DA:44,101
DA:45,101
DA:46,51
DA:47,51
DA:58,405
DA:59,405
DA:60,405
DA:62,405
DA:63,881
DA:64,881
DA:73,398
DA:74,866
DA:75,503
DA:76,503
DA:92,37
DA:98,37
DA:99,36
DA:100,36
DA:101,36
DA:110,37
DA:112,228
DA:113,228
DA:115,166
DA:123,62
DA:140,636
DA:141,2314
DA:142,2314
DA:150,628
DA:151,628
DA:152,236
DA:154,14
DA:158,222
DA:161,222
DA:176,943
DA:181,943
DA:182,387
DA:183,387
DA:189,380
DA:191,556
DA:201,2817
DA:202,2817
DA:203,2279
DA:205,538
DA:210,538
DA:211,453
DA:214,2817
DA:215,2652
DA:216,2652
LF:58
LH:58
BRDA:45,1,0,51
BRDA:45,1,1,50
BRDA:64,2,0,506
BRDA:64,2,1,368
BRDA:74,3,0,503
BRDA:74,3,1,363
BRDA:113,4,0,166
BRDA:113,4,1,62
BRDA:151,5,0,236
BRDA:151,5,1,392
BRDA:152,6,0,14
BRDA:152,6,1,222
BRDA:181,7,0,387
BRDA:181,7,1,556
BRDA:202,8,0,2279
BRDA:202,8,1,538
BRDA:210,9,0,453
BRDA:210,9,1,85
BRDA:214,10,0,2652
BRDA:214,10,1,165
BRF:20
BRH:20
end_of_record
TN:
SF:/home/peter/Documents/Enso/Monorepo/packages/contracts/contracts/routers/StrategyRouter.sol
FN:25,constructor
FN:34,onlyController
FN:48,_delegateSwap
FN:76,_sellPath
FN:121,_buyPath
FN:167,_pathPrice
FNF:6
FNH:6
FNDA:34,constructor
FNDA:1387,onlyController
FNDA:5342,_delegateSwap
FNDA:788,_sellPath
FNDA:2885,_buyPath
FNDA:624,_pathPrice
DA:26,34
DA:27,34
DA:28,34
DA:35,1387
DA:36,1385
DA:57,5342
DA:58,5342
DA:70,5342
DA:71,5342
DA:82,788
DA:83,759
DA:84,941
DA:85,941
DA:86,941
DA:87,941
DA:88,941
DA:89,941
DA:90,759
DA:91,759
DA:92,759
DA:94,182
DA:95,182
DA:96,182
DA:98,941
DA:99,757
DA:100,757
DA:102,184
DA:103,184
DA:105,941
DA:128,2885
DA:129,2831
DA:130,3128
DA:131,3128
DA:132,3128
DA:133,3128
DA:134,3128
DA:135,3128
DA:136,2831
DA:137,2831
DA:138,2831
DA:140,297
DA:141,297
DA:142,297
DA:144,3128
DA:145,2830
DA:146,2830
DA:148,298
DA:149,298
DA:151,3128
DA:168,624
DA:169,808
DA:170,808
DA:171,808
DA:172,624
DA:174,184
DA:176,808
DA:177,624
DA:179,184
DA:181,808
DA:183,624
LF:60
LH:60
BRDA:35,1,0,1385
BRDA:35,1,1,2
BRDA:57,2,0,5342
BRDA:57,2,1,0
BRDA:82,3,0,759
BRDA:82,3,1,29
BRDA:89,4,0,759
BRDA:89,4,1,182
BRDA:98,5,0,757
BRDA:98,5,1,184
BRDA:105,6,0,930
BRDA:105,6,1,11
BRDA:128,7,0,2831
BRDA:128,7,1,54
BRDA:135,8,0,2831
BRDA:135,8,1,297
BRDA:144,9,0,2830
BRDA:144,9,1,298
BRDA:151,10,0,3105
BRDA:151,10,1,23
BRDA:171,11,0,624
BRDA:171,11,1,184
BRDA:176,12,0,624
BRDA:176,12,1,184
BRF:24
BRH:23
end_of_record
TN:
SF:/home/peter/Documents/Enso/Monorepo/packages/contracts/contracts/Strategy.sol
FN:56,constructor
FN:61,onlyController
FN:77,initialize
FN:109,approveToken
FN:123,approveDebt
FN:135,approveSynths
FN:152,setStructure
FN:157,setCollateral
FN:166,withdrawAll
FN:220,withdrawPerformanceFee
FN:239,withdrawStreamingFee
FN:248,mint
FN:267,burn
FN:283,delegateSwap
FN:311,delegateClaimRewards
FN:332,settleSynths
FN:346,updateTokenValue
FN:356,updateTokenValue
FN:363,updateManager
FN:369,updateSigner
FN:378,updateTradeData
FN:386,updateVersion
FN:392,lock
FN:396,unlock
FN:400,locked
FN:404,items
FN:408,synths
FN:412,debt
FN:416,getPercentage
FN:420,getTradeData
FN:424,getPerformanceFeeOwed
FN:428,controller
FN:432,manager
FN:436,oracle
FN:440,whitelist
FN:444,supportsSynths
FN:448,balanceOf
FN:453,lastTokenValue
FN:457,paidTokenValue
FN:461,_setDomainSeperator
FN:479,_setStructure
FN:533,_setTokenValue
FN:540,_handleFees
FN:558,_updateStreamingFeeRate
FN:565,_issueStreamingFee
FN:579,_deductFeeAndBurn
FN:590,_deductWithdrawalFee
FN:601,_deductPerformanceFee
FN:624,_distributePerformanceFee
FN:634,_getPerformanceFee
FN:651,_calcPerformanceFee
FN:661,_checkSigner
FN:669,_onlyApproved
FN:673,_onlyManager
FN:680,_setLock
FN:688,_removeLock
FNF:56
FNH:56
FNDA:35,constructor
FNDA:10280,onlyController
FNDA:439,initialize
FNDA:4773,approveToken
FNDA:198,approveDebt
FNDA:98,approveSynths
FNDA:92,setStructure
FNDA:165,setCollateral
FNDA:10,withdrawAll
FNDA:3,withdrawPerformanceFee
FNDA:338,withdrawStreamingFee
FNDA:683,mint
FNDA:66,burn
FNDA:75,delegateSwap
FNDA:4,delegateClaimRewards
FNDA:1072,settleSynths
FNDA:3,updateTokenValue
FNDA:1195,updateTokenValue
FNDA:2,updateManager
FNDA:3,updateSigner
FNDA:1,updateTradeData
FNDA:2,updateVersion
FNDA:1779,lock
FNDA:1312,unlock
FNDA:234,locked
FNDA:7474,items
FNDA:2870,synths
FNDA:7199,debt
FNDA:12264,getPercentage
FNDA:3882,getTradeData
FNDA:2,getPerformanceFeeOwed
FNDA:96,controller
FNDA:1223,manager
FNDA:757,oracle
FNDA:244,whitelist
FNDA:3918,supportsSynths
FNDA:347,balanceOf
FNDA:1,lastTokenValue
FNDA:1,paidTokenValue
FNDA:440,_setDomainSeperator
FNDA:512,_setStructure
FNDA:1198,_setTokenValue
FNDA:189,_handleFees
FNDA:710,_updateStreamingFeeRate
FNDA:527,_issueStreamingFee
FNDA:73,_deductFeeAndBurn
FNDA:73,_deductWithdrawalFee
FNDA:1093,_deductPerformanceFee
FNDA:41,_distributePerformanceFee
FNDA:349,_getPerformanceFee
FNDA:178,_calcPerformanceFee
FNDA:8,_checkSigner
FNDA:244,_onlyApproved
FNDA:13,_onlyManager
FNDA:1796,_setLock
FNDA:1320,_removeLock
DA:62,10279
DA:63,10274
DA:78,439
DA:79,439
DA:80,439
DA:81,439
DA:82,439
DA:83,439
DA:84,439
DA:85,439
DA:86,439
DA:87,439
DA:90,439
DA:92,439
DA:93,424
DA:94,420
DA:96,435
DA:110,4772
DA:124,198
DA:136,98
DA:137,96
DA:138,96
DA:139,43
DA:141,53
DA:154,92
DA:158,165
DA:159,165
DA:167,10
DA:168,10
DA:169,9
DA:170,7
DA:171,7
DA:172,7
DA:174,7
DA:175,7
DA:176,5
DA:179,5
DA:180,5
DA:181,5
DA:182,5
DA:183,5
DA:185,35
DA:186,35
DA:187,35
DA:188,35
DA:190,5
DA:191,1
DA:192,1
DA:193,1
DA:194,1
DA:195,1
DA:198,1
DA:199,1
DA:200,1
DA:201,1
DA:204,5
DA:205,5
DA:206,5
DA:207,5
DA:209,5
DA:210,42
DA:212,5
DA:213,5
DA:221,3
DA:222,3
DA:223,2
DA:224,2
DA:225,2
DA:226,2
DA:227,2
DA:228,40
DA:230,2
DA:231,1
DA:232,1
DA:233,1
DA:240,338
DA:250,683
DA:251,676
DA:256,666
DA:257,666
DA:258,637
DA:259,583
DA:268,66
DA:285,75
DA:286,75
DA:298,75
DA:299,75
DA:300,75
DA:303,75
DA:312,4
DA:313,4
DA:314,4
DA:315,3
DA:320,3
DA:321,3
DA:322,3
DA:325,3
DA:326,2
DA:333,1072
DA:334,129
DA:335,129
DA:336,129
DA:337,129
DA:338,129
DA:347,3
DA:348,3
DA:357,1195
DA:364,2
DA:365,1
DA:366,1
DA:370,3
DA:371,2
DA:372,2
DA:379,1
DA:380,1
DA:387,2
DA:388,1
DA:389,1
DA:393,1779
DA:397,1312
DA:401,234
DA:405,7474
DA:409,2870
DA:413,7199
DA:417,12264
DA:421,3882
DA:425,2
DA:429,96
DA:433,1223
DA:437,757
DA:441,244
DA:445,3918
DA:449,347
DA:450,347
DA:454,1
DA:458,1
DA:462,440
DA:480,512
DA:481,512
DA:482,512
DA:483,512
DA:486,512
DA:487,512
DA:488,512
DA:489,512
DA:490,494
DA:492,512
DA:493,14
DA:495,512
DA:496,25
DA:498,512
DA:499,512
DA:500,512
DA:504,512
DA:506,512
DA:507,1821
DA:508,1821
DA:509,1821
DA:510,1821
DA:511,1821
DA:512,1468
DA:514,27
DA:515,27
DA:517,54
DA:520,512
DA:522,27
DA:523,27
DA:526,12
DA:534,1198
DA:542,189
DA:544,189
DA:546,189
DA:547,189
DA:548,189
DA:549,189
DA:550,1
DA:551,1
DA:559,710
DA:566,527
DA:567,527
DA:568,415
DA:569,415
DA:571,415
DA:572,415
DA:580,73
DA:581,73
DA:582,73
DA:583,71
DA:584,71
DA:591,73
DA:592,72
DA:593,72
DA:594,72
DA:595,72
DA:602,1093
DA:603,1018
DA:604,1016
DA:605,698
DA:606,692
DA:608,104
DA:609,104
DA:610,104
DA:611,41
DA:612,41
DA:613,41
DA:614,41
DA:615,41
DA:618,277
DA:625,41
DA:626,41
DA:627,41
DA:628,41
DA:635,349
DA:636,345
DA:637,340
DA:638,74
DA:645,270
DA:652,178
DA:653,178
DA:662,8
DA:663,6
DA:670,244
DA:674,13
DA:681,1796
DA:682,1794
DA:689,1320
LF:226
LH:226
BRDA:62,1,0,10274
BRDA:62,1,1,3
BRDA:92,2,0,424
BRDA:92,2,1,15
BRDA:138,3,0,43
BRDA:138,3,1,53
BRDA:168,4,0,9
BRDA:168,4,1,1
BRDA:169,5,0,7
BRDA:169,5,1,2
BRDA:190,6,0,1
BRDA:190,6,1,4
BRDA:210,7,0,39
BRDA:210,7,1,3
BRDA:230,8,0,1
BRDA:230,8,1,1
BRDA:256,9,0,39
BRDA:256,9,1,627
BRDA:303,10,0,47
BRDA:303,10,1,28
BRDA:325,11,0,2
BRDA:325,11,1,1
BRDA:333,12,0,129
BRDA:333,12,1,943
BRDA:387,13,0,1
BRDA:387,13,1,1
BRDA:511,14,0,1468
BRDA:511,14,1,353
BRDA:513,15,0,27
BRDA:513,15,1,326
BRDA:516,16,0,54
BRDA:516,16,1,272
BRDA:520,17,0,27
BRDA:520,17,1,485
BRDA:524,18,0,12
BRDA:524,18,1,473
BRDA:534,19,0,1198
BRDA:534,19,1,0
BRDA:549,20,0,1
BRDA:549,20,1,188
BRDA:567,21,0,415
BRDA:567,21,1,112
BRDA:591,22,0,1
BRDA:591,22,1,72
BRDA:602,23,0,74
BRDA:602,23,1,1018
BRDA:604,24,0,698
BRDA:604,24,1,318
BRDA:607,25,0,104
BRDA:607,25,1,214
BRDA:610,26,0,41
BRDA:610,26,1,63
BRDA:635,27,0,345
BRDA:635,27,1,4
BRDA:636,28,0,5
BRDA:636,28,1,340
BRDA:637,29,0,74
BRDA:637,29,1,266
BRDA:662,30,0,2
BRDA:662,30,1,6
BRDA:670,31,0,243
BRDA:670,31,1,1
BRDA:674,32,0,10
BRDA:674,32,1,3
BRDA:681,33,0,1794
BRDA:681,33,1,2
BRF:66
BRH:65
end_of_record
TN:
SF:/home/peter/Documents/Enso/Monorepo/packages/contracts/contracts/StrategyController.sol
FN:37,constructor
FN:43,initialize
FN:55,setupStrategy
FN:87,deposit
FN:110,withdrawETH
FN:131,withdrawWETH
FN:149,rebalance
FN:177,repositionSynths
FN:216,restructure
FN:245,finalizeStructure
FN:278,updateValue
FN:307,finalizeValue
FN:338,openStrategy
FN:354,setStrategy
FN:367,initialized
FN:375,social
FN:382,rebalanceThreshold
FN:389,slippage
FN:396,timelock
FN:403,performanceFee
FN:413,verifyStructure
FN:439,oracle
FN:443,whitelist
FN:452,_deposit
FN:501,_withdraw
FN:556,_rebalance
FN:576,_setInitialState
FN:594,_verifyBalance
FN:647,_amountOutOfBalance
FN:679,_finalizeStructure
FN:718,_approveItems
FN:735,_approveSynthsAndDebt
FN:749,_checkBalance
FN:755,_checkCyclicDependency
FN:768,_onlyApproved
FN:772,_onlyManager
FN:779,_socialOrManager
FN:786,_notSet
FN:793,_setStrategyLock
FN:800,_removeStrategyLock
FNF:40
FNH:40
FNDA:29,constructor
FNDA:29,initialize
FNDA:436,setupStrategy
FNDA:341,deposit
FNDA:13,withdrawETH
FNDA:55,withdrawWETH
FNDA:493,rebalance
FNDA:77,repositionSynths
FNDA:121,restructure
FNDA:94,finalizeStructure
FNDA:72,updateValue
FNDA:51,finalizeValue
FNDA:16,openStrategy
FNDA:13,setStrategy
FNDA:179,initialized
FNDA:2,social
FNDA:1889,rebalanceThreshold
FNDA:12,slippage
FNDA:1,timelock
FNDA:943,performanceFee
FNDA:544,verifyStructure
FNDA:4474,oracle
FNDA:6669,whitelist
FNDA:740,_deposit
FNDA:67,_withdraw
FNDA:488,_rebalance
FNDA:435,_setInitialState
FNDA:1034,_verifyBalance
FNDA:1164,_amountOutOfBalance
FNDA:92,_finalizeStructure
FNDA:1218,_approveItems
FNDA:2630,_approveSynthsAndDebt
FNDA:764,_checkBalance
FNDA:43,_checkCyclicDependency
FNDA:1327,_onlyApproved
FNDA:882,_onlyManager
FNDA:338,_socialOrManager
FNDA:215,_notSet
FNDA:1781,_setStrategyLock
FNDA:1340,_removeStrategyLock
DA:44,29
DA:62,436
DA:63,436
DA:64,436
DA:65,435
DA:67,429
DA:68,405
DA:77,321
DA:93,341
DA:94,338
DA:95,337
DA:96,337
DA:97,337
DA:98,335
DA:99,335
DA:100,275
DA:116,13
DA:117,13
DA:118,11
DA:119,10
DA:120,9
DA:121,8
DA:137,55
DA:138,54
DA:139,46
DA:140,43
DA:154,493
DA:155,493
DA:156,492
DA:157,491
DA:158,491
DA:159,491
DA:160,488
DA:161,458
DA:162,488
DA:163,488
DA:164,488
DA:165,428
DA:166,379
DA:167,361
DA:178,77
DA:179,77
DA:180,77
DA:181,76
DA:182,76
DA:183,60
DA:184,60
DA:185,60
DA:193,15
DA:194,15
DA:195,15
DA:196,15
DA:197,15
DA:205,1
DA:207,47
DA:220,121
DA:221,120
DA:222,120
DA:223,119
DA:224,119
DA:230,118
DA:231,116
DA:232,116
DA:233,116
DA:235,108
DA:236,101
DA:250,94
DA:251,94
DA:252,94
DA:253,94
DA:254,94
DA:255,94
DA:256,94
DA:257,94
DA:262,93
DA:263,92
DA:265,92
DA:266,81
DA:267,81
DA:268,81
DA:269,72
DA:270,65
DA:283,72
DA:284,72
DA:285,68
DA:286,68
DA:293,67
DA:294,66
DA:295,42
DA:296,63
DA:297,63
DA:298,63
DA:299,56
DA:300,53
DA:308,51
DA:309,51
DA:310,51
DA:311,51
DA:312,50
DA:317,49
DA:318,49
DA:319,12
DA:321,12
DA:323,12
DA:325,12
DA:327,45
DA:328,45
DA:329,45
DA:330,45
DA:331,44
DA:339,16
DA:340,15
DA:341,14
DA:342,13
DA:343,13
DA:344,12
DA:345,12
DA:346,12
DA:347,12
DA:355,13
DA:356,12
DA:357,12
DA:358,12
DA:359,11
DA:360,11
DA:361,11
DA:368,179
DA:376,2
DA:383,1889
DA:390,12
DA:397,1
DA:404,943
DA:419,544
DA:420,543
DA:421,542
DA:423,541
DA:425,541
DA:426,541
DA:427,1900
DA:428,1900
DA:429,1899
DA:430,1899
DA:431,1898
DA:432,29
DA:433,1896
DA:435,537
DA:436,536
DA:440,4474
DA:444,6669
DA:461,740
DA:462,739
DA:463,739
DA:464,739
DA:465,633
DA:466,633
DA:467,633
DA:468,633
DA:469,633
DA:470,548
DA:471,633
DA:472,619
DA:474,106
DA:475,106
DA:476,106
DA:478,725
DA:480,725
DA:481,708
DA:482,706
DA:483,689
DA:484,689
DA:489,687
DA:490,687
DA:492,687
DA:493,683
DA:494,573
DA:507,67
DA:508,66
DA:509,66
DA:510,66
DA:511,66
DA:512,66
DA:514,66
DA:515,66
DA:517,66
DA:518,65
DA:519,65
DA:522,66
DA:523,66
DA:525,66
DA:527,62
DA:528,61
DA:531,59
DA:532,59
DA:533,59
DA:534,59
DA:540,58
DA:541,58
DA:543,57
DA:544,57
DA:545,57
DA:546,57
DA:562,488
DA:564,459
DA:565,436
DA:566,435
DA:571,434
DA:572,429
DA:573,429
DA:577,435
DA:578,434
DA:579,433
DA:580,432
DA:581,430
DA:582,430
DA:583,430
DA:584,429
DA:585,429
DA:586,429
DA:595,1034
DA:597,1012
DA:599,1012
DA:600,1012
DA:601,1012
DA:602,1768
DA:603,1766
DA:604,1672
DA:605,1672
DA:606,262
DA:607,262
DA:609,1410
DA:610,213
DA:611,213
DA:617,94
DA:618,15
DA:619,15
DA:623,1010
DA:624,520
DA:625,520
DA:626,36
DA:627,36
DA:628,36
DA:630,36
DA:631,0
DA:632,0
DA:634,36
DA:635,0
DA:636,0
DA:640,1010
DA:648,1164
DA:649,1150
DA:650,1150
DA:651,1150
DA:652,4418
DA:653,4404
DA:654,1704
DA:656,2503
DA:659,1136
DA:660,1134
DA:661,83
DA:662,83
DA:663,83
DA:664,0
DA:666,83
DA:669,1134
DA:686,92
DA:687,92
DA:689,92
DA:690,92
DA:692,92
DA:693,77
DA:695,92
DA:697,92
DA:698,92
DA:699,92
DA:700,84
DA:701,84
DA:703,84
DA:704,83
DA:705,82
DA:710,81
DA:724,1218
DA:725,1204
DA:726,3515
DA:741,2630
DA:742,98
DA:744,2619
DA:745,198
DA:750,764
DA:751,747
DA:752,89
DA:756,43
DA:757,42
DA:758,41
DA:759,41
DA:760,109
DA:761,14
DA:769,1327
DA:773,882
DA:780,338
DA:787,215
DA:794,1781
DA:801,1340
DA:805,9
LF:303
LH:298
BRDA:64,1,0,435
BRDA:64,1,1,1
BRDA:67,2,0,405
BRDA:67,2,1,24
BRDA:159,3,0,488
BRDA:159,3,1,3
BRDA:160,4,0,458
BRDA:160,4,1,30
BRDA:182,5,0,60
BRDA:182,5,1,16
BRDA:192,6,0,15
BRDA:192,6,1,1
BRDA:224,7,0,118
BRDA:224,7,1,1
BRDA:230,8,0,116
BRDA:230,8,1,2
BRDA:257,9,0,93
BRDA:257,9,1,1
BRDA:262,10,0,92
BRDA:262,10,1,1
BRDA:286,11,0,67
BRDA:286,11,1,1
BRDA:293,12,0,66
BRDA:293,12,1,1
BRDA:294,13,0,42
BRDA:294,13,1,24
BRDA:295,14,0,39
BRDA:295,14,1,3
BRDA:311,15,0,50
BRDA:311,15,1,1
BRDA:312,16,0,49
BRDA:312,16,1,1
BRDA:318,17,0,12
BRDA:318,17,1,37
BRDA:320,18,0,12
BRDA:320,18,1,25
BRDA:322,19,0,12
BRDA:322,19,1,12
BRDA:341,20,0,13
BRDA:341,20,1,1
BRDA:343,21,0,12
BRDA:343,21,1,1
BRDA:358,22,0,11
BRDA:358,22,1,1
BRDA:419,23,0,543
BRDA:419,23,1,1
BRDA:420,24,0,542
BRDA:420,24,1,1
BRDA:421,25,0,541
BRDA:421,25,1,1
BRDA:428,26,0,1899
BRDA:428,26,1,1
BRDA:430,27,0,1898
BRDA:430,27,1,1
BRDA:431,28,0,29
BRDA:431,28,1,1869
BRDA:435,29,0,536
BRDA:435,29,1,1
BRDA:464,30,0,633
BRDA:464,30,1,106
BRDA:469,31,0,548
BRDA:469,31,1,85
BRDA:474,32,0,106
BRDA:474,32,1,0
BRDA:481,33,0,706
BRDA:481,33,1,2
BRDA:484,34,0,687
BRDA:484,34,1,2
BRDA:507,35,0,66
BRDA:507,35,1,1
BRDA:517,36,0,65
BRDA:517,36,1,1
BRDA:534,37,0,58
BRDA:534,37,1,1
BRDA:565,38,0,435
BRDA:565,38,1,1
BRDA:566,39,0,434
BRDA:566,39,1,1
BRDA:577,40,0,434
BRDA:577,40,1,1
BRDA:578,41,0,433
BRDA:578,41,1,1
BRDA:579,42,0,432
BRDA:579,42,1,1
BRDA:585,43,0,183
BRDA:585,43,1,246
BRDA:586,44,0,12
BRDA:586,44,1,417
BRDA:603,45,0,1672
BRDA:603,45,1,94
BRDA:605,46,0,262
BRDA:605,46,1,1410
BRDA:609,47,0,213
BRDA:609,47,1,1197
BRDA:617,48,0,15
BRDA:617,48,1,79
BRDA:623,49,0,520
BRDA:623,49,1,490
BRDA:630,50,0,0
BRDA:630,50,1,36
BRDA:634,51,0,0
BRDA:634,51,1,36
BRDA:648,52,0,14
BRDA:648,52,1,1150
BRDA:653,53,0,1704
BRDA:653,53,1,2700
BRDA:655,54,0,2503
BRDA:655,54,1,197
BRDA:663,55,0,0
BRDA:663,55,1,83
BRDA:665,56,0,83
BRDA:665,56,1,0
BRDA:692,57,0,77
BRDA:692,57,1,15
BRDA:704,58,0,82
BRDA:704,58,1,1
BRDA:705,59,0,81
BRDA:705,59,1,1
BRDA:741,60,0,98
BRDA:741,60,1,2526
BRDA:751,61,0,89
BRDA:751,61,1,658
BRDA:752,62,0,88
BRDA:752,62,1,1
BRDA:756,63,0,42
BRDA:756,63,1,1
BRDA:757,64,0,41
BRDA:757,64,1,1
BRDA:760,65,0,14
BRDA:760,65,1,95
BRDA:769,66,0,1325
BRDA:769,66,1,2
BRDA:773,67,0,875
BRDA:773,67,1,7
BRDA:780,68,0,337
BRDA:780,68,1,1
BRDA:787,69,0,214
BRDA:787,69,1,1
BRF:138
BRH:133
end_of_record
TN:
SF:/home/peter/Documents/Enso/Monorepo/packages/contracts/contracts/StrategyControllerAdmin.sol
FN:15,constructor
FN:29,implementation
FNF:2
FNH:2
FNDA:29,constructor
FNDA:1,implementation
DA:16,29
DA:17,29
DA:26,29
DA:30,1
LF:4
LH:4
BRF:0
BRH:0
end_of_record
TN:
SF:/home/peter/Documents/Enso/Monorepo/packages/contracts/contracts/StrategyControllerStorage.sol
FNF:0
FNH:0
LF:0
LH:0
BRF:0
BRH:0
end_of_record
TN:
SF:/home/peter/Documents/Enso/Monorepo/packages/contracts/contracts/StrategyProxyAdmin.sol
FN:16,constructor
FN:20,onlyManager
FN:32,getProxyImplementation
FN:51,getProxyAdmin
FN:66,upgrade
FNF:5
FNH:5
FNDA:32,constructor
FNDA:2,onlyManager
FNDA:3,getProxyImplementation
FNDA:2,getProxyAdmin
FNDA:1,upgrade
DA:17,32
DA:21,2
DA:22,1
DA:39,3
DA:40,3
DA:41,2
DA:54,2
DA:55,2
DA:56,1
DA:67,1
DA:68,1
LF:11
LH:11
BRDA:21,1,0,1
BRDA:21,1,1,1
BRDA:40,2,0,2
BRDA:40,2,1,1
BRDA:55,3,0,1
BRDA:55,3,1,1
BRF:6
BRH:6
end_of_record
TN:
SF:/home/peter/Documents/Enso/Monorepo/packages/contracts/contracts/StrategyProxyFactory.sol
FN:62,constructor
FN:78,initialize
FN:97,onlyOwner
FN:107,createStrategy
FN:134,setController
FN:139,updateImplementation
FN:146,updateOracle
FN:151,updateWhitelist
FN:156,updatePool
FN:164,updateProxyVersion
FN:169,addEstimatorToRegistry
FN:177,addItemToRegistry
FN:188,renounceOwnership
FN:197,transferOwnership
FN:202,salt
FN:206,controller
FN:213,whitelist
FN:220,oracle
FN:224,pool
FN:231,implementation
FN:235,version
FN:242,getManager
FN:249,_createProxy
FN:271,_setupStrategy
FN:288,_addItemToRegistry
FNF:25
FNH:25
FNDA:29,constructor
FNDA:29,initialize
FNDA:4571,onlyOwner
FNDA:440,createStrategy
FNDA:314,setController
FNDA:41,updateImplementation
FNDA:12,updateOracle
FNDA:12,updateWhitelist
FNDA:12,updatePool
FNDA:2,updateProxyVersion
FNDA:26,addEstimatorToRegistry
FNDA:4122,addItemToRegistry
FNDA:12,renounceOwnership
FNDA:12,transferOwnership
FNDA:445,salt
FNDA:1,controller
FNDA:6914,whitelist
FNDA:5232,oracle
FNDA:1632,pool
FNDA:9,implementation
FNDA:6,version
FNDA:2,getManager
FNDA:440,_createProxy
FNDA:435,_setupStrategy
FNDA:4561,_addItemToRegistry
DA:81,29
DA:82,29
DA:83,29
DA:84,29
DA:85,29
DA:86,29
DA:87,29
DA:88,29
DA:89,29
DA:90,29
DA:91,29
DA:92,29
DA:93,29
DA:94,29
DA:98,4571
DA:99,4563
DA:116,440
DA:117,435
DA:124,435
DA:131,317
DA:135,314
DA:136,313
DA:140,41
DA:141,38
DA:142,38
DA:143,38
DA:147,12
DA:148,12
DA:152,12
DA:153,12
DA:157,12
DA:158,12
DA:165,2
DA:166,1
DA:170,26
DA:178,4122
DA:189,12
DA:190,11
DA:198,12
DA:199,12
DA:203,445
DA:207,1
DA:214,6914
DA:221,5232
DA:225,1632
DA:232,9
DA:236,6
DA:243,2
DA:252,440
DA:258,439
DA:260,439
DA:268,435
DA:278,435
DA:279,435
DA:293,4561
LF:55
LH:55
BRDA:98,1,0,4563
BRDA:98,1,1,8
BRDA:135,2,0,313
BRDA:135,2,1,1
BRDA:140,3,0,38
BRDA:140,3,1,3
BRDA:165,4,0,1
BRDA:165,4,1,1
BRF:8
BRH:8
end_of_record
TN:
SF:/home/peter/Documents/Enso/Monorepo/packages/contracts/contracts/StrategyProxyFactoryAdmin.sol
FN:15,constructor
FNF:1
FNH:1
FNDA:29,constructor
DA:22,29
DA:23,29
DA:37,29
LF:3
LH:3
BRF:0
BRH:0
end_of_record
TN:
SF:/home/peter/Documents/Enso/Monorepo/packages/contracts/contracts/StrategyProxyFactoryStorage.sol
FNF:0
FNH:0
LF:0
LH:0
BRF:0
BRH:0
end_of_record
TN:
SF:/home/peter/Documents/Enso/Monorepo/packages/contracts/contracts/StrategyToken.sol
FN:21,transfer
FN:33,approve
FN:51,transferFrom
FN:77,increaseAllowance
FN:96,decreaseAllowance
FN:104,permit
FN:143,name
FN:151,symbol
FN:158,nonces
FN:165,version
FN:182,decimals
FN:189,totalSupply
FN:196,allowance
FN:211,chainId
FN:231,_transfer
FN:254,_mint
FN:272,_burn
FN:293,_approve
FN:305,_resetTokenValue
FN:309,_validAddress
FNF:20
FNH:20
FNDA:78,transfer
FNDA:93,approve
FNDA:42,transferFrom
FNDA:1,increaseAllowance
FNDA:2,decreaseAllowance
FNDA:3,permit
FNDA:4,name
FNDA:1,symbol
FNDA:3,nonces
FNDA:6,version
FNDA:1,decimals
FNDA:1548,totalSupply
FNDA:55,allowance
FNDA:443,chainId
FNDA:192,_transfer
FNDA:1081,_mint
FNDA:73,_burn
FNDA:136,_approve
FNDA:258,_resetTokenValue
FNDA:1809,_validAddress
DA:22,78
DA:23,73
DA:34,93
DA:35,92
DA:56,42
DA:57,40
DA:62,40
DA:78,1
DA:79,1
DA:97,2
DA:98,2
DA:99,1
DA:101,1
DA:113,3
DA:115,2
DA:133,2
DA:134,2
DA:136,1
DA:137,1
DA:144,4
DA:152,1
DA:159,3
DA:166,6
DA:183,1
DA:190,1548
DA:203,55
DA:212,443
DA:236,192
DA:237,191
DA:238,189
DA:239,189
DA:240,188
DA:241,187
DA:242,185
DA:255,1081
DA:256,1081
DA:257,1064
DA:258,1055
DA:273,73
DA:274,73
DA:275,71
DA:276,71
DA:277,71
DA:298,136
DA:299,136
DA:301,135
DA:302,135
DA:306,258
DA:310,1809
LF:49
LH:49
BRDA:98,1,0,1
BRDA:98,1,1,1
BRDA:113,2,0,2
BRDA:113,2,1,1
BRDA:134,3,0,1
BRDA:134,3,1,1
BRDA:306,4,0,115
BRDA:306,4,1,142
BRDA:310,5,0,1805
BRDA:310,5,1,4
BRF:10
BRH:10
end_of_record
TN:
SF:/home/peter/Documents/Enso/Monorepo/packages/contracts/contracts/StrategyTokenStorage.sol
FNF:0
FNH:0
LF:0
LH:0
BRF:0
BRH:0
end_of_record
TN:
SF:/home/peter/Documents/Enso/Monorepo/packages/contracts/contracts/Whitelist.sol
FN:10,approve
FN:15,revoke
FN:20,approved
FNF:3
FNH:3
FNDA:268,approve
FNDA:2,revoke
FNDA:6915,approved
DA:11,268
DA:12,267
DA:16,2
DA:17,1
DA:21,6915
LF:5
LH:5
BRDA:11,1,0,267
BRDA:11,1,1,1
BRDA:16,2,0,1
BRDA:16,2,1,1
BRF:4
BRH:4
end_of_record
