TN:
SF:/home/peter/Documents/Bodhi/asset_management_solidity_v1/contracts/controllers/GenericController.sol
FN:21,initiateRebalance
FN:36,executeWithCallback
FN:50,execute
FN:61,rebalance
FNF:4
FNH:3
FNDA:15,initiateRebalance
FNDA:0,executeWithCallback
FNDA:1,execute
FNDA:15,rebalance
DA:22,15
DA:24,15
DA:39,0
DA:40,0
DA:44,0
DA:53,1
DA:57,1
DA:62,15
DA:63,15
DA:64,15
DA:66,15
DA:67,15
LF:12
LH:9
BRDA:62,1,0,15
BRDA:62,1,1,0
BRF:2
BRH:1
end_of_record
TN:
SF:/home/peter/Documents/Bodhi/asset_management_solidity_v1/contracts/controllers/LoopController.sol
FN:18,constructor
FN:23,rebalance
FN:62,_sellToken
FN:86,_buyToken
FNF:4
FNH:4
FNDA:9,constructor
FNDA:1,rebalance
FNDA:14,_sellToken
FNDA:14,_buyToken
DA:19,9
DA:20,9
DA:26,1
DA:28,1
DA:29,1
DA:31,1
DA:32,14
DA:33,14
DA:34,14
DA:42,1
DA:43,1
DA:44,14
DA:45,14
DA:46,14
DA:54,1
DA:55,0
DA:56,0
DA:57,0
DA:67,14
DA:69,14
DA:70,14
DA:71,1
DA:79,1
DA:92,14
DA:104,1
DA:118,13
DA:120,13
DA:122,13
DA:123,12
DA:125,12
LF:30
LH:27
BRDA:33,1,0,14
BRDA:33,1,1,0
BRDA:45,2,0,14
BRDA:45,2,1,0
BRDA:54,3,0,0
BRDA:54,3,1,1
BRDA:56,4,0,0
BRDA:56,4,1,0
BRDA:70,5,0,1
BRDA:70,5,1,13
BRDA:79,6,0,1
BRDA:79,6,1,0
BRDA:92,7,0,1
BRDA:92,7,1,13
BRDA:104,8,0,1
BRDA:104,8,1,0
BRDA:122,9,0,12
BRDA:122,9,1,1
BRDA:125,10,0,12
BRDA:125,10,1,0
BRF:20
BRH:12
end_of_record
TN:
SF:/home/peter/Documents/Bodhi/asset_management_solidity_v1/contracts/controllers/PortfolioController.sol
FN:18,constructor
FN:60,sellTokens
FN:102,buyTokens
FN:151,_delegateSwap
FNF:4
FNH:4
FNDA:15,constructor
FNDA:1,sellTokens
FNDA:3,buyTokens
FNDA:28,_delegateSwap
DA:19,15
DA:61,1
DA:63,14
DA:64,14
DA:65,14
DA:66,0
DA:67,0
DA:68,0
DA:70,14
DA:103,3
DA:107,3
DA:108,3
DA:109,3
DA:110,31
DA:111,31
DA:112,31
DA:114,0
DA:116,0
DA:134,31
DA:147,3
DA:148,3
DA:161,28
DA:162,28
DA:173,28
DA:174,28
DA:180,14
LF:26
LH:21
BRDA:65,1,0,0
BRDA:65,1,1,14
BRDA:70,2,0,14
BRDA:70,2,1,0
BRDA:103,3,0,3
BRDA:103,3,1,0
BRDA:107,4,0,3
BRDA:107,4,1,0
BRDA:112,5,0,0
BRDA:112,5,1,31
BRDA:148,6,0,3
BRDA:148,6,1,0
BRF:12
BRH:6
end_of_record
TN:
SF:/home/peter/Documents/Bodhi/asset_management_solidity_v1/contracts/controllers/UniswapFlashController.sol
FN:21,constructor
FN:26,rebalance
FN:56,uniswapV2Call
FN:131,_pairSwap
FN:139,_rebalanceToken
FN:170,_settleFlashPair
FN:234,_getDiffValue
FNF:7
FNH:1
FNDA:6,constructor
FNDA:0,rebalance
FNDA:0,uniswapV2Call
FNDA:0,_pairSwap
FNDA:0,_rebalanceToken
FNDA:0,_settleFlashPair
FNDA:0,_getDiffValue
DA:22,6
DA:23,6
DA:29,0
DA:33,0
DA:34,0
DA:36,0
DA:37,0
DA:38,0
DA:39,0
DA:41,0
DA:42,0
DA:43,0
DA:44,0
DA:45,0
DA:49,0
DA:51,0
DA:52,0
DA:62,0
DA:63,0
DA:65,0
DA:66,0
DA:67,0
DA:68,0
DA:69,0
DA:70,0
DA:71,0
DA:72,0
DA:73,0
DA:74,0
DA:76,0
DA:79,0
DA:80,0
DA:81,0
DA:83,0
DA:86,0
DA:87,0
DA:90,0
DA:91,0
DA:93,0
DA:94,0
DA:95,0
DA:96,0
DA:97,0
DA:104,0
DA:113,0
DA:114,0
DA:122,0
DA:123,0
DA:124,0
DA:125,0
DA:126,0
DA:132,0
DA:133,0
DA:134,0
DA:145,0
DA:146,0
DA:147,0
DA:155,0
DA:160,0
DA:161,0
DA:162,0
DA:164,0
DA:165,0
DA:166,0
DA:178,0
DA:179,0
DA:181,0
DA:182,0
DA:183,0
DA:184,0
DA:185,0
DA:186,0
DA:188,0
DA:190,0
DA:191,0
DA:192,0
DA:195,0
DA:197,0
DA:198,0
DA:199,0
DA:200,0
DA:201,0
DA:202,0
DA:208,0
DA:210,0
DA:211,0
DA:212,0
DA:213,0
DA:214,0
DA:217,0
DA:220,0
DA:221,0
DA:222,0
DA:224,0
DA:225,0
DA:229,0
DA:231,0
DA:240,0
DA:241,0
DA:242,0
DA:244,0
LF:101
LH:2
BRDA:42,1,0,0
BRDA:42,1,1,0
BRDA:51,2,0,0
BRDA:51,2,1,0
BRDA:71,3,0,0
BRDA:71,3,1,0
BRDA:72,4,0,0
BRDA:72,4,1,0
BRDA:79,5,0,0
BRDA:79,5,1,0
BRDA:96,6,0,0
BRDA:96,6,1,0
BRDA:125,7,0,0
BRDA:125,7,1,0
BRDA:147,8,0,0
BRDA:147,8,1,0
BRDA:164,9,0,0
BRDA:164,9,1,0
BRDA:179,10,0,0
BRDA:179,10,1,0
BRDA:183,11,0,0
BRDA:183,11,1,0
BRDA:199,12,0,0
BRDA:199,12,1,0
BRDA:208,13,0,0
BRDA:208,13,1,0
BRDA:212,14,0,0
BRDA:212,14,1,0
BRDA:221,15,0,0
BRDA:221,15,1,0
BRDA:241,16,0,0
BRDA:241,16,1,0
BRF:32
BRH:0
end_of_record
TN:
SF:/home/peter/Documents/Bodhi/asset_management_solidity_v1/contracts/FlashPortfolio.sol
FN:29,constructor
FN:46,rebalance
FN:86,settlePortfolioTokens
FN:111,getTokenPercentages
FN:119,getTotalImbalance
FN:127,getTokenImbalances
FN:146,tokenValues
FN:158,tokenValue
FN:166,totalValue
FN:174,portfolioTokens
FN:178,getTokenBalances
FN:191,noApprovals
FNF:12
FNH:10
FNDA:3,constructor
FNDA:15,rebalance
FNDA:15,settlePortfolioTokens
FNDA:4,getTokenPercentages
FNDA:2,getTotalImbalance
FNDA:0,getTokenImbalances
FNDA:2,tokenValues
FNDA:0,tokenValue
FNDA:2,totalValue
FNDA:4,portfolioTokens
FNDA:3,getTokenBalances
FNDA:15,noApprovals
DA:32,3
DA:33,3
DA:34,3
DA:48,15
DA:49,0
DA:59,15
DA:62,15
DA:63,15
DA:69,15
DA:72,15
DA:74,15
DA:75,15
DA:77,15
DA:92,15
DA:93,0
DA:94,0
DA:95,0
DA:96,0
DA:99,15
DA:100,15
DA:101,15
DA:102,14
DA:104,1
DA:105,1
DA:106,1
DA:116,4
DA:120,2
DA:124,2
DA:132,0
DA:136,0
DA:137,0
DA:138,0
DA:143,0
DA:147,2
DA:151,2
DA:152,2
DA:153,28
DA:155,2
DA:159,0
DA:163,0
DA:167,2
DA:171,2
DA:175,4
DA:183,3
DA:184,3
DA:185,42
DA:192,15
DA:194,2
DA:195,0
LF:49
LH:36
BRDA:49,1,0,0
BRDA:49,1,1,0
BRDA:63,2,0,15
BRDA:63,2,1,0
BRDA:77,3,0,2
BRDA:77,3,1,13
BRDA:92,4,0,0
BRDA:92,4,1,15
BRDA:99,5,0,15
BRDA:99,5,1,0
BRDA:101,6,0,14
BRDA:101,6,1,1
BRDA:195,7,0,0
BRDA:195,7,1,0
BRF:14
BRH:7
end_of_record
TN:
SF:/home/peter/Documents/Bodhi/asset_management_solidity_v1/contracts/helpers/Multicall.sol
FN:19,aggregate
FN:43,getEthBalance
FNF:2
FNH:1
FNDA:16,aggregate
FNDA:0,getEthBalance
DA:23,16
DA:24,16
DA:28,133
DA:29,133
DA:34,133
DA:36,133
DA:37,0
DA:39,133
DA:44,0
LF:9
LH:7
BRDA:29,1,0,133
BRDA:29,1,1,0
BRDA:36,2,0,0
BRDA:36,2,1,133
BRF:4
BRH:2
end_of_record
TN:
SF:/home/peter/Documents/Bodhi/asset_management_solidity_v1/contracts/helpers/ReentrancyGuard.sol
FN:7,lock
FNF:1
FNH:1
FNDA:15,lock
DA:8,15
DA:9,15
DA:10,15
DA:11,2
LF:4
LH:4
BRDA:8,1,0,15
BRDA:8,1,1,0
BRF:2
BRH:1
end_of_record
TN:
SF:/home/peter/Documents/Bodhi/asset_management_solidity_v1/contracts/helpers/RevertDebug.sol
FN:12,_getRevertMsgFromRes
FN:25,_getPrefixedRevertMsg
FNF:2
FNH:0
FNDA:0,_getRevertMsgFromRes
FNDA:0,_getPrefixedRevertMsg
DA:18,0
DA:19,0
DA:30,0
DA:31,0
LF:4
LH:0
BRDA:18,1,0,0
BRDA:18,1,1,0
BRF:2
BRH:0
end_of_record
TN:
SF:/home/peter/Documents/Bodhi/asset_management_solidity_v1/contracts/interfaces/IOracle.sol
FNF:0
FNH:0
LF:0
LH:0
BRF:0
BRH:0
end_of_record
TN:
SF:/home/peter/Documents/Bodhi/asset_management_solidity_v1/contracts/interfaces/IPortfolio.sol
FNF:0
FNH:0
LF:0
LH:0
BRF:0
BRH:0
end_of_record
TN:
SF:/home/peter/Documents/Bodhi/asset_management_solidity_v1/contracts/interfaces/IPortfolioController.sol
FNF:0
FNH:0
LF:0
LH:0
BRF:0
BRH:0
end_of_record
TN:
SF:/home/peter/Documents/Bodhi/asset_management_solidity_v1/contracts/interfaces/IPortfolioRouter.sol
FNF:0
FNH:0
LF:0
LH:0
BRF:0
BRH:0
end_of_record
TN:
SF:/home/peter/Documents/Bodhi/asset_management_solidity_v1/contracts/interfaces/IWhitelist.sol
FNF:0
FNH:0
LF:0
LH:0
BRF:0
BRH:0
end_of_record
TN:
SF:/home/peter/Documents/Bodhi/asset_management_solidity_v1/contracts/libraries/Balances.sol
FN:23,snapshot
FN:40,snapshotWithPrices
FN:57,getTotalImbalance
FN:71,relativeImbalance
FN:81,getTokenImbalance
FN:97,expectedTokenValue
FN:106,tokenValue
FN:114,totalBalance
FNF:8
FNH:6
FNDA:36,snapshot
FNDA:0,snapshotWithPrices
FNDA:32,getTotalImbalance
FNDA:30,relativeImbalance
FNDA:252,getTokenImbalance
FNDA:252,expectedTokenValue
FNDA:280,tokenValue
FNDA:0,totalBalance
DA:28,36
DA:29,36
DA:30,36
DA:31,36
DA:32,504
DA:33,504
DA:35,504
DA:46,0
DA:47,0
DA:48,0
DA:49,0
DA:50,0
DA:52,0
DA:61,32
DA:62,18
DA:63,252
DA:76,30
DA:77,16
DA:86,252
DA:87,252
DA:89,252
DA:90,252
DA:91,252
DA:102,252
DA:111,280
DA:119,0
DA:120,0
LF:27
LH:19
BRDA:61,1,0,14
BRDA:61,1,1,18
BRDA:76,2,0,14
BRDA:76,2,1,16
BRDA:86,3,0,0
BRDA:86,3,1,252
BRDA:90,4,0,0
BRDA:90,4,1,252
BRF:8
BRH:6
end_of_record
TN:
SF:/home/peter/Documents/Bodhi/asset_management_solidity_v1/contracts/libraries/PortfolioLibrary.sol
FN:20,verifyStructure
FN:58,checkBalance
FN:82,imbalanceMagnitude
FN:103,getTokenValue
FN:121,getExpectedTokenValue
FN:131,getRange
FNF:6
FNH:5
FNDA:5,verifyStructure
FNDA:6,checkBalance
FNDA:0,imbalanceMagnitude
FNDA:146,getTokenValue
FNDA:113,getExpectedTokenValue
FNDA:85,getRange
DA:24,5
DA:28,4
DA:29,4
DA:30,22
DA:34,22
DA:39,21
DA:41,3
DA:63,6
DA:64,6
DA:65,6
DA:66,6
DA:67,58
DA:68,58
DA:69,58
DA:70,58
DA:71,0
DA:72,0
DA:74,58
DA:75,2
DA:76,2
DA:79,6
DA:86,0
DA:87,0
DA:88,0
DA:89,0
DA:90,0
DA:91,0
DA:92,0
DA:93,0
DA:94,0
DA:96,0
DA:97,0
DA:100,0
DA:108,146
DA:109,146
DA:110,7
DA:112,7
DA:114,132
DA:126,113
DA:132,85
LF:40
LH:26
BRDA:24,1,0,4
BRDA:24,1,1,1
BRDA:30,2,0,22
BRDA:30,2,1,0
BRDA:34,3,0,21
BRDA:34,3,1,1
BRDA:41,4,0,2
BRDA:41,4,1,1
BRDA:70,5,0,0
BRDA:70,5,1,58
BRDA:74,6,0,2
BRDA:74,6,1,56
BRDA:93,7,0,0
BRDA:93,7,1,0
BRDA:96,8,0,0
BRDA:96,8,1,0
BRDA:109,9,0,7
BRDA:109,9,1,139
BRDA:111,10,0,7
BRDA:111,10,1,132
BRF:20
BRH:14
end_of_record
TN:
SF:/home/peter/Documents/Bodhi/asset_management_solidity_v1/contracts/Portfolio.sol
FN:22,onlyApproved
FN:52,initialize
FN:80,rebalance
FN:104,deposit
FN:149,withdraw
FN:184,restructure
FN:201,finalizeStructure
FN:225,openPortfolio
FN:235,updateRebalanceThreshold
FN:246,updateSlippage
FN:257,updateTimelock
FN:264,oracle
FN:272,social
FN:279,rebalanceThreshold
FN:286,slippage
FN:293,timelock
FN:300,getPortfolioTokens
FN:308,getToken
FN:316,getTokenPercentage
FN:328,_rebalance
FN:351,_updateRebalanceThreshold
FN:366,_updateSlippage
FN:381,_updateTimelock
FN:390,_verifyBalance
FN:413,_setStructure
FN:428,_finalizeStructure
FN:457,_approveTokens
FNF:27
FNH:19
FNDA:12,onlyApproved
FNDA:2,initialize
FNDA:3,rebalance
FNDA:5,deposit
FNDA:3,withdraw
FNDA:3,restructure
FNDA:3,finalizeStructure
FNDA:0,openPortfolio
FNDA:0,updateRebalanceThreshold
FNDA:0,updateSlippage
FNDA:0,updateTimelock
FNDA:152,oracle
FNDA:0,social
FNDA:33,rebalanceThreshold
FNDA:0,slippage
FNDA:0,timelock
FNDA:16,getPortfolioTokens
FNDA:0,getToken
FNDA:114,getTokenPercentage
FNDA:1,_rebalance
FNDA:2,_updateRebalanceThreshold
FNDA:2,_updateSlippage
FNDA:2,_updateTimelock
FNDA:5,_verifyBalance
FNDA:2,_setStructure
FNDA:3,_finalizeStructure
FNDA:8,_approveTokens
DA:23,12
DA:24,11
DA:25,11
DA:53,2
DA:54,2
DA:56,2
DA:57,2
DA:58,2
DA:59,2
DA:60,2
DA:62,2
DA:63,2
DA:64,1
DA:65,1
DA:68,1
DA:81,3
DA:85,2
DA:86,2
DA:87,1
DA:88,1
DA:89,1
DA:90,1
DA:91,1
DA:105,5
DA:109,4
DA:113,3
DA:118,2
DA:119,2
DA:120,2
DA:122,2
DA:125,0
DA:128,2
DA:129,2
DA:131,2
DA:132,2
DA:133,2
DA:134,2
DA:135,2
DA:136,2
DA:150,3
DA:151,2
DA:153,2
DA:154,0
DA:155,0
DA:156,0
DA:157,0
DA:158,0
DA:161,2
DA:162,1
DA:163,1
DA:165,14
DA:166,14
DA:167,14
DA:169,14
DA:171,1
DA:186,3
DA:187,1
DA:188,1
DA:189,1
DA:208,3
DA:212,3
DA:216,3
DA:217,1
DA:218,1
DA:226,0
DA:236,0
DA:247,0
DA:258,0
DA:265,152
DA:273,0
DA:280,33
DA:287,0
DA:294,0
DA:301,16
DA:309,0
DA:317,114
DA:333,1
DA:335,1
DA:336,1
DA:337,1
DA:341,1
DA:342,1
DA:352,2
DA:356,2
DA:367,2
DA:371,2
DA:382,2
DA:391,5
DA:392,5
DA:393,5
DA:394,57
DA:395,57
DA:396,57
DA:397,0
DA:398,0
DA:400,57
DA:401,1
DA:402,1
DA:405,5
DA:414,2
DA:415,17
DA:417,2
DA:435,3
DA:436,2
DA:437,1
DA:439,1
DA:441,1
DA:442,14
DA:444,1
DA:446,1
DA:448,1
DA:458,8
DA:459,112
DA:468,14
LF:114
LH:98
BRDA:23,1,0,11
BRDA:23,1,1,1
BRDA:24,2,0,11
BRDA:24,2,1,0
BRDA:62,3,0,2
BRDA:62,3,1,0
BRDA:81,4,0,2
BRDA:81,4,1,1
BRDA:86,5,0,1
BRDA:86,5,1,1
BRDA:105,6,0,4
BRDA:105,6,1,1
BRDA:109,7,0,3
BRDA:109,7,1,1
BRDA:113,8,0,2
BRDA:113,8,1,1
BRDA:122,9,0,0
BRDA:122,9,1,2
BRDA:132,10,0,2
BRDA:132,10,1,0
BRDA:150,11,0,2
BRDA:150,11,1,1
BRDA:153,12,0,0
BRDA:153,12,1,2
BRDA:155,13,0,0
BRDA:155,13,1,0
BRDA:208,14,0,3
BRDA:208,14,1,0
BRDA:212,15,0,3
BRDA:212,15,1,0
BRDA:336,16,0,1
BRDA:336,16,1,0
BRDA:337,17,0,1
BRDA:337,17,1,0
BRDA:352,18,0,2
BRDA:352,18,1,0
BRDA:367,19,0,2
BRDA:367,19,1,0
BRDA:396,20,0,0
BRDA:396,20,1,57
BRDA:400,21,0,1
BRDA:400,21,1,56
BRDA:435,22,0,2
BRDA:435,22,1,1
BRDA:436,23,0,1
BRDA:436,23,1,1
BRF:46
BRH:32
end_of_record
TN:
SF:/home/peter/Documents/Bodhi/asset_management_solidity_v1/contracts/PortfolioOwnable.sol
FN:25,owner
FN:32,onlyOwner
FN:44,renounceOwnership
FN:53,transferOwnership
FN:59,_initOwner
FNF:5
FNH:3
FNDA:5,owner
FNDA:4,onlyOwner
FNDA:0,renounceOwnership
FNDA:0,transferOwnership
FNDA:2,_initOwner
DA:26,5
DA:33,4
DA:34,3
DA:45,0
DA:46,0
DA:54,0
DA:55,0
DA:56,0
DA:60,2
DA:61,2
LF:10
LH:5
BRDA:33,1,0,3
BRDA:33,1,1,1
BRDA:54,2,0,0
BRDA:54,2,1,0
BRF:4
BRH:2
end_of_record
TN:
SF:/home/peter/Documents/Bodhi/asset_management_solidity_v1/contracts/PortfolioProxyFactory.sol
FN:22,constructor
FN:36,onlyAdmin
FN:41,createPortfolio
FN:70,updateImplementation
FN:76,updateOracle
FN:81,updateWhitelist
FN:90,changeAdmin
FN:101,getProxyImplementation
FN:116,getProxyAdmin
FN:131,changeProxyAdmin
FN:142,upgrade
FN:157,upgradeAndCall
FNF:12
FNH:2
FNDA:6,constructor
FNDA:0,onlyAdmin
FNDA:2,createPortfolio
FNDA:0,updateImplementation
FNDA:0,updateOracle
FNDA:0,updateWhitelist
FNDA:0,changeAdmin
FNDA:0,getProxyImplementation
FNDA:0,getProxyAdmin
FNDA:0,changeProxyAdmin
FNDA:0,upgrade
FNDA:0,upgradeAndCall
DA:27,6
DA:28,6
DA:29,6
DA:30,6
DA:31,6
DA:32,6
DA:33,6
DA:37,0
DA:38,0
DA:50,2
DA:67,1
DA:71,0
DA:72,0
DA:73,0
DA:77,0
DA:78,0
DA:82,0
DA:83,0
DA:91,0
DA:104,0
DA:105,0
DA:106,0
DA:119,0
DA:120,0
DA:121,0
DA:132,0
DA:143,0
DA:158,0
LF:28
LH:9
BRDA:37,1,0,0
BRDA:37,1,1,0
BRDA:105,2,0,0
BRDA:105,2,1,0
BRDA:120,3,0,0
BRDA:120,3,1,0
BRF:6
BRH:0
end_of_record
TN:
SF:/home/peter/Documents/Bodhi/asset_management_solidity_v1/contracts/PortfolioProxyInitializer.sol
FN:23,constructor
FN:27,initialize
FNF:2
FNH:0
FNDA:0,constructor
FNDA:0,initialize
DA:24,0
DA:39,0
DA:40,0
LF:3
LH:0
BRDA:39,1,0,0
BRDA:39,1,1,0
BRF:2
BRH:0
end_of_record
TN:
SF:/home/peter/Documents/Bodhi/asset_management_solidity_v1/contracts/PortfolioStorage.sol
FNF:0
FNH:0
LF:0
LH:0
BRF:0
BRH:0
end_of_record
TN:
SF:/home/peter/Documents/Bodhi/asset_management_solidity_v1/contracts/PortfolioToken.sol
FN:15,name
FN:23,symbol
FN:40,decimals
FN:47,totalSupply
FN:54,balanceOf
FN:66,transfer
FN:74,allowance
FN:85,approve
FN:103,transferFrom
FN:113,_initToken
FN:133,_transfer
FN:151,_mint
FN:170,_burn
FN:191,_approve
FNF:14
FNH:4
FNDA:0,name
FNDA:0,symbol
FNDA:0,decimals
FNDA:0,totalSupply
FNDA:2,balanceOf
FNDA:0,transfer
FNDA:0,allowance
FNDA:0,approve
FNDA:0,transferFrom
FNDA:2,_initToken
FNDA:0,_transfer
FNDA:2,_mint
FNDA:2,_burn
FNDA:0,_approve
DA:16,0
DA:24,0
DA:41,0
DA:48,0
DA:55,2
DA:67,0
DA:68,0
DA:75,0
DA:86,0
DA:87,0
DA:104,0
DA:105,0
DA:110,0
DA:115,2
DA:116,2
DA:134,0
DA:135,0
DA:137,0
DA:138,0
DA:139,0
DA:152,2
DA:154,2
DA:155,2
DA:156,2
DA:171,2
DA:173,2
DA:174,1
DA:175,1
DA:192,0
DA:193,0
DA:195,0
DA:196,0
LF:32
LH:11
BRDA:134,1,0,0
BRDA:134,1,1,0
BRDA:135,2,0,0
BRDA:135,2,1,0
BRDA:152,3,0,2
BRDA:152,3,1,0
BRDA:171,4,0,2
BRDA:171,4,1,0
BRDA:192,5,0,0
BRDA:192,5,1,0
BRDA:193,6,0,0
BRDA:193,6,1,0
BRF:12
BRH:2
end_of_record
TN:
SF:/home/peter/Documents/Bodhi/asset_management_solidity_v1/contracts/routers/PortfolioRouter.sol
FN:13,constructor
FN:18,onlyApproved
FN:23,getPackage
FNF:3
FNH:2
FNDA:9,constructor
FNDA:0,onlyApproved
FNDA:28,getPackage
DA:14,9
DA:15,9
DA:19,0
DA:20,0
DA:24,28
LF:5
LH:3
BRDA:19,1,0,0
BRDA:19,1,1,0
BRF:2
BRH:0
end_of_record
TN:
SF:/home/peter/Documents/Bodhi/asset_management_solidity_v1/contracts/routers/UniswapRouter.sol
FN:19,constructor
FN:24,spotPrice
FN:29,swapPrice
FN:36,swap
FN:78,_pairSwap
FNF:5
FNH:4
FNDA:9,constructor
FNDA:1,spotPrice
FNDA:0,swapPrice
FNDA:195,swap
FNDA:195,_pairSwap
DA:20,9
DA:21,9
DA:25,1
DA:26,1
DA:30,0
DA:31,0
DA:32,0
DA:33,0
DA:46,195
DA:49,195
DA:50,195
DA:51,195
DA:53,167
DA:54,167
DA:55,167
DA:56,167
DA:58,28
DA:59,28
DA:60,28
DA:61,28
DA:66,195
DA:67,195
DA:68,195
DA:69,14
DA:70,14
DA:71,14
DA:73,181
DA:75,195
DA:79,195
DA:80,195
DA:81,195
DA:87,0
LF:32
LH:27
BRDA:46,1,0,195
BRDA:46,1,1,0
BRDA:51,2,0,167
BRDA:51,2,1,28
BRDA:58,3,0,28
BRDA:58,3,1,0
BRDA:67,4,0,195
BRDA:67,4,1,0
BRDA:68,5,0,14
BRDA:68,5,1,181
BRF:10
BRH:7
end_of_record
TN:
SF:/home/peter/Documents/Bodhi/asset_management_solidity_v1/contracts/test/LibraryWrapper.sol
FN:13,constructor
FN:18,isBalanced
FN:23,isRebalanceNeeded
FN:32,getPortfolioValue
FN:37,getTokenValue
FN:45,getExpectedTokenValue
FNF:6
FNH:4
FNDA:3,constructor
FNDA:6,isBalanced
FNDA:0,isRebalanceNeeded
FNDA:7,getPortfolioValue
FNDA:146,getTokenValue
FNDA:0,getExpectedTokenValue
DA:14,3
DA:15,3
DA:19,6
DA:24,0
DA:29,0
DA:33,7
DA:34,7
DA:42,146
DA:49,0
LF:9
LH:6
BRF:0
BRH:0
end_of_record
TN:
SF:/home/peter/Documents/Bodhi/asset_management_solidity_v1/contracts/test/TestOracle.sol
FN:16,constructor
FN:21,estimateTotal
FN:51,consult
FNF:3
FNH:3
FNDA:9,constructor
FNDA:20,estimateTotal
FNDA:911,consult
DA:17,9
DA:18,9
DA:28,20
DA:29,20
DA:30,20
DA:31,247
DA:32,247
DA:33,0
DA:35,0
DA:37,247
DA:38,247
DA:39,233
DA:41,14
DA:45,247
DA:46,247
DA:48,20
DA:52,911
DA:53,911
DA:54,624
DA:56,287
LF:20
LH:18
BRDA:32,1,0,0
BRDA:32,1,1,247
BRDA:34,2,0,0
BRDA:34,2,1,247
BRDA:38,3,0,233
BRDA:38,3,1,14
BRDA:53,4,0,624
BRDA:53,4,1,287
BRF:8
BRH:6
end_of_record
TN:
SF:/home/peter/Documents/Bodhi/asset_management_solidity_v1/contracts/test/TestWhitelist.sol
FN:10,approve
FN:14,revoke
FN:18,approved
FNF:3
FNH:2
FNDA:5,approve
FNDA:0,revoke
FNDA:12,approved
DA:11,5
DA:15,0
DA:19,12
LF:3
LH:2
BRF:0
BRH:0
end_of_record
